2025-01-18 13:43:45.004 [info] [main] Log level: Info
2025-01-18 13:43:45.004 [info] [main] Validating found git in: "git"
2025-01-18 13:43:45.004 [info] [main] Using git "2.48.1" from "git"
2025-01-18 13:43:45.004 [info] [Model][doInitialScan] Initial repository scan started
2025-01-18 13:43:45.004 [info] > git rev-parse --show-toplevel [14ms]
2025-01-18 13:43:45.004 [info] > git rev-parse --git-dir --git-common-dir [4ms]
2025-01-18 13:43:45.004 [info] [Model][openRepository] Opened repository: /home/vadim/Edu/polygon
2025-01-18 13:43:45.022 [info] > git rev-parse --show-toplevel [6ms]
2025-01-18 13:43:45.023 [info] > git config --get commit.template [12ms]
2025-01-18 13:43:45.041 [info] > git for-each-ref --format=%(refname)%00%(upstream:short)%00%(objectname)%00%(upstream:track)%00%(upstream:remotename)%00%(upstream:remoteref) refs/heads/3112_Tiganov_Vadim refs/remotes/3112_Tiganov_Vadim [4ms]
2025-01-18 13:43:45.054 [info] > git rev-parse --show-toplevel [3ms]
2025-01-18 13:43:45.074 [info] > git status -z -uall [13ms]
2025-01-18 13:43:45.077 [info] > git rev-parse --show-toplevel [4ms]
2025-01-18 13:43:45.078 [info] > git for-each-ref --sort -committerdate --format %(refname) %(objectname) %(*objectname) [10ms]
2025-01-18 13:43:45.106 [info] > git for-each-ref --format=%(refname)%00%(upstream:short)%00%(objectname)%00%(upstream:track)%00%(upstream:remotename)%00%(upstream:remoteref) refs/heads/3112_Tiganov_Vadim refs/remotes/3112_Tiganov_Vadim [15ms]
2025-01-18 13:43:45.116 [info] > git config --get commit.template [10ms]
2025-01-18 13:43:45.116 [info] > git rev-parse --show-toplevel [16ms]
2025-01-18 13:43:45.124 [info] > git config --local branch.3112_Tiganov_Vadim.vscode-merge-base [10ms]
2025-01-18 13:43:45.138 [info] > git rev-parse --show-toplevel [16ms]
2025-01-18 13:43:45.152 [info] > git for-each-ref --format=%(refname)%00%(upstream:short)%00%(objectname)%00%(upstream:track)%00%(upstream:remotename)%00%(upstream:remoteref) refs/heads/3112_Tiganov_Vadim refs/remotes/3112_Tiganov_Vadim [15ms]
2025-01-18 13:43:45.153 [info] > git for-each-ref --format=%(refname)%00%(upstream:short)%00%(objectname)%00%(upstream:track)%00%(upstream:remotename)%00%(upstream:remoteref) refs/heads/origin/3112_Tiganov_Vadim refs/remotes/origin/3112_Tiganov_Vadim [22ms]
2025-01-18 13:43:45.175 [info] > git merge-base refs/heads/3112_Tiganov_Vadim refs/remotes/origin/3112_Tiganov_Vadim [16ms]
2025-01-18 13:43:45.183 [info] > git rev-parse --show-toplevel [38ms]
2025-01-18 13:43:45.192 [info] > git diff --name-status -z --diff-filter=ADMR 647ca5f6f8687982e095cb6cd29a2b05fb81a63c...refs/remotes/origin/3112_Tiganov_Vadim [9ms]
2025-01-18 13:43:45.193 [info] > git rev-parse --show-toplevel [2ms]
2025-01-18 13:43:45.280 [info] > git status -z -uall [72ms]
2025-01-18 13:43:45.280 [info] > git rev-parse --show-toplevel [53ms]
2025-01-18 13:43:45.281 [info] > git for-each-ref --sort -committerdate --format %(refname) %(objectname) %(*objectname) [61ms]
2025-01-18 13:43:45.310 [info] > git rev-parse --show-toplevel [5ms]
2025-01-18 13:43:45.319 [info] > git rev-parse --show-toplevel [0ms]
2025-01-18 13:43:45.336 [info] > git rev-parse --show-toplevel [3ms]
2025-01-18 13:43:45.346 [info] > git rev-parse --show-toplevel [1ms]
2025-01-18 13:43:45.347 [info] [Model][doInitialScan] Initial repository scan completed - repositories (1), closed repositories (0), parent repositories (0), unsafe repositories (0)
2025-01-18 13:43:45.534 [info] > git show --textconv :lab8/tests/graph_algorithms.cpp [30ms]
2025-01-18 13:43:45.534 [info] > git ls-files --stage -- /home/vadim/Edu/polygon/lab8/tests/graph_algorithms.cpp [6ms]
2025-01-18 13:43:45.574 [info] > git check-ignore -v -z --stdin [7ms]
2025-01-18 13:43:45.577 [info] > git cat-file -s ad09e4f85618415ad3d7f0563b6f11a0e7832365 [33ms]
2025-01-18 13:43:45.578 [info] > git fetch [578ms]
2025-01-18 13:43:45.608 [info] > git config --get commit.template [6ms]
2025-01-18 13:43:45.621 [info] > git for-each-ref --format=%(refname)%00%(upstream:short)%00%(objectname)%00%(upstream:track)%00%(upstream:remotename)%00%(upstream:remoteref) refs/heads/3112_Tiganov_Vadim refs/remotes/3112_Tiganov_Vadim [3ms]
2025-01-18 13:43:45.645 [info] > git status -z -uall [14ms]
2025-01-18 13:43:45.645 [info] > git for-each-ref --sort -committerdate --format %(refname) %(objectname) %(*objectname) [3ms]
2025-01-18 13:43:45.745 [info] > git blame --root --incremental 647ca5f6f8687982e095cb6cd29a2b05fb81a63c -- /home/vadim/Edu/polygon/lab8/tests/graph_algorithms.cpp [6ms]
2025-01-18 13:43:46.702 [info] > git config --get commit.template [4ms]
2025-01-18 13:43:46.712 [info] > git for-each-ref --format=%(refname)%00%(upstream:short)%00%(objectname)%00%(upstream:track)%00%(upstream:remotename)%00%(upstream:remoteref) refs/heads/3112_Tiganov_Vadim refs/remotes/3112_Tiganov_Vadim [2ms]
2025-01-18 13:43:46.727 [info] > git status -z -uall [7ms]
2025-01-18 13:43:46.728 [info] > git for-each-ref --sort -committerdate --format %(refname) %(objectname) %(*objectname) [2ms]
2025-01-18 13:43:46.799 [info] > git ls-files --stage -- /home/vadim/Edu/polygon/lab8/tests/graph_algorithms.cpp [3ms]
2025-01-18 13:43:46.811 [info] > git cat-file -s ad09e4f85618415ad3d7f0563b6f11a0e7832365 [4ms]
2025-01-18 13:43:46.830 [info] > git show --textconv :lab8/tests/graph_algorithms.cpp [2ms]
