2025-01-23 16:07:33.639 [info] [main] Log level: Info
2025-01-23 16:07:33.639 [info] [main] Validating found git in: "git"
2025-01-23 16:07:33.639 [info] [main] Using git "2.48.1" from "git"
2025-01-23 16:07:33.639 [info] [Model][doInitialScan] Initial repository scan started
2025-01-23 16:07:33.639 [info] > git rev-parse --show-toplevel [10ms]
2025-01-23 16:07:33.639 [info] > git rev-parse --git-dir --git-common-dir [14ms]
2025-01-23 16:07:33.639 [info] [Model][openRepository] Opened repository: /home/vadim/kde-config
2025-01-23 16:07:33.641 [info] > git config --get commit.template [4ms]
2025-01-23 16:07:33.662 [info] > git for-each-ref --format=%(refname)%00%(upstream:short)%00%(objectname)%00%(upstream:track)%00%(upstream:remotename)%00%(upstream:remoteref) refs/heads/main refs/remotes/main [7ms]
2025-01-23 16:07:33.672 [warning] [Git][revParse] Unable to read file: ENOENT: no such file or directory, open '/home/vadim/kde-config/.git/refs/remotes/origin/main'
2025-01-23 16:07:33.677 [info] > git rev-parse refs/remotes/origin/main [5ms]
2025-01-23 16:07:33.764 [info] > git for-each-ref --sort -committerdate --format %(refname) %(objectname) %(*objectname) [61ms]
2025-01-23 16:07:33.798 [info] > git rev-parse --show-toplevel [51ms]
2025-01-23 16:07:33.824 [info] > git rev-parse --show-toplevel [6ms]
2025-01-23 16:07:33.837 [info] > git rev-parse --show-toplevel [4ms]
2025-01-23 16:07:33.848 [info] > git rev-parse --show-toplevel [4ms]
2025-01-23 16:07:33.860 [info] > git rev-parse --show-toplevel [2ms]
2025-01-23 16:07:33.872 [info] > git rev-parse --show-toplevel [3ms]
2025-01-23 16:07:33.880 [info] > git rev-parse --show-toplevel [1ms]
2025-01-23 16:07:33.889 [info] > git rev-parse --show-toplevel [2ms]
2025-01-23 16:07:33.900 [info] > git rev-parse --show-toplevel [2ms]
2025-01-23 16:07:33.908 [info] > git rev-parse --show-toplevel [2ms]
2025-01-23 16:07:33.915 [info] > git rev-parse --show-toplevel [1ms]
2025-01-23 16:07:33.953 [info] > git rev-parse --show-toplevel [30ms]
2025-01-23 16:07:33.961 [info] > git rev-parse --show-toplevel [1ms]
2025-01-23 16:07:33.962 [info] [Model][doInitialScan] Initial repository scan completed - repositories (1), closed repositories (0), parent repositories (0), unsafe repositories (0)
2025-01-23 16:07:34.060 [info] > git status -z -uall [370ms]
2025-01-23 16:07:34.088 [info] > git for-each-ref --format=%(refname)%00%(upstream:short)%00%(objectname)%00%(upstream:track)%00%(upstream:remotename)%00%(upstream:remoteref) refs/heads/main refs/remotes/main [13ms]
2025-01-23 16:07:34.095 [info] > git config --local branch.main.vscode-merge-base [2ms]
2025-01-23 16:07:34.095 [warning] [Git][config] git config failed: Failed to execute git
2025-01-23 16:07:34.102 [info] > git config --get commit.template [18ms]
2025-01-23 16:07:34.144 [info] > git reflog main --grep-reflog=branch: Created from *. [42ms]
2025-01-23 16:07:34.149 [info] > git fetch [541ms]
2025-01-23 16:07:34.160 [info] > git symbolic-ref --short refs/remotes/origin/HEAD [11ms]
2025-01-23 16:07:34.165 [info] > git for-each-ref --format=%(refname)%00%(upstream:short)%00%(objectname)%00%(upstream:track)%00%(upstream:remotename)%00%(upstream:remoteref) refs/heads/main refs/remotes/main [22ms]
2025-01-23 16:07:34.171 [warning] [Git][revParse] Unable to read file: ENOENT: no such file or directory, open '/home/vadim/kde-config/.git/refs/remotes/origin/main'
2025-01-23 16:07:34.172 [info] > git for-each-ref --format=%(refname)%00%(upstream:short)%00%(objectname)%00%(upstream:track)%00%(upstream:remotename)%00%(upstream:remoteref) refs/heads/origin/main refs/remotes/origin/main [8ms]
2025-01-23 16:07:34.177 [info] > git config --get commit.template [18ms]
2025-01-23 16:07:34.180 [info] > git config --local branch.main.vscode-merge-base origin/main [3ms]
2025-01-23 16:07:34.181 [info] > git rev-parse refs/remotes/origin/main [11ms]
2025-01-23 16:07:34.199 [info] > git for-each-ref --format=%(refname)%00%(upstream:short)%00%(objectname)%00%(upstream:track)%00%(upstream:remotename)%00%(upstream:remoteref) refs/heads/main refs/remotes/main [13ms]
2025-01-23 16:07:34.209 [info] > git config --local branch.main.vscode-merge-base [4ms]
2025-01-23 16:07:34.215 [info] > git config --get commit.template [15ms]
2025-01-23 16:07:34.215 [info] > git for-each-ref --format=%(refname)%00%(upstream:short)%00%(objectname)%00%(upstream:track)%00%(upstream:remotename)%00%(upstream:remoteref) refs/heads/main refs/remotes/main [22ms]
2025-01-23 16:07:34.228 [warning] [Git][revParse] Unable to read file: ENOENT: no such file or directory, open '/home/vadim/kde-config/.git/refs/remotes/origin/main'
2025-01-23 16:07:34.229 [info] > git check-ignore -v -z --stdin [8ms]
2025-01-23 16:07:34.230 [info] > git for-each-ref --format=%(refname)%00%(upstream:short)%00%(objectname)%00%(upstream:track)%00%(upstream:remotename)%00%(upstream:remoteref) refs/heads/origin/main refs/remotes/origin/main [16ms]
2025-01-23 16:07:34.268 [info] > git merge-base refs/heads/main refs/remotes/origin/main [32ms]
2025-01-23 16:07:34.274 [info] > git rev-parse refs/remotes/origin/main [46ms]
2025-01-23 16:07:34.283 [info] > git merge-base refs/heads/main refs/remotes/origin/main [3ms]
2025-01-23 16:07:34.289 [info] > git diff --name-status -z --diff-filter=ADMR 6d4806dcc711c803fb1e0ec87c877e14b60fd927...refs/remotes/origin/main [15ms]
2025-01-23 16:07:34.290 [info] > git for-each-ref --format=%(refname)%00%(upstream:short)%00%(objectname)%00%(upstream:track)%00%(upstream:remotename)%00%(upstream:remoteref) refs/heads/main refs/remotes/main [28ms]
2025-01-23 16:07:34.340 [warning] [Git][revParse] Unable to read file: ENOENT: no such file or directory, open '/home/vadim/kde-config/.git/refs/remotes/origin/main'
2025-01-23 16:07:34.345 [info] > git diff --name-status -z --diff-filter=ADMR 6d4806dcc711c803fb1e0ec87c877e14b60fd927...refs/remotes/origin/main [56ms]
2025-01-23 16:07:34.348 [info] > git rev-parse refs/remotes/origin/main [8ms]
2025-01-23 16:07:34.371 [info] > git for-each-ref --sort -committerdate --format %(refname) %(objectname) %(*objectname) [12ms]
2025-01-23 16:07:34.668 [info] > git status -z -uall [316ms]
