2025-01-17 01:17:32.791 [info] [main] Log level: Info
2025-01-17 01:17:32.791 [info] [main] Validating found git in: "git"
2025-01-17 01:17:32.791 [info] [main] Using git "2.48.1" from "git"
2025-01-17 01:17:32.791 [info] [Model][doInitialScan] Initial repository scan started
2025-01-17 01:17:32.791 [info] > git rev-parse --show-toplevel [11ms]
2025-01-17 01:17:32.791 [info] > git rev-parse --git-dir --git-common-dir [48ms]
2025-01-17 01:17:32.791 [info] [Model][openRepository] Opened repository: /home/vadim/Edu/polygon
2025-01-17 01:17:32.793 [info] > git rev-parse --show-toplevel [5ms]
2025-01-17 01:17:32.794 [info] > git config --get commit.template [14ms]
2025-01-17 01:17:32.805 [info] > git for-each-ref --format=%(refname)%00%(upstream:short)%00%(objectname)%00%(upstream:track)%00%(upstream:remotename)%00%(upstream:remoteref) refs/heads/3112_Tiganov_Vadim refs/remotes/3112_Tiganov_Vadim [3ms]
2025-01-17 01:17:32.848 [info] > git status -z -uall [15ms]
2025-01-17 01:17:32.849 [info] > git rev-parse --show-toplevel [32ms]
2025-01-17 01:17:32.864 [info] > git for-each-ref --sort -committerdate --format %(refname) %(objectname) %(*objectname) [16ms]
2025-01-17 01:17:32.903 [info] > git for-each-ref --format=%(refname)%00%(upstream:short)%00%(objectname)%00%(upstream:track)%00%(upstream:remotename)%00%(upstream:remoteref) refs/heads/3112_Tiganov_Vadim refs/remotes/3112_Tiganov_Vadim [18ms]
2025-01-17 01:17:32.911 [info] > git rev-parse --show-toplevel [49ms]
2025-01-17 01:17:32.923 [info] > git config --local branch.3112_Tiganov_Vadim.vscode-merge-base [12ms]
2025-01-17 01:17:32.931 [info] > git config --get commit.template [30ms]
2025-01-17 01:17:32.934 [info] > git rev-parse --show-toplevel [10ms]
2025-01-17 01:17:32.950 [info] > git for-each-ref --format=%(refname)%00%(upstream:short)%00%(objectname)%00%(upstream:track)%00%(upstream:remotename)%00%(upstream:remoteref) refs/heads/origin/3112_Tiganov_Vadim refs/remotes/origin/3112_Tiganov_Vadim [19ms]
2025-01-17 01:17:32.970 [info] > git merge-base refs/heads/3112_Tiganov_Vadim refs/remotes/origin/3112_Tiganov_Vadim [14ms]
2025-01-17 01:17:32.977 [info] > git rev-parse --show-toplevel [28ms]
2025-01-17 01:17:32.978 [info] > git for-each-ref --format=%(refname)%00%(upstream:short)%00%(objectname)%00%(upstream:track)%00%(upstream:remotename)%00%(upstream:remoteref) refs/heads/3112_Tiganov_Vadim refs/remotes/3112_Tiganov_Vadim [36ms]
2025-01-17 01:17:33.038 [info] > git diff --name-status -z --diff-filter=ADMR 647ca5f6f8687982e095cb6cd29a2b05fb81a63c...refs/remotes/origin/3112_Tiganov_Vadim [61ms]
2025-01-17 01:17:33.049 [info] > git rev-parse --show-toplevel [19ms]
2025-01-17 01:17:33.073 [info] > git status -z -uall [10ms]
2025-01-17 01:17:33.074 [info] > git rev-parse --show-toplevel [18ms]
2025-01-17 01:17:33.087 [info] > git for-each-ref --sort -committerdate --format %(refname) %(objectname) %(*objectname) [15ms]
2025-01-17 01:17:33.092 [info] > git rev-parse --show-toplevel [6ms]
2025-01-17 01:17:33.105 [info] > git rev-parse --show-toplevel [5ms]
2025-01-17 01:17:33.133 [info] > git rev-parse --show-toplevel [18ms]
2025-01-17 01:17:33.141 [info] > git rev-parse --show-toplevel [0ms]
2025-01-17 01:17:33.155 [info] > git rev-parse --show-toplevel [1ms]
2025-01-17 01:17:33.156 [info] [Model][doInitialScan] Initial repository scan completed - repositories (1), closed repositories (0), parent repositories (0), unsafe repositories (0)
2025-01-17 01:17:33.173 [info] > git show --textconv :lab8/tests/test_graph.cpp [10ms]
2025-01-17 01:17:33.180 [info] > git ls-files --stage -- /home/vadim/Edu/polygon/lab8/tests/test_graph.cpp [8ms]
2025-01-17 01:17:33.198 [info] > git cat-file -s 6fe3db324eacfca153c71fe313638d8de6056659 [5ms]
2025-01-17 01:17:33.217 [info] > git fetch [465ms]
2025-01-17 01:17:33.228 [info] > git config --get commit.template [0ms]
2025-01-17 01:17:33.236 [info] > git for-each-ref --format=%(refname)%00%(upstream:short)%00%(objectname)%00%(upstream:track)%00%(upstream:remotename)%00%(upstream:remoteref) refs/heads/3112_Tiganov_Vadim refs/remotes/3112_Tiganov_Vadim [1ms]
2025-01-17 01:17:33.266 [info] > git status -z -uall [22ms]
2025-01-17 01:17:33.268 [info] > git for-each-ref --sort -committerdate --format %(refname) %(objectname) %(*objectname) [4ms]
2025-01-17 01:17:33.309 [info] > git check-ignore -v -z --stdin [12ms]
2025-01-17 01:17:33.313 [info] > git blame --root --incremental 647ca5f6f8687982e095cb6cd29a2b05fb81a63c -- /home/vadim/Edu/polygon/lab8/tests/test_graph.cpp [5ms]
2025-01-17 01:17:34.425 [info] > git config --get commit.template [11ms]
2025-01-17 01:17:34.427 [info] > git for-each-ref --format=%(refname)%00%(upstream:short)%00%(objectname)%00%(upstream:track)%00%(upstream:remotename)%00%(upstream:remoteref) refs/heads/3112_Tiganov_Vadim refs/remotes/3112_Tiganov_Vadim [4ms]
2025-01-17 01:17:34.448 [info] > git status -z -uall [9ms]
2025-01-17 01:17:34.449 [info] > git for-each-ref --sort -committerdate --format %(refname) %(objectname) %(*objectname) [2ms]
2025-01-17 01:17:34.522 [info] > git ls-files --stage -- /home/vadim/Edu/polygon/lab8/tests/test_graph.cpp [2ms]
2025-01-17 01:17:34.531 [info] > git cat-file -s 6fe3db324eacfca153c71fe313638d8de6056659 [2ms]
2025-01-17 01:17:34.542 [info] > git show --textconv :lab8/tests/test_graph.cpp [3ms]
2025-01-17 01:17:35.154 [info] > git show --textconv :lab8/tests/graph_algorithms.cpp [10ms]
2025-01-17 01:17:35.155 [info] > git ls-files --stage -- /home/vadim/Edu/polygon/lab8/tests/graph_algorithms.cpp [2ms]
2025-01-17 01:17:35.166 [info] > git cat-file -s ad09e4f85618415ad3d7f0563b6f11a0e7832365 [2ms]
2025-01-17 01:17:35.194 [info] > git blame --root --incremental 647ca5f6f8687982e095cb6cd29a2b05fb81a63c -- /home/vadim/Edu/polygon/lab8/tests/graph_algorithms.cpp [3ms]
2025-01-17 01:17:36.199 [info] > git show --textconv :lab8/tests/graph_algorithms.h [1ms]
2025-01-17 01:17:36.214 [info] > git ls-files --stage -- /home/vadim/Edu/polygon/lab8/tests/graph_algorithms.h [4ms]
2025-01-17 01:17:36.223 [info] > git cat-file -s d3617a08e8cc5fcbd8519fc037dee828407d4f64 [3ms]
2025-01-17 01:17:46.198 [info] [main] Log level: Info
2025-01-17 01:17:46.198 [info] [main] Validating found git in: "git"
2025-01-17 01:17:46.198 [info] [main] Using git "2.48.1" from "git"
2025-01-17 01:17:46.198 [info] [Model][doInitialScan] Initial repository scan started
2025-01-17 01:17:46.198 [info] > git rev-parse --show-toplevel [5ms]
2025-01-17 01:17:46.218 [info] > git rev-parse --git-dir --git-common-dir [3ms]
2025-01-17 01:17:46.243 [info] [Model][openRepository] Opened repository: /home/vadim/Edu/polygon
2025-01-17 01:17:46.280 [info] > git rev-parse --show-toplevel [3ms]
2025-01-17 01:17:46.281 [info] > git config --get commit.template [13ms]
2025-01-17 01:17:46.292 [info] > git for-each-ref --format=%(refname)%00%(upstream:short)%00%(objectname)%00%(upstream:track)%00%(upstream:remotename)%00%(upstream:remoteref) refs/heads/3112_Tiganov_Vadim refs/remotes/3112_Tiganov_Vadim [2ms]
2025-01-17 01:17:46.335 [info] > git status -z -uall [17ms]
2025-01-17 01:17:46.335 [info] > git rev-parse --show-toplevel [29ms]
2025-01-17 01:17:46.349 [info] > git for-each-ref --sort -committerdate --format %(refname) %(objectname) %(*objectname) [15ms]
2025-01-17 01:17:46.385 [info] > git for-each-ref --format=%(refname)%00%(upstream:short)%00%(objectname)%00%(upstream:track)%00%(upstream:remotename)%00%(upstream:remoteref) refs/heads/3112_Tiganov_Vadim refs/remotes/3112_Tiganov_Vadim [11ms]
2025-01-17 01:17:46.399 [info] > git rev-parse --show-toplevel [51ms]
2025-01-17 01:17:46.412 [info] > git config --local branch.3112_Tiganov_Vadim.vscode-merge-base [13ms]
2025-01-17 01:17:46.423 [info] > git config --get commit.template [38ms]
2025-01-17 01:17:46.424 [info] > git rev-parse --show-toplevel [13ms]
2025-01-17 01:17:46.449 [info] > git for-each-ref --format=%(refname)%00%(upstream:short)%00%(objectname)%00%(upstream:track)%00%(upstream:remotename)%00%(upstream:remoteref) refs/heads/origin/3112_Tiganov_Vadim refs/remotes/origin/3112_Tiganov_Vadim [27ms]
2025-01-17 01:17:46.473 [info] > git merge-base refs/heads/3112_Tiganov_Vadim refs/remotes/origin/3112_Tiganov_Vadim [16ms]
2025-01-17 01:17:46.483 [info] > git rev-parse --show-toplevel [34ms]
2025-01-17 01:17:46.484 [info] > git for-each-ref --format=%(refname)%00%(upstream:short)%00%(objectname)%00%(upstream:track)%00%(upstream:remotename)%00%(upstream:remoteref) refs/heads/3112_Tiganov_Vadim refs/remotes/3112_Tiganov_Vadim [39ms]
2025-01-17 01:17:46.494 [info] > git diff --name-status -z --diff-filter=ADMR 647ca5f6f8687982e095cb6cd29a2b05fb81a63c...refs/remotes/origin/3112_Tiganov_Vadim [11ms]
2025-01-17 01:17:46.498 [info] > git rev-parse --show-toplevel [6ms]
2025-01-17 01:17:46.569 [info] > git status -z -uall [8ms]
2025-01-17 01:17:46.569 [info] > git rev-parse --show-toplevel [25ms]
2025-01-17 01:17:46.589 [info] > git for-each-ref --sort -committerdate --format %(refname) %(objectname) %(*objectname) [20ms]
2025-01-17 01:17:46.600 [info] > git rev-parse --show-toplevel [13ms]
2025-01-17 01:17:46.609 [info] > git rev-parse --show-toplevel [2ms]
2025-01-17 01:17:46.619 [info] > git rev-parse --show-toplevel [2ms]
2025-01-17 01:17:46.626 [info] > git rev-parse --show-toplevel [1ms]
2025-01-17 01:17:46.636 [info] > git rev-parse --show-toplevel [5ms]
2025-01-17 01:17:46.639 [info] [Model][doInitialScan] Initial repository scan completed - repositories (1), closed repositories (0), parent repositories (0), unsafe repositories (0)
2025-01-17 01:17:46.703 [info] > git show --textconv :lab8/tests/graph_algorithms.h [12ms]
2025-01-17 01:17:46.703 [info] > git ls-files --stage -- /home/vadim/Edu/polygon/lab8/tests/graph_algorithms.h [1ms]
2025-01-17 01:17:46.721 [info] > git cat-file -s d3617a08e8cc5fcbd8519fc037dee828407d4f64 [7ms]
2025-01-17 01:17:46.727 [info] > git fetch [485ms]
2025-01-17 01:17:46.742 [info] > git config --get commit.template [9ms]
2025-01-17 01:17:46.747 [info] > git for-each-ref --format=%(refname)%00%(upstream:short)%00%(objectname)%00%(upstream:track)%00%(upstream:remotename)%00%(upstream:remoteref) refs/heads/3112_Tiganov_Vadim refs/remotes/3112_Tiganov_Vadim [6ms]
2025-01-17 01:17:46.840 [info] > git status -z -uall [5ms]
2025-01-17 01:17:46.841 [info] > git for-each-ref --sort -committerdate --format %(refname) %(objectname) %(*objectname) [1ms]
2025-01-17 01:17:46.949 [info] > git check-ignore -v -z --stdin [13ms]
2025-01-17 01:17:47.872 [info] > git config --get commit.template [8ms]
2025-01-17 01:17:47.874 [info] > git for-each-ref --format=%(refname)%00%(upstream:short)%00%(objectname)%00%(upstream:track)%00%(upstream:remotename)%00%(upstream:remoteref) refs/heads/3112_Tiganov_Vadim refs/remotes/3112_Tiganov_Vadim [3ms]
2025-01-17 01:17:47.887 [info] > git status -z -uall [6ms]
2025-01-17 01:17:47.888 [info] > git for-each-ref --sort -committerdate --format %(refname) %(objectname) %(*objectname) [2ms]
2025-01-17 01:17:47.971 [info] > git ls-files --stage -- /home/vadim/Edu/polygon/lab8/tests/graph_algorithms.h [3ms]
2025-01-17 01:17:47.983 [info] > git cat-file -s d3617a08e8cc5fcbd8519fc037dee828407d4f64 [3ms]
2025-01-17 01:17:47.997 [info] > git show --textconv :lab8/tests/graph_algorithms.h [2ms]
2025-01-17 01:18:20.820 [info] > git config --get commit.template [11ms]
2025-01-17 01:18:20.820 [info] > git for-each-ref --format=%(refname)%00%(upstream:short)%00%(objectname)%00%(upstream:track)%00%(upstream:remotename)%00%(upstream:remoteref) refs/heads/3112_Tiganov_Vadim refs/remotes/3112_Tiganov_Vadim [2ms]
2025-01-17 01:18:20.837 [info] > git status -z -uall [8ms]
2025-01-17 01:18:20.838 [info] > git for-each-ref --sort -committerdate --format %(refname) %(objectname) %(*objectname) [1ms]
2025-01-17 01:18:35.837 [info] > git blame --root --incremental 647ca5f6f8687982e095cb6cd29a2b05fb81a63c -- /home/vadim/Edu/polygon/lab8/tests/graph_algorithms.h [3ms]
2025-01-17 01:48:19.524 [info] > git fetch [592ms]
2025-01-17 01:48:19.546 [info] > git config --get commit.template [11ms]
2025-01-17 01:48:19.547 [info] > git for-each-ref --format=%(refname)%00%(upstream:short)%00%(objectname)%00%(upstream:track)%00%(upstream:remotename)%00%(upstream:remoteref) refs/heads/3112_Tiganov_Vadim refs/remotes/3112_Tiganov_Vadim [3ms]
2025-01-17 01:48:19.568 [info] > git status -z -uall [11ms]
2025-01-17 01:48:19.569 [info] > git for-each-ref --sort -committerdate --format %(refname) %(objectname) %(*objectname) [2ms]
2025-01-17 01:48:20.626 [info] > git config --get commit.template [11ms]
2025-01-17 01:48:20.626 [info] > git for-each-ref --format=%(refname)%00%(upstream:short)%00%(objectname)%00%(upstream:track)%00%(upstream:remotename)%00%(upstream:remoteref) refs/heads/3112_Tiganov_Vadim refs/remotes/3112_Tiganov_Vadim [3ms]
2025-01-17 01:48:20.646 [info] > git status -z -uall [11ms]
2025-01-17 01:48:20.648 [info] > git for-each-ref --sort -committerdate --format %(refname) %(objectname) %(*objectname) [3ms]
2025-01-17 01:48:20.705 [info] > git ls-files --stage -- /home/vadim/Edu/polygon/lab8/tests/graph_algorithms.h [2ms]
2025-01-17 01:48:20.712 [info] > git cat-file -s d3617a08e8cc5fcbd8519fc037dee828407d4f64 [1ms]
2025-01-17 01:48:21.007 [info] > git show --textconv :lab8/tests/graph_algorithms.h [14ms]
2025-01-17 01:48:21.017 [info] > git show --textconv :lab8/tests/test_graph.cpp [10ms]
2025-01-17 01:48:21.019 [info] > git ls-files --stage -- /home/vadim/Edu/polygon/lab8/tests/test_graph.cpp [3ms]
2025-01-17 01:48:21.030 [info] > git cat-file -s 6fe3db324eacfca153c71fe313638d8de6056659 [3ms]
2025-01-17 01:48:21.064 [info] > git blame --root --incremental 647ca5f6f8687982e095cb6cd29a2b05fb81a63c -- /home/vadim/Edu/polygon/lab8/tests/test_graph.cpp [3ms]
2025-01-17 01:51:31.193 [info] > git fetch [489ms]
2025-01-17 01:51:31.217 [info] > git config --get commit.template [13ms]
2025-01-17 01:51:31.218 [info] > git for-each-ref --format=%(refname)%00%(upstream:short)%00%(objectname)%00%(upstream:track)%00%(upstream:remotename)%00%(upstream:remoteref) refs/heads/3112_Tiganov_Vadim refs/remotes/3112_Tiganov_Vadim [2ms]
2025-01-17 01:51:31.238 [info] > git status -z -uall [11ms]
2025-01-17 01:51:31.240 [info] > git for-each-ref --sort -committerdate --format %(refname) %(objectname) %(*objectname) [3ms]
2025-01-17 01:51:32.351 [info] > git config --get commit.template [14ms]
2025-01-17 01:51:32.352 [info] > git for-each-ref --format=%(refname)%00%(upstream:short)%00%(objectname)%00%(upstream:track)%00%(upstream:remotename)%00%(upstream:remoteref) refs/heads/3112_Tiganov_Vadim refs/remotes/3112_Tiganov_Vadim [2ms]
2025-01-17 01:51:32.373 [info] > git status -z -uall [14ms]
2025-01-17 01:51:32.376 [info] > git for-each-ref --sort -committerdate --format %(refname) %(objectname) %(*objectname) [5ms]
2025-01-17 01:51:32.429 [info] > git ls-files --stage -- /home/vadim/Edu/polygon/lab8/tests/test_graph.cpp [2ms]
2025-01-17 01:51:32.442 [info] > git cat-file -s 6fe3db324eacfca153c71fe313638d8de6056659 [3ms]
2025-01-17 01:51:32.457 [info] > git show --textconv :lab8/tests/test_graph.cpp [3ms]
2025-01-17 01:51:33.050 [info] > git show --textconv :lab8/tests/graph_algorithms.h [6ms]
2025-01-17 01:51:33.051 [info] > git ls-files --stage -- /home/vadim/Edu/polygon/lab8/tests/graph_algorithms.h [1ms]
2025-01-17 01:51:33.057 [info] > git cat-file -s d3617a08e8cc5fcbd8519fc037dee828407d4f64 [1ms]
2025-01-17 01:53:43.457 [info] > git show --textconv :lab8/tests/graph_algorithms.cpp [8ms]
2025-01-17 01:53:43.459 [info] > git ls-files --stage -- /home/vadim/Edu/polygon/lab8/tests/graph_algorithms.cpp [3ms]
2025-01-17 01:53:43.466 [info] > git cat-file -s ad09e4f85618415ad3d7f0563b6f11a0e7832365 [2ms]
2025-01-17 01:53:43.485 [info] > git blame --root --incremental 647ca5f6f8687982e095cb6cd29a2b05fb81a63c -- /home/vadim/Edu/polygon/lab8/tests/graph_algorithms.cpp [5ms]
2025-01-17 01:53:45.526 [info] > git show --textconv :lab8/tests/graph_algorithms.h [13ms]
2025-01-17 01:53:45.527 [info] > git ls-files --stage -- /home/vadim/Edu/polygon/lab8/tests/graph_algorithms.h [4ms]
2025-01-17 01:53:45.539 [info] > git cat-file -s d3617a08e8cc5fcbd8519fc037dee828407d4f64 [3ms]
2025-01-17 01:53:49.075 [info] > git show --textconv :lab8/tests/test_graph.cpp [26ms]
2025-01-17 01:53:49.082 [info] > git ls-files --stage -- /home/vadim/Edu/polygon/lab8/tests/test_graph.cpp [8ms]
2025-01-17 01:53:49.096 [info] > git cat-file -s 6fe3db324eacfca153c71fe313638d8de6056659 [3ms]
2025-01-17 01:59:25.327 [info] > git fetch [513ms]
2025-01-17 01:59:25.347 [info] > git config --get commit.template [9ms]
2025-01-17 01:59:25.348 [info] > git for-each-ref --format=%(refname)%00%(upstream:short)%00%(objectname)%00%(upstream:track)%00%(upstream:remotename)%00%(upstream:remoteref) refs/heads/3112_Tiganov_Vadim refs/remotes/3112_Tiganov_Vadim [2ms]
2025-01-17 01:59:25.363 [info] > git status -z -uall [9ms]
2025-01-17 01:59:25.365 [info] > git for-each-ref --sort -committerdate --format %(refname) %(objectname) %(*objectname) [3ms]
2025-01-17 01:59:26.422 [info] > git config --get commit.template [10ms]
2025-01-17 01:59:26.424 [info] > git for-each-ref --format=%(refname)%00%(upstream:short)%00%(objectname)%00%(upstream:track)%00%(upstream:remotename)%00%(upstream:remoteref) refs/heads/3112_Tiganov_Vadim refs/remotes/3112_Tiganov_Vadim [3ms]
2025-01-17 01:59:26.441 [info] > git status -z -uall [8ms]
2025-01-17 01:59:26.442 [info] > git for-each-ref --sort -committerdate --format %(refname) %(objectname) %(*objectname) [2ms]
2025-01-17 01:59:26.517 [info] > git ls-files --stage -- /home/vadim/Edu/polygon/lab8/tests/test_graph.cpp [2ms]
2025-01-17 01:59:26.527 [info] > git cat-file -s 6fe3db324eacfca153c71fe313638d8de6056659 [2ms]
2025-01-17 01:59:26.540 [info] > git show --textconv :lab8/tests/test_graph.cpp [3ms]
2025-01-17 02:05:05.398 [info] > git fetch [484ms]
2025-01-17 02:05:05.417 [info] > git config --get commit.template [9ms]
2025-01-17 02:05:05.419 [info] > git for-each-ref --format=%(refname)%00%(upstream:short)%00%(objectname)%00%(upstream:track)%00%(upstream:remotename)%00%(upstream:remoteref) refs/heads/3112_Tiganov_Vadim refs/remotes/3112_Tiganov_Vadim [3ms]
2025-01-17 02:05:05.439 [info] > git status -z -uall [11ms]
2025-01-17 02:05:05.440 [info] > git for-each-ref --sort -committerdate --format %(refname) %(objectname) %(*objectname) [3ms]
2025-01-17 02:05:06.543 [info] > git config --get commit.template [10ms]
2025-01-17 02:05:06.544 [info] > git for-each-ref --format=%(refname)%00%(upstream:short)%00%(objectname)%00%(upstream:track)%00%(upstream:remotename)%00%(upstream:remoteref) refs/heads/3112_Tiganov_Vadim refs/remotes/3112_Tiganov_Vadim [2ms]
2025-01-17 02:05:06.562 [info] > git status -z -uall [10ms]
2025-01-17 02:05:06.564 [info] > git for-each-ref --sort -committerdate --format %(refname) %(objectname) %(*objectname) [3ms]
2025-01-17 02:05:06.633 [info] > git ls-files --stage -- /home/vadim/Edu/polygon/lab8/tests/test_graph.cpp [2ms]
2025-01-17 02:05:06.643 [info] > git cat-file -s 6fe3db324eacfca153c71fe313638d8de6056659 [2ms]
2025-01-17 02:05:06.656 [info] > git show --textconv :lab8/tests/test_graph.cpp [3ms]
2025-01-17 02:08:49.509 [info] > git fetch [488ms]
2025-01-17 02:08:49.526 [info] > git config --get commit.template [8ms]
2025-01-17 02:08:49.528 [info] > git for-each-ref --format=%(refname)%00%(upstream:short)%00%(objectname)%00%(upstream:track)%00%(upstream:remotename)%00%(upstream:remoteref) refs/heads/3112_Tiganov_Vadim refs/remotes/3112_Tiganov_Vadim [3ms]
2025-01-17 02:08:49.544 [info] > git status -z -uall [9ms]
2025-01-17 02:08:49.546 [info] > git for-each-ref --sort -committerdate --format %(refname) %(objectname) %(*objectname) [2ms]
2025-01-17 02:41:31.935 [info] > git ls-files --stage -- /home/vadim/Edu/polygon/lab8/tests/test_graph.cpp [10ms]
2025-01-17 02:41:31.942 [info] > git config --get commit.template [8ms]
2025-01-17 02:41:31.948 [info] > git cat-file -s 6fe3db324eacfca153c71fe313638d8de6056659 [6ms]
2025-01-17 02:41:31.949 [info] > git for-each-ref --format=%(refname)%00%(upstream:short)%00%(objectname)%00%(upstream:track)%00%(upstream:remotename)%00%(upstream:remoteref) refs/heads/3112_Tiganov_Vadim refs/remotes/3112_Tiganov_Vadim [2ms]
2025-01-17 02:41:31.970 [info] > git show --textconv :lab8/tests/test_graph.cpp [12ms]
2025-01-17 02:41:31.970 [info] > git status -z -uall [6ms]
2025-01-17 02:41:31.972 [info] > git for-each-ref --sort -committerdate --format %(refname) %(objectname) %(*objectname) [2ms]
2025-01-17 02:41:32.373 [info] > git fetch [466ms]
2025-01-17 02:41:32.391 [info] > git config --get commit.template [9ms]
2025-01-17 02:41:32.392 [info] > git for-each-ref --format=%(refname)%00%(upstream:short)%00%(objectname)%00%(upstream:track)%00%(upstream:remotename)%00%(upstream:remoteref) refs/heads/3112_Tiganov_Vadim refs/remotes/3112_Tiganov_Vadim [2ms]
2025-01-17 02:41:32.411 [info] > git status -z -uall [11ms]
2025-01-17 02:41:32.412 [info] > git for-each-ref --sort -committerdate --format %(refname) %(objectname) %(*objectname) [3ms]
2025-01-17 02:41:33.613 [info] > git ls-files --stage -- /home/vadim/Edu/polygon/lab8/tests/test_graph.cpp [2ms]
2025-01-17 02:41:33.626 [info] > git cat-file -s 6fe3db324eacfca153c71fe313638d8de6056659 [4ms]
2025-01-17 02:41:33.676 [info] > git show --textconv :lab8/tests/test_graph.cpp [1ms]
2025-01-17 02:41:37.006 [info] > git config --get commit.template [11ms]
2025-01-17 02:41:37.009 [info] > git for-each-ref --format=%(refname)%00%(upstream:short)%00%(objectname)%00%(upstream:track)%00%(upstream:remotename)%00%(upstream:remoteref) refs/heads/3112_Tiganov_Vadim refs/remotes/3112_Tiganov_Vadim [4ms]
2025-01-17 02:41:37.035 [info] > git status -z -uall [12ms]
2025-01-17 02:41:37.039 [info] > git for-each-ref --sort -committerdate --format %(refname) %(objectname) %(*objectname) [5ms]
2025-01-17 03:22:09.004 [info] > git fetch [488ms]
2025-01-17 03:22:09.032 [info] > git for-each-ref --format=%(refname)%00%(upstream:short)%00%(objectname)%00%(upstream:track)%00%(upstream:remotename)%00%(upstream:remoteref) refs/heads/3112_Tiganov_Vadim refs/remotes/3112_Tiganov_Vadim [1ms]
2025-01-17 03:22:09.032 [info] > git config --get commit.template [15ms]
2025-01-17 03:22:09.046 [info] > git status -z -uall [7ms]
2025-01-17 03:22:09.050 [info] > git for-each-ref --sort -committerdate --format %(refname) %(objectname) %(*objectname) [5ms]
2025-01-17 03:22:10.148 [info] > git config --get commit.template [9ms]
2025-01-17 03:22:10.148 [info] > git for-each-ref --format=%(refname)%00%(upstream:short)%00%(objectname)%00%(upstream:track)%00%(upstream:remotename)%00%(upstream:remoteref) refs/heads/3112_Tiganov_Vadim refs/remotes/3112_Tiganov_Vadim [1ms]
2025-01-17 03:22:10.167 [info] > git status -z -uall [13ms]
2025-01-17 03:22:10.169 [info] > git for-each-ref --sort -committerdate --format %(refname) %(objectname) %(*objectname) [4ms]
2025-01-17 03:22:10.254 [info] > git ls-files --stage -- /home/vadim/Edu/polygon/lab8/tests/test_graph.cpp [1ms]
2025-01-17 03:22:10.265 [info] > git cat-file -s 6fe3db324eacfca153c71fe313638d8de6056659 [4ms]
2025-01-17 03:22:10.281 [info] > git show --textconv :lab8/tests/test_graph.cpp [5ms]
2025-01-17 03:22:16.396 [info] > git show --textconv :test.py [13ms]
2025-01-17 03:22:16.396 [info] > git ls-files --stage -- /home/vadim/Edu/polygon/test.py [3ms]
2025-01-17 03:22:16.668 [info] > git check-ignore -v -z --stdin [2ms]
2025-01-17 03:22:17.225 [info] > git config --get commit.template [2ms]
2025-01-17 03:22:17.237 [info] > git for-each-ref --format=%(refname)%00%(upstream:short)%00%(objectname)%00%(upstream:track)%00%(upstream:remotename)%00%(upstream:remoteref) refs/heads/3112_Tiganov_Vadim refs/remotes/3112_Tiganov_Vadim [3ms]
2025-01-17 03:22:17.254 [info] > git status -z -uall [8ms]
2025-01-17 03:22:17.256 [info] > git for-each-ref --sort -committerdate --format %(refname) %(objectname) %(*objectname) [3ms]
2025-01-17 03:22:19.955 [info] > git blame --root --incremental 647ca5f6f8687982e095cb6cd29a2b05fb81a63c -- /home/vadim/Edu/polygon/test.py [3ms]
2025-01-17 03:22:19.955 [info] fatal: no such path test.py in 647ca5f6f8687982e095cb6cd29a2b05fb81a63c
2025-01-17 03:22:31.679 [info] > git config --get commit.template [6ms]
2025-01-17 03:22:31.680 [info] > git for-each-ref --format=%(refname)%00%(upstream:short)%00%(objectname)%00%(upstream:track)%00%(upstream:remotename)%00%(upstream:remoteref) refs/heads/3112_Tiganov_Vadim refs/remotes/3112_Tiganov_Vadim [2ms]
2025-01-17 03:22:31.692 [info] > git status -z -uall [7ms]
2025-01-17 03:22:31.693 [info] > git for-each-ref --sort -committerdate --format %(refname) %(objectname) %(*objectname) [2ms]
2025-01-17 03:22:46.959 [info] > git show --textconv :test.py [7ms]
2025-01-17 03:22:46.960 [info] > git ls-files --stage -- /home/vadim/Edu/polygon/test.py [2ms]
2025-01-17 03:23:05.485 [info] > git config --get commit.template [13ms]
2025-01-17 03:23:05.487 [info] > git for-each-ref --format=%(refname)%00%(upstream:short)%00%(objectname)%00%(upstream:track)%00%(upstream:remotename)%00%(upstream:remoteref) refs/heads/3112_Tiganov_Vadim refs/remotes/3112_Tiganov_Vadim [3ms]
2025-01-17 03:23:05.504 [info] > git status -z -uall [7ms]
2025-01-17 03:23:05.506 [info] > git for-each-ref --sort -committerdate --format %(refname) %(objectname) %(*objectname) [3ms]
2025-01-17 03:23:16.485 [info] > git config --get commit.template [11ms]
2025-01-17 03:23:16.486 [info] > git for-each-ref --format=%(refname)%00%(upstream:short)%00%(objectname)%00%(upstream:track)%00%(upstream:remotename)%00%(upstream:remoteref) refs/heads/3112_Tiganov_Vadim refs/remotes/3112_Tiganov_Vadim [2ms]
2025-01-17 03:23:16.505 [info] > git status -z -uall [9ms]
2025-01-17 03:23:16.506 [info] > git for-each-ref --sort -committerdate --format %(refname) %(objectname) %(*objectname) [3ms]
2025-01-17 03:23:29.899 [info] > git config --get commit.template [19ms]
2025-01-17 03:23:29.903 [info] > git for-each-ref --format=%(refname)%00%(upstream:short)%00%(objectname)%00%(upstream:track)%00%(upstream:remotename)%00%(upstream:remoteref) refs/heads/3112_Tiganov_Vadim refs/remotes/3112_Tiganov_Vadim [5ms]
2025-01-17 03:23:29.933 [info] > git status -z -uall [15ms]
2025-01-17 03:23:29.936 [info] > git for-each-ref --sort -committerdate --format %(refname) %(objectname) %(*objectname) [4ms]
2025-01-17 03:23:40.722 [info] > git show --textconv :lab8/tests/graph_algorithms.cpp [16ms]
2025-01-17 03:23:40.722 [info] > git ls-files --stage -- /home/vadim/Edu/polygon/lab8/tests/graph_algorithms.cpp [1ms]
2025-01-17 03:23:40.730 [info] > git cat-file -s ad09e4f85618415ad3d7f0563b6f11a0e7832365 [2ms]
2025-01-17 03:54:06.187 [info] > git config --get commit.template [3ms]
2025-01-17 03:54:06.195 [info] > git for-each-ref --format=%(refname)%00%(upstream:short)%00%(objectname)%00%(upstream:track)%00%(upstream:remotename)%00%(upstream:remoteref) refs/heads/3112_Tiganov_Vadim refs/remotes/3112_Tiganov_Vadim [2ms]
2025-01-17 03:54:06.222 [info] > git status -z -uall [17ms]
2025-01-17 03:54:06.222 [info] > git for-each-ref --sort -committerdate --format %(refname) %(objectname) %(*objectname) [1ms]
2025-01-17 03:54:06.664 [info] > git fetch [497ms]
2025-01-17 03:54:06.682 [info] > git config --get commit.template [9ms]
2025-01-17 03:54:06.683 [info] > git for-each-ref --format=%(refname)%00%(upstream:short)%00%(objectname)%00%(upstream:track)%00%(upstream:remotename)%00%(upstream:remoteref) refs/heads/3112_Tiganov_Vadim refs/remotes/3112_Tiganov_Vadim [2ms]
2025-01-17 03:54:06.698 [info] > git status -z -uall [8ms]
2025-01-17 03:54:06.700 [info] > git for-each-ref --sort -committerdate --format %(refname) %(objectname) %(*objectname) [1ms]
2025-01-17 03:54:07.901 [info] > git ls-files --stage -- /home/vadim/Edu/polygon/lab8/tests/graph_algorithms.cpp [2ms]
2025-01-17 03:54:07.911 [info] > git cat-file -s ad09e4f85618415ad3d7f0563b6f11a0e7832365 [2ms]
2025-01-17 03:54:07.924 [info] > git show --textconv :lab8/tests/graph_algorithms.cpp [3ms]
