2025-01-17 01:17:30.026 [info] Added views:outline in workbench.view.explorer
2025-01-17 01:17:30.026 [info] Added views:workbench.view.search in workbench.view.search
2025-01-17 01:17:30.026 [info] Added views:workbench.scm in workbench.view.scm
2025-01-17 01:17:30.026 [info] Added views:workbench.panel.markers.view in workbench.panel.markers
2025-01-17 01:17:30.026 [info] Added views:workbench.panel.output in workbench.panel.output
2025-01-17 01:17:30.026 [info] Added views:terminal in terminal
2025-01-17 01:17:30.026 [info] Added views:timeline in workbench.view.explorer
2025-01-17 01:17:30.026 [info] Added views:workbench.explorer.fileView in workbench.view.explorer
2025-01-17 01:17:30.266 [info] Added views:workbench.debug.variablesView,workbench.debug.watchExpressionsView,workbench.debug.callStackView,workbench.debug.breakPointsView in workbench.view.debug
2025-01-17 01:17:31.696 [info] Added views:workbench.panel.repl.view in workbench.panel.repl
2025-01-17 01:17:32.738 [info] Added views:workbench.scm.repositories,workbench.scm.history in workbench.view.scm
2025-01-17 01:17:32.989 [info] Added views:~remote.forwardedPorts in ~remote.forwardedPortsContainer
2025-01-17 01:17:43.599 [info] Removed views:workbench.scm.history,workbench.scm.repositories from workbench.view.scm
2025-01-17 01:17:44.064 [info] Added views:outline in workbench.view.explorer
2025-01-17 01:17:44.064 [info] Added views:workbench.view.search in workbench.view.search
2025-01-17 01:17:44.064 [info] Added views:workbench.scm in workbench.view.scm
2025-01-17 01:17:44.064 [info] Added views:workbench.panel.markers.view in workbench.panel.markers
2025-01-17 01:17:44.064 [info] Added views:workbench.panel.output in workbench.panel.output
2025-01-17 01:17:44.064 [info] Added views:terminal in terminal
2025-01-17 01:17:44.064 [info] Added views:timeline in workbench.view.explorer
2025-01-17 01:17:44.064 [info] Added views:workbench.explorer.fileView in workbench.view.explorer
2025-01-17 01:17:44.344 [info] Added views:workbench.debug.variablesView,workbench.debug.watchExpressionsView,workbench.debug.callStackView,workbench.debug.breakPointsView in workbench.view.debug
2025-01-17 01:17:45.341 [info] Added views:workbench.panel.repl.view in workbench.panel.repl
2025-01-17 01:17:46.067 [info] Added views:~remote.forwardedPorts in ~remote.forwardedPortsContainer
2025-01-17 01:17:46.269 [info] Added views:workbench.scm.repositories,workbench.scm.history in workbench.view.scm
2025-01-17 03:22:31.637 [info] Added views:workbench.views.extensions.installed,workbench.views.extensions.popular,extensions.recommendedList in workbench.view.extensions
2025-01-17 03:22:31.640 [info] Removed views:workbench.views.extensions.popular from workbench.view.extensions
2025-01-17 03:22:34.257 [info] Removed views:extensions.recommendedList,workbench.views.extensions.installed from workbench.view.extensions
2025-01-17 03:22:34.265 [info] Added views:workbench.views.extensions.marketplace in workbench.view.extensions
2025-01-17 03:22:46.033 [info] Added views:workbench.view.testing in workbench.view.extension.test
2025-01-17 03:54:08.491 [info] Removed views:workbench.scm.history,workbench.scm.repositories from workbench.view.scm
2025-01-17 03:54:08.496 [info] Removed views:workbench.view.testing from workbench.view.extension.test
