2025-01-19 12:03:36.999 [info] [main] Log level: Info
2025-01-19 12:03:36.999 [info] [main] Validating found git in: "git"
2025-01-19 12:03:36.999 [info] [main] Using git "2.48.1" from "git"
2025-01-19 12:03:36.999 [info] [Model][doInitialScan] Initial repository scan started
2025-01-19 12:03:36.999 [info] > git rev-parse --show-toplevel [10ms]
2025-01-19 12:03:36.999 [info] > git rev-parse --git-dir --git-common-dir [20ms]
2025-01-19 12:03:36.999 [info] [Model][openRepository] Opened repository: /home/vadim/Edu/polygon
2025-01-19 12:03:37.015 [info] > git rev-parse --show-toplevel [4ms]
2025-01-19 12:03:37.017 [info] > git config --get commit.template [10ms]
2025-01-19 12:03:37.041 [info] > git for-each-ref --format=%(refname)%00%(upstream:short)%00%(objectname)%00%(upstream:track)%00%(upstream:remotename)%00%(upstream:remoteref) refs/heads/3112_Tiganov_Vadim refs/remotes/3112_Tiganov_Vadim [15ms]
2025-01-19 12:03:37.046 [info] > git rev-parse --show-toplevel [8ms]
2025-01-19 12:03:37.058 [info] > git rev-parse --show-toplevel [2ms]
2025-01-19 12:03:37.090 [info] > git status -z -uall [22ms]
2025-01-19 12:03:37.090 [info] > git rev-parse --show-toplevel [2ms]
2025-01-19 12:03:37.091 [info] > git for-each-ref --sort -committerdate --format %(refname) %(objectname) %(*objectname) [8ms]
2025-01-19 12:03:37.114 [info] > git for-each-ref --format=%(refname)%00%(upstream:short)%00%(objectname)%00%(upstream:track)%00%(upstream:remotename)%00%(upstream:remoteref) refs/heads/3112_Tiganov_Vadim refs/remotes/3112_Tiganov_Vadim [13ms]
2025-01-19 12:03:37.127 [info] > git config --local branch.3112_Tiganov_Vadim.vscode-merge-base [4ms]
2025-01-19 12:03:37.137 [info] > git config --get commit.template [23ms]
2025-01-19 12:03:37.137 [info] > git rev-parse --show-toplevel [28ms]
2025-01-19 12:03:37.139 [info] > git for-each-ref --format=%(refname)%00%(upstream:short)%00%(objectname)%00%(upstream:track)%00%(upstream:remotename)%00%(upstream:remoteref) refs/heads/origin/3112_Tiganov_Vadim refs/remotes/origin/3112_Tiganov_Vadim [4ms]
2025-01-19 12:03:37.176 [info] > git merge-base refs/heads/3112_Tiganov_Vadim refs/remotes/origin/3112_Tiganov_Vadim [28ms]
2025-01-19 12:03:37.238 [info] > git diff --name-status -z --diff-filter=ADMR 647ca5f6f8687982e095cb6cd29a2b05fb81a63c...refs/remotes/origin/3112_Tiganov_Vadim [52ms]
2025-01-19 12:03:37.240 [info] > git for-each-ref --format=%(refname)%00%(upstream:short)%00%(objectname)%00%(upstream:track)%00%(upstream:remotename)%00%(upstream:remoteref) refs/heads/3112_Tiganov_Vadim refs/remotes/3112_Tiganov_Vadim [64ms]
2025-01-19 12:03:37.240 [info] > git rev-parse --show-toplevel [70ms]
2025-01-19 12:03:37.281 [info] > git status -z -uall [11ms]
2025-01-19 12:03:37.282 [info] > git rev-parse --show-toplevel [25ms]
2025-01-19 12:03:37.292 [info] > git for-each-ref --sort -committerdate --format %(refname) %(objectname) %(*objectname) [14ms]
2025-01-19 12:03:37.321 [info] > git rev-parse --show-toplevel [31ms]
2025-01-19 12:03:37.334 [info] > git rev-parse --show-toplevel [2ms]
2025-01-19 12:03:37.352 [info] > git rev-parse --show-toplevel [5ms]
2025-01-19 12:03:37.360 [info] > git rev-parse --show-toplevel [2ms]
2025-01-19 12:03:37.372 [info] > git rev-parse --show-toplevel [2ms]
2025-01-19 12:03:37.373 [info] [Model][doInitialScan] Initial repository scan completed - repositories (1), closed repositories (0), parent repositories (0), unsafe repositories (0)
2025-01-19 12:03:37.393 [info] > git show --textconv :lab8/tests/graph_algorithms.cpp [10ms]
2025-01-19 12:03:37.393 [info] > git ls-files --stage -- /home/vadim/Edu/polygon/lab8/tests/graph_algorithms.cpp [4ms]
2025-01-19 12:03:37.403 [info] > git cat-file -s ad09e4f85618415ad3d7f0563b6f11a0e7832365 [4ms]
2025-01-19 12:03:37.508 [info] > git fetch [515ms]
2025-01-19 12:03:37.531 [info] > git config --get commit.template [16ms]
2025-01-19 12:03:37.543 [info] > git check-ignore -v -z --stdin [2ms]
2025-01-19 12:03:37.545 [info] > git blame --root --incremental 647ca5f6f8687982e095cb6cd29a2b05fb81a63c -- /home/vadim/Edu/polygon/lab8/tests/graph_algorithms.cpp [14ms]
2025-01-19 12:03:37.565 [info] > git for-each-ref --format=%(refname)%00%(upstream:short)%00%(objectname)%00%(upstream:track)%00%(upstream:remotename)%00%(upstream:remoteref) refs/heads/3112_Tiganov_Vadim refs/remotes/3112_Tiganov_Vadim [1ms]
2025-01-19 12:03:37.600 [info] > git status -z -uall [10ms]
2025-01-19 12:03:37.601 [info] > git for-each-ref --sort -committerdate --format %(refname) %(objectname) %(*objectname) [5ms]
2025-01-19 12:03:38.708 [info] > git config --get commit.template [6ms]
2025-01-19 12:03:38.708 [info] > git for-each-ref --format=%(refname)%00%(upstream:short)%00%(objectname)%00%(upstream:track)%00%(upstream:remotename)%00%(upstream:remoteref) refs/heads/3112_Tiganov_Vadim refs/remotes/3112_Tiganov_Vadim [1ms]
2025-01-19 12:03:38.717 [info] > git status -z -uall [5ms]
2025-01-19 12:03:38.718 [info] > git for-each-ref --sort -committerdate --format %(refname) %(objectname) %(*objectname) [1ms]
2025-01-19 12:03:38.805 [info] > git ls-files --stage -- /home/vadim/Edu/polygon/lab8/tests/graph_algorithms.cpp [1ms]
2025-01-19 12:03:38.810 [info] > git cat-file -s ad09e4f85618415ad3d7f0563b6f11a0e7832365 [1ms]
2025-01-19 12:03:38.817 [info] > git show --textconv :lab8/tests/graph_algorithms.cpp [1ms]
