2025-01-17 01:17:33.133 [info] Reading sessions from keychain...
2025-01-17 01:17:33.134 [info] Getting sessions for all scopes...
2025-01-17 01:17:33.134 [info] Getting sessions for all scopes...
2025-01-17 01:17:33.134 [info] Getting sessions for read:user,repo,user:email,workflow...
2025-01-17 01:17:33.134 [info] Got stored sessions!
2025-01-17 01:17:33.134 [info] Got 1 verified sessions.
2025-01-17 01:17:33.134 [info] Got 1 sessions for ...
2025-01-17 01:17:33.134 [info] Got 1 sessions for ...
2025-01-17 01:17:33.134 [info] Got 1 sessions for read:user,repo,user:email,workflow...
2025-01-17 01:17:33.469 [info] Getting sessions for all scopes...
2025-01-17 01:17:33.469 [info] Got 1 sessions for ...
2025-01-17 01:17:33.865 [info] Getting sessions for read:user,repo,user:email,workflow...
2025-01-17 01:17:33.865 [info] Got 1 sessions for read:user,repo,user:email,workflow...
2025-01-17 01:17:46.609 [info] Reading sessions from keychain...
2025-01-17 01:17:46.609 [info] Getting sessions for all scopes...
2025-01-17 01:17:46.609 [info] Getting sessions for all scopes...
2025-01-17 01:17:46.609 [info] Got stored sessions!
2025-01-17 01:17:46.609 [info] Got 1 verified sessions.
2025-01-17 01:17:46.609 [info] Got 1 sessions for ...
2025-01-17 01:17:46.609 [info] Got 1 sessions for ...
2025-01-17 01:17:46.609 [info] Getting sessions for read:user,repo,user:email,workflow...
2025-01-17 01:17:46.609 [info] Got 1 sessions for read:user,repo,user:email,workflow...
2025-01-17 01:17:46.825 [info] Getting sessions for all scopes...
2025-01-17 01:17:46.825 [info] Got 1 sessions for ...
2025-01-17 01:17:47.192 [info] Getting sessions for read:user,repo,user:email,workflow...
2025-01-17 01:17:47.192 [info] Got 1 sessions for read:user,repo,user:email,workflow...
