2025-01-16 23:35:52.519 [info] Reading sessions from keychain...
2025-01-16 23:35:52.519 [info] Getting sessions for all scopes...
2025-01-16 23:35:52.519 [info] Getting sessions for all scopes...
2025-01-16 23:35:52.519 [info] Got 0 sessions for ...
2025-01-16 23:35:52.519 [info] Got 0 sessions for ...
2025-01-16 23:35:52.519 [info] Getting sessions for read:user,repo,user:email,workflow...
2025-01-16 23:35:52.519 [info] Got 0 sessions for read:user,repo,user:email,workflow...
2025-01-16 23:35:52.767 [info] Getting sessions for all scopes...
2025-01-16 23:35:52.767 [info] Got 0 sessions for ...
2025-01-17 00:03:13.383 [info] Getting sessions for read:user,repo,user:email,workflow...
2025-01-17 00:03:13.383 [info] Got 0 sessions for read:user,repo,user:email,workflow...
2025-01-17 00:03:15.122 [info] Logging in with 'any' account...
2025-01-17 00:03:15.122 [info] Logging in for the following scopes: read:user repo user:email workflow
2025-01-17 00:03:15.166 [info] Trying device code flow... (read:user repo user:email workflow)
2025-01-17 00:03:40.623 [info] Getting user info...
2025-01-17 00:03:41.092 [info] Got account info!
2025-01-17 00:03:41.095 [info] Storing 1 sessions...
2025-01-17 00:03:41.107 [info] Reading sessions from keychain...
2025-01-17 00:03:41.107 [info] Stored 1 sessions!
2025-01-17 00:03:41.109 [info] Login success!
2025-01-17 00:03:41.228 [info] Got stored sessions!
2025-01-17 00:03:41.228 [info] Got 1 verified sessions.
2025-01-17 00:03:41.623 [info] Getting sessions for read:user,repo,user:email,workflow...
2025-01-17 00:03:41.623 [info] Got 1 sessions for read:user,repo,user:email,workflow...
2025-01-17 00:03:41.675 [info] Getting sessions for read:user,repo,user:email,workflow...
2025-01-17 00:03:41.675 [info] Got 1 sessions for read:user,repo,user:email,workflow...
2025-01-17 00:14:54.923 [info] Getting sessions for read:user,repo,user:email,workflow...
2025-01-17 00:14:54.923 [info] Got 1 sessions for read:user,repo,user:email,workflow...
