2025-01-17 03:22:39.039 [info] Getting Manifest... ms-python.python
2025-01-17 03:22:39.919 [info] Installing extension: ms-python.python {"isMachineScoped":false,"installPreReleaseVersion":false,"pinned":false,"profileLocation":{"$mid":1,"external":"vscode-userdata:/home/vadim/.vscode-oss/extensions/extensions.json","path":"/home/vadim/.vscode-oss/extensions/extensions.json","scheme":"vscode-userdata"},"installOnlyNewlyAddedFromExtensionPack":true,"isApplicationScoped":false,"productVersion":{"version":"1.96.3","date":"2025-01-15T09:35:23.690Z"}}
2025-01-17 03:22:40.138 [info] Getting Manifest... ms-python.debugpy
2025-01-17 03:22:40.453 [info] Installing extension: ms-python.debugpy {"isMachineScoped":false,"installPreReleaseVersion":false,"pinned":false,"profileLocation":{"$mid":1,"external":"vscode-userdata:/home/vadim/.vscode-oss/extensions/extensions.json","path":"/home/vadim/.vscode-oss/extensions/extensions.json","scheme":"vscode-userdata"},"installOnlyNewlyAddedFromExtensionPack":true,"isApplicationScoped":false,"productVersion":{"version":"1.96.3","date":"2025-01-15T09:35:23.690Z"},"context":{"dependecyOrPackExtensionInstall":true}}
2025-01-17 03:22:43.281 [error] Could not load vsce-sign module Cannot find package '@vscode/vsce-sign' imported from /usr/lib/code/out/vs/code/electron-utility/sharedProcess/sharedProcessMain.js
2025-01-17 03:22:43.282 [info] Extension signature verification is not done: ms-python.python
2025-01-17 03:22:44.205 [error] Could not load vsce-sign module Cannot find package '@vscode/vsce-sign' imported from /usr/lib/code/out/vs/code/electron-utility/sharedProcess/sharedProcessMain.js
2025-01-17 03:22:44.206 [info] Extension signature verification is not done: ms-python.debugpy
2025-01-17 03:22:45.000 [info] Extracted extension to file:///home/vadim/.vscode-oss/extensions/ms-python.debugpy-2024.14.0-linux-x64: ms-python.debugpy
2025-01-17 03:22:45.019 [info] Renamed to /home/vadim/.vscode-oss/extensions/ms-python.debugpy-2024.14.0-linux-x64
2025-01-17 03:22:45.114 [error] [uncaught exception in sharedProcess]: Error: ENOENT: no such file or directory, stat '/home/vadim/.vscode-oss/extensions/extensions.json.vsctmp': EntryNotFound (FileSystemError): Error: ENOENT: no such file or directory, stat '/home/vadim/.vscode-oss/extensions/extensions.json.vsctmp'
    at Gm.create (file:///usr/lib/code/out/vs/code/electron-utility/sharedProcess/sharedProcessMain.js:35:39624)
    at xs (file:///usr/lib/code/out/vs/code/electron-utility/sharedProcess/sharedProcessMain.js:35:39731)
    at Vr.ib (file:///usr/lib/code/out/vs/code/electron-utility/sharedProcess/sharedProcessMain.js:78:22778)
    at Vr.stat (file:///usr/lib/code/out/vs/code/electron-utility/sharedProcess/sharedProcessMain.js:78:16010)
    at async wh.stat (file:///usr/lib/code/out/vs/code/electron-utility/sharedProcess/sharedProcessMain.js:77:85488)
    at async fh.Ab (file:///usr/lib/code/out/vs/code/electron-utility/sharedProcess/sharedProcessMain.js:77:67180)
2025-01-17 03:22:45.317 [info] Extracted extension to file:///home/vadim/.vscode-oss/extensions/ms-python.python-2024.23.0-dev-universal: ms-python.python
2025-01-17 03:22:45.430 [info] Renamed to /home/vadim/.vscode-oss/extensions/ms-python.python-2024.23.0-dev-universal
2025-01-17 03:22:45.467 [info] Extension installed successfully: ms-python.debugpy vscode-userdata:/home/vadim/.vscode-oss/extensions/extensions.json
2025-01-17 03:22:45.468 [info] Extension installed successfully: ms-python.python vscode-userdata:/home/vadim/.vscode-oss/extensions/extensions.json
2025-01-17 03:22:45.529 [error] [uncaught exception in sharedProcess]: Error: ENOENT: no such file or directory, stat '/home/vadim/.vscode-oss/extensions/extensions.json.vsctmp': EntryNotFound (FileSystemError): Error: ENOENT: no such file or directory, stat '/home/vadim/.vscode-oss/extensions/extensions.json.vsctmp'
    at Gm.create (file:///usr/lib/code/out/vs/code/electron-utility/sharedProcess/sharedProcessMain.js:35:39624)
    at xs (file:///usr/lib/code/out/vs/code/electron-utility/sharedProcess/sharedProcessMain.js:35:39731)
    at Vr.ib (file:///usr/lib/code/out/vs/code/electron-utility/sharedProcess/sharedProcessMain.js:78:22778)
    at Vr.stat (file:///usr/lib/code/out/vs/code/electron-utility/sharedProcess/sharedProcessMain.js:78:16010)
    at async wh.stat (file:///usr/lib/code/out/vs/code/electron-utility/sharedProcess/sharedProcessMain.js:77:85488)
    at async fh.Ab (file:///usr/lib/code/out/vs/code/electron-utility/sharedProcess/sharedProcessMain.js:77:67180)
