shfmt hasn't downloaded yet!Error: ENOENT: no such file or directory, stat '/home/vadim/.vscode-oss/extensions/foxundermoon.shell-format-7.0.1-universal/bin/shfmt_v3.0.1_linux_amd64'
Shfmt will be downloaded automatically!
download url: https://github.com/mvdan/sh/releases/download/v3.0.1/shfmt_v3.0.1_linux_amd64
download to: /home/vadim/.vscode-oss/extensions/foxundermoon.shell-format-7.0.1-universal/bin/shfmt_v3.0.1_linux_amd64
If the download fails, you can manually download it to the dest directory.
Or download to another directory, and then set the "shellformat.path" as the path
download shfmt page: https://github.com/mvdan/sh/releases
You can't use this plugin until the download is successful.
downloaded:[0.05%]
downloaded:[0.09%]
downloaded:[0.14%]
downloaded:[0.18%]
downloaded:[0.23%]
downloaded:[0.27%]
downloaded:[0.32%]
downloaded:[0.37%]
downloaded:[0.41%]
downloaded:[0.46%]
downloaded:[0.50%]
downloaded:[0.55%]
downloaded:[0.59%]
downloaded:[0.64%]
downloaded:[0.69%]
downloaded:[0.73%]
downloaded:[0.78%]
downloaded:[0.82%]
downloaded:[0.87%]
downloaded:[0.91%]
downloaded:[0.96%]
downloaded:[1.01%]
downloaded:[1.05%]
downloaded:[1.10%]
downloaded:[1.14%]
downloaded:[1.19%]
downloaded:[1.23%]
downloaded:[1.28%]
downloaded:[1.33%]
downloaded:[1.37%]
downloaded:[1.42%]
downloaded:[1.46%]
downloaded:[1.51%]
downloaded:[1.55%]
downloaded:[1.60%]
downloaded:[1.63%]
downloaded:[2.17%]
downloaded:[2.72%]
downloaded:[3.26%]
downloaded:[3.80%]
downloaded:[4.35%]
downloaded:[4.89%]
downloaded:[5.43%]
downloaded:[5.98%]
downloaded:[6.52%]
downloaded:[7.07%]
downloaded:[7.61%]
downloaded:[8.15%]
downloaded:[8.70%]
downloaded:[9.24%]
downloaded:[9.78%]
downloaded:[10.33%]
downloaded:[10.87%]
downloaded:[11.41%]
downloaded:[11.96%]
downloaded:[12.50%]
downloaded:[13.04%]
downloaded:[13.59%]
downloaded:[14.13%]
downloaded:[14.67%]
downloaded:[15.22%]
downloaded:[15.76%]
downloaded:[16.30%]
downloaded:[16.85%]
downloaded:[17.39%]
downloaded:[17.93%]
downloaded:[18.48%]
downloaded:[19.02%]
downloaded:[19.57%]
downloaded:[20.11%]
downloaded:[20.65%]
downloaded:[21.18%]
downloaded:[21.73%]
downloaded:[22.27%]
downloaded:[22.81%]
downloaded:[23.36%]
downloaded:[23.90%]
downloaded:[24.45%]
downloaded:[24.99%]
downloaded:[25.53%]
downloaded:[26.08%]
downloaded:[26.62%]
downloaded:[27.16%]
downloaded:[27.71%]
downloaded:[28.25%]
downloaded:[28.79%]
downloaded:[29.34%]
downloaded:[29.88%]
downloaded:[30.42%]
downloaded:[30.97%]
downloaded:[31.51%]
downloaded:[32.05%]
downloaded:[32.60%]
downloaded:[33.14%]
downloaded:[33.68%]
downloaded:[34.23%]
downloaded:[34.77%]
downloaded:[35.31%]
downloaded:[35.86%]
downloaded:[36.40%]
downloaded:[36.95%]
downloaded:[37.49%]
downloaded:[38.03%]
downloaded:[38.58%]
downloaded:[39.12%]
downloaded:[39.66%]
downloaded:[40.21%]
downloaded:[40.75%]
downloaded:[41.29%]
downloaded:[41.84%]
downloaded:[42.38%]
downloaded:[42.92%]
downloaded:[43.47%]
downloaded:[44.01%]
downloaded:[44.55%]
downloaded:[45.10%]
downloaded:[45.64%]
downloaded:[46.18%]
downloaded:[46.73%]
downloaded:[47.27%]
downloaded:[47.81%]
downloaded:[48.36%]
downloaded:[48.90%]
downloaded:[49.45%]
downloaded:[49.99%]
downloaded:[50.53%]
downloaded:[51.08%]
downloaded:[51.62%]
downloaded:[52.16%]
downloaded:[52.71%]
downloaded:[53.25%]
downloaded:[53.79%]
downloaded:[54.34%]
downloaded:[54.88%]
downloaded:[55.42%]
downloaded:[55.97%]
downloaded:[56.51%]
downloaded:[57.05%]
downloaded:[57.60%]
downloaded:[58.14%]
downloaded:[58.68%]
downloaded:[59.23%]
downloaded:[59.77%]
downloaded:[60.31%]
downloaded:[60.86%]
downloaded:[61.40%]
downloaded:[61.95%]
downloaded:[62.49%]
downloaded:[63.03%]
downloaded:[63.58%]
downloaded:[64.12%]
downloaded:[64.66%]
downloaded:[65.21%]
downloaded:[65.75%]
downloaded:[66.29%]
downloaded:[66.84%]
downloaded:[67.38%]
downloaded:[67.92%]
downloaded:[68.47%]
downloaded:[69.01%]
downloaded:[69.55%]
downloaded:[70.10%]
downloaded:[70.64%]
downloaded:[71.18%]
downloaded:[71.73%]
downloaded:[72.27%]
downloaded:[72.81%]
downloaded:[73.36%]
downloaded:[73.90%]
downloaded:[74.45%]
downloaded:[74.99%]
downloaded:[75.53%]
downloaded:[76.08%]
downloaded:[76.62%]
downloaded:[77.16%]
downloaded:[77.71%]
downloaded:[78.25%]
downloaded:[78.79%]
downloaded:[79.34%]
downloaded:[79.88%]
downloaded:[80.42%]
downloaded:[80.97%]
downloaded:[81.51%]
downloaded:[82.05%]
downloaded:[82.60%]
downloaded:[83.14%]
downloaded:[83.68%]
downloaded:[84.23%]
downloaded:[84.77%]
downloaded:[85.31%]
downloaded:[85.86%]
downloaded:[86.40%]
downloaded:[86.95%]
downloaded:[87.49%]
downloaded:[88.03%]
downloaded:[88.58%]
downloaded:[89.12%]
downloaded:[89.66%]
downloaded:[90.21%]
downloaded:[90.75%]
downloaded:[91.29%]
downloaded:[91.84%]
downloaded:[92.38%]
downloaded:[92.92%]
downloaded:[93.47%]
downloaded:[94.01%]
downloaded:[94.55%]
downloaded:[95.10%]
downloaded:[95.64%]
downloaded:[96.18%]
downloaded:[96.73%]
downloaded:[97.27%]
downloaded:[97.81%]
downloaded:[98.36%]
downloaded:[98.90%]
downloaded:[99.45%]
downloaded:[99.99%]
downloaded:[100.00%]
download success, You can use it successfully!
Suggestions or issues can be submitted here https://git.io/vsshell-issues
