2025-01-05 15:12:04.759 [info] Added views:outline in workbench.view.explorer
2025-01-05 15:12:04.760 [info] Added views:workbench.view.search in workbench.view.search
2025-01-05 15:12:04.760 [info] Added views:workbench.scm in workbench.view.scm
2025-01-05 15:12:04.760 [info] Added views:workbench.panel.markers.view in workbench.panel.markers
2025-01-05 15:12:04.760 [info] Added views:workbench.panel.output in workbench.panel.output
2025-01-05 15:12:04.760 [info] Added views:terminal in terminal
2025-01-05 15:12:04.760 [info] Added views:timeline in workbench.view.explorer
2025-01-05 15:12:04.760 [info] Added views:workbench.explorer.emptyView in workbench.view.explorer
2025-01-05 15:12:05.089 [info] Added views:workbench.debug.welcome in workbench.view.debug
2025-01-05 15:12:05.411 [info] Added views:workbench.panel.repl.view in workbench.panel.repl
2025-01-05 15:12:05.553 [info] Added views:~remote.forwardedPorts in ~remote.forwardedPortsContainer
2025-01-05 15:12:13.557 [info] Added views:outline in workbench.view.explorer
2025-01-05 15:12:13.557 [info] Added views:workbench.view.search in workbench.view.search
2025-01-05 15:12:13.557 [info] Added views:workbench.scm in workbench.view.scm
2025-01-05 15:12:13.557 [info] Added views:workbench.panel.markers.view in workbench.panel.markers
2025-01-05 15:12:13.557 [info] Added views:workbench.panel.output in workbench.panel.output
2025-01-05 15:12:13.557 [info] Added views:terminal in terminal
2025-01-05 15:12:13.557 [info] Added views:timeline in workbench.view.explorer
2025-01-05 15:12:13.557 [info] Added views:workbench.explorer.fileView in workbench.view.explorer
2025-01-05 15:12:13.651 [info] Added views:workbench.debug.variablesView,workbench.debug.watchExpressionsView,workbench.debug.callStackView,workbench.debug.breakPointsView in workbench.view.debug
2025-01-05 15:12:13.834 [info] Added views:~remote.forwardedPorts in ~remote.forwardedPortsContainer
2025-01-05 15:12:13.955 [info] Added views:workbench.panel.repl.view in workbench.panel.repl
2025-01-05 15:12:13.955 [info] Removed views:workbench.debug.breakPointsView,workbench.debug.callStackView,workbench.debug.watchExpressionsView,workbench.debug.variablesView from workbench.view.debug
2025-01-05 15:12:13.955 [info] Added views:workbench.debug.welcome in workbench.view.debug
2025-01-05 15:12:15.494 [info] Added views:workbench.scm.history in workbench.view.scm
2025-01-05 15:27:29.967 [info] Added views:workbench.views.extensions.installed,workbench.views.extensions.popular,extensions.recommendedList in workbench.view.extensions
2025-01-05 15:27:29.969 [info] Removed views:workbench.views.extensions.popular from workbench.view.extensions
2025-01-05 15:27:32.431 [info] Removed views:extensions.recommendedList,workbench.views.extensions.installed from workbench.view.extensions
2025-01-05 15:27:32.435 [info] Added views:workbench.views.extensions.marketplace in workbench.view.extensions
2025-01-05 15:27:47.932 [info] Added views:latex-workshop-commands,latex-workshop-structure,latex-workshop-snippet-view in workbench.view.extension.latex-workshop-activitybar
2025-01-05 15:31:15.850 [info] Removed views:workbench.views.extensions.marketplace from workbench.view.extensions
2025-01-05 15:31:15.857 [info] Added views:workbench.views.extensions.installed,extensions.recommendedList in workbench.view.extensions
2025-01-05 15:31:17.600 [info] Removed views:extensions.recommendedList,workbench.views.extensions.installed from workbench.view.extensions
2025-01-05 15:31:17.604 [info] Added views:workbench.views.extensions.marketplace in workbench.view.extensions
