2025-01-21 13:04:20.764 [info] Added views:outline in workbench.view.explorer
2025-01-21 13:04:20.764 [info] Added views:workbench.view.search in workbench.view.search
2025-01-21 13:04:20.764 [info] Added views:workbench.scm in workbench.view.scm
2025-01-21 13:04:20.764 [info] Added views:workbench.panel.markers.view in workbench.panel.markers
2025-01-21 13:04:20.764 [info] Added views:workbench.panel.output in workbench.panel.output
2025-01-21 13:04:20.764 [info] Added views:terminal in terminal
2025-01-21 13:04:20.764 [info] Added views:timeline in workbench.view.explorer
2025-01-21 13:04:20.764 [info] Added views:workbench.explorer.fileView in workbench.view.explorer
2025-01-21 13:04:21.041 [info] Added views:workbench.debug.variablesView,workbench.debug.watchExpressionsView,workbench.debug.callStackView,workbench.debug.breakPointsView in workbench.view.debug
2025-01-21 13:04:22.385 [info] Added views:workbench.panel.repl.view in workbench.panel.repl
2025-01-21 13:04:23.938 [info] Added views:workbench.scm.repositories,workbench.scm.history in workbench.view.scm
2025-01-21 13:04:24.216 [info] Added views:~remote.forwardedPorts in ~remote.forwardedPortsContainer
2025-01-21 13:04:42.666 [info] Removed views:workbench.scm.history,workbench.scm.repositories from workbench.view.scm
2025-01-21 13:04:43.099 [info] Added views:outline in workbench.view.explorer
2025-01-21 13:04:43.099 [info] Added views:workbench.view.search in workbench.view.search
2025-01-21 13:04:43.099 [info] Added views:workbench.scm in workbench.view.scm
2025-01-21 13:04:43.099 [info] Added views:workbench.panel.markers.view in workbench.panel.markers
2025-01-21 13:04:43.099 [info] Added views:workbench.panel.output in workbench.panel.output
2025-01-21 13:04:43.099 [info] Added views:terminal in terminal
2025-01-21 13:04:43.099 [info] Added views:timeline in workbench.view.explorer
2025-01-21 13:04:43.099 [info] Added views:workbench.explorer.fileView in workbench.view.explorer
2025-01-21 13:04:43.486 [info] Added views:workbench.debug.variablesView,workbench.debug.watchExpressionsView,workbench.debug.callStackView,workbench.debug.breakPointsView in workbench.view.debug
2025-01-21 13:04:43.902 [info] Added views:~remote.forwardedPorts in ~remote.forwardedPortsContainer
2025-01-21 13:04:43.997 [info] Added views:workbench.panel.repl.view in workbench.panel.repl
2025-01-21 13:04:44.002 [info] Removed views:workbench.debug.breakPointsView,workbench.debug.callStackView,workbench.debug.watchExpressionsView,workbench.debug.variablesView from workbench.view.debug
2025-01-21 13:04:44.003 [info] Added views:workbench.debug.welcome in workbench.view.debug
2025-01-21 13:04:44.274 [info] Added views:workbench.scm.repositories,workbench.scm.history in workbench.view.scm
2025-01-21 13:04:47.495 [info] Added views:workbench.view.testing in workbench.view.extension.test
2025-01-21 13:04:57.061 [info] Added views:workbench.views.extensions.installed,workbench.views.extensions.popular,extensions.recommendedList in workbench.view.extensions
2025-01-21 13:04:57.065 [info] Removed views:workbench.views.extensions.popular from workbench.view.extensions
2025-01-21 13:04:59.576 [info] Removed views:extensions.recommendedList,workbench.views.extensions.installed from workbench.view.extensions
2025-01-21 13:04:59.583 [info] Added views:workbench.views.extensions.marketplace in workbench.view.extensions
2025-01-21 13:17:52.971 [info] Added views:workbench.panel.testResults.view in workbench.panel.testResults
2025-01-21 15:44:34.165 [info] Removed views:workbench.scm.history,workbench.scm.repositories from workbench.view.scm
2025-01-21 15:44:34.176 [info] Removed views:workbench.view.testing from workbench.view.extension.test
