2025-01-16 23:32:35.750 [info] Started local extension host with pid 9646.
2025-01-16 23:32:38.485 [info] [perf] Render performance baseline is 39ms
2025-01-16 23:32:41.921 [error] Timed out waiting for authentication provider to register
2025-01-16 23:33:37.314 [info] Started local extension host with pid 11932.
2025-01-16 23:33:38.485 [error] Error: Error while decrypting the ciphertext provided to safeStorage.decryptString.
    at dh.decrypt (file:///usr/lib/code/out/main.js:46:18187)
    at Object.call (file:///usr/lib/code/out/main.js:36:4563)
    at uf.s (file:///usr/lib/code/out/main.js:34:19716)
    at uf.q (file:///usr/lib/code/out/main.js:34:19239)
    at zo.value (file:///usr/lib/code/out/main.js:34:18641)
    at A.B (file:///usr/lib/code/out/main.js:33:746)
    at A.C (file:///usr/lib/code/out/main.js:33:816)
    at A.fire (file:///usr/lib/code/out/main.js:33:1033)
    at zo.value (file:///usr/lib/code/out/main.js:28:4913)
    at A.B (file:///usr/lib/code/out/main.js:33:746)
    at A.fire (file:///usr/lib/code/out/main.js:33:964)
    at zo.value (file:///usr/lib/code/out/main.js:28:5101)
    at A.B (file:///usr/lib/code/out/main.js:33:746)
    at A.fire (file:///usr/lib/code/out/main.js:33:964)
    at j (file:///usr/lib/code/out/main.js:28:7388)
    at IpcMainImpl.i (file:///usr/lib/code/out/main.js:36:21224)
    at IpcMainImpl.emit (node:events:518:28)
    at WebContents.<anonymous> (node:electron/js2c/browser_init:2:85784)
    at WebContents.emit (node:events:518:28)
2025-01-16 23:33:40.020 [info] [perf] Render performance baseline is 28ms
2025-01-16 23:33:42.964 [error] Timed out waiting for authentication provider to register
2025-01-16 23:35:09.099 [error] [network] #1: https://open-vsx.org/vscode/gallery/extensionquery - error POST Canceled
