2025-01-16 23:32:35.614 [info] Added views:outline in workbench.view.explorer
2025-01-16 23:32:35.614 [info] Added views:workbench.view.search in workbench.view.search
2025-01-16 23:32:35.614 [info] Added views:workbench.scm in workbench.view.scm
2025-01-16 23:32:35.614 [info] Added views:workbench.panel.markers.view in workbench.panel.markers
2025-01-16 23:32:35.615 [info] Added views:workbench.panel.output in workbench.panel.output
2025-01-16 23:32:35.615 [info] Added views:terminal in terminal
2025-01-16 23:32:35.615 [info] Added views:timeline in workbench.view.explorer
2025-01-16 23:32:35.615 [info] Added views:workbench.explorer.emptyView in workbench.view.explorer
2025-01-16 23:32:35.914 [info] Added views:workbench.debug.welcome in workbench.view.debug
2025-01-16 23:32:36.602 [info] Added views:~remote.forwardedPorts in ~remote.forwardedPortsContainer
2025-01-16 23:32:37.032 [info] Added views:workbench.panel.repl.view in workbench.panel.repl
2025-01-16 23:33:37.200 [info] Added views:outline in workbench.view.explorer
2025-01-16 23:33:37.200 [info] Added views:workbench.view.search in workbench.view.search
2025-01-16 23:33:37.200 [info] Added views:workbench.scm in workbench.view.scm
2025-01-16 23:33:37.200 [info] Added views:workbench.panel.markers.view in workbench.panel.markers
2025-01-16 23:33:37.200 [info] Added views:workbench.panel.output in workbench.panel.output
2025-01-16 23:33:37.200 [info] Added views:terminal in terminal
2025-01-16 23:33:37.200 [info] Added views:timeline in workbench.view.explorer
2025-01-16 23:33:37.200 [info] Added views:workbench.explorer.fileView in workbench.view.explorer
2025-01-16 23:33:37.887 [info] Added views:workbench.debug.variablesView,workbench.debug.watchExpressionsView,workbench.debug.callStackView,workbench.debug.breakPointsView in workbench.view.debug
2025-01-16 23:33:37.995 [info] Added views:workbench.panel.repl.view in workbench.panel.repl
2025-01-16 23:33:37.997 [info] Removed views:workbench.debug.breakPointsView,workbench.debug.callStackView,workbench.debug.watchExpressionsView,workbench.debug.variablesView from workbench.view.debug
2025-01-16 23:33:37.997 [info] Added views:workbench.debug.welcome in workbench.view.debug
2025-01-16 23:33:38.042 [info] Added views:~remote.forwardedPorts in ~remote.forwardedPortsContainer
2025-01-16 23:33:38.279 [info] Added views:workbench.scm.repositories,workbench.scm.history in workbench.view.scm
2025-01-16 23:35:07.143 [info] Added views:workbench.views.extensions.installed,workbench.views.extensions.popular,extensions.recommendedList in workbench.view.extensions
2025-01-16 23:35:07.148 [info] Removed views:workbench.views.extensions.popular from workbench.view.extensions
2025-01-16 23:35:07.313 [info] Added views:workbench.views.extensions.popular in workbench.view.extensions
2025-01-16 23:35:09.087 [info] Removed views:extensions.recommendedList,workbench.views.extensions.popular,workbench.views.extensions.installed from workbench.view.extensions
2025-01-16 23:35:09.097 [info] Added views:workbench.views.extensions.marketplace in workbench.view.extensions
2025-01-16 23:35:46.646 [info] Removed views:workbench.scm.history,workbench.scm.repositories from workbench.view.scm
