2025-01-06 15:41:17.584 [warning] Dir "/home/vadim/Edu/Github/polygon/.pixi/envs" is not watchable (directory does not exist)
2025-01-06 15:41:17.584 [error] Unable to check if shell integration is active [Error: Extension 'ms-python.python' CANNOT use API proposal: terminalDataWriteEvent.
Its package.json#enabledApiProposals-property declares:  but NOT terminalDataWriteEvent.
 The missing proposal MUST be added and you must start in extension development mode or use the following command line switch: --enable-proposed-api ms-python.python
	at L (file:///usr/lib/code/out/vs/workbench/api/node/extensionHostProcess.js:113:16650)
	at a.onDidWriteTerminalData (file:///usr/lib/code/out/vs/workbench/api/node/extensionHostProcess.js:157:46493)
	at new v (/home/vadim/.vscode-oss/extensions/ms-python.python-2024.22.1-universal/out/client/extension.js:2:896895)
	at me (/home/vadim/.vscode-oss/extensions/ms-python.python-2024.22.1-universal/out/client/extension.js:2:1747365)
	at /home/vadim/.vscode-oss/extensions/ms-python.python-2024.22.1-universal/out/client/extension.js:2:1750729
	at /home/vadim/.vscode-oss/extensions/ms-python.python-2024.22.1-universal/out/client/extension.js:2:1750757
	at Ee (/home/vadim/.vscode-oss/extensions/ms-python.python-2024.22.1-universal/out/client/extension.js:2:1750824)
	at /home/vadim/.vscode-oss/extensions/ms-python.python-2024.22.1-universal/out/client/extension.js:2:1751304
	at we (/home/vadim/.vscode-oss/extensions/ms-python.python-2024.22.1-universal/out/client/extension.js:2:1751245)
	at Te (/home/vadim/.vscode-oss/extensions/ms-python.python-2024.22.1-universal/out/client/extension.js:2:1751279)
	at /home/vadim/.vscode-oss/extensions/ms-python.python-2024.22.1-universal/out/client/extension.js:2:1748518
	at /home/vadim/.vscode-oss/extensions/ms-python.python-2024.22.1-universal/out/client/extension.js:2:1750123
	at Array.reduce (<anonymous>)
	at /home/vadim/.vscode-oss/extensions/ms-python.python-2024.22.1-universal/out/client/extension.js:2:1750095
	at /home/vadim/.vscode-oss/extensions/ms-python.python-2024.22.1-universal/out/client/extension.js:2:1750377
	at /home/vadim/.vscode-oss/extensions/ms-python.python-2024.22.1-universal/out/client/extension.js:2:1750757
	at Ee (/home/vadim/.vscode-oss/extensions/ms-python.python-2024.22.1-universal/out/client/extension.js:2:1750824)
	at /home/vadim/.vscode-oss/extensions/ms-python.python-2024.22.1-universal/out/client/extension.js:2:1751304
	at we (/home/vadim/.vscode-oss/extensions/ms-python.python-2024.22.1-universal/out/client/extension.js:2:1751245)
	at Te (/home/vadim/.vscode-oss/extensions/ms-python.python-2024.22.1-universal/out/client/extension.js:2:1751279)
	at /home/vadim/.vscode-oss/extensions/ms-python.python-2024.22.1-universal/out/client/extension.js:2:1748518
	at /home/vadim/.vscode-oss/extensions/ms-python.python-2024.22.1-universal/out/client/extension.js:2:1778188
	at /home/vadim/.vscode-oss/extensions/ms-python.python-2024.22.1-universal/out/client/extension.js:2:1778209
	at e._get (/home/vadim/.vscode-oss/extensions/ms-python.python-2024.22.1-universal/out/client/extension.js:2:1777222)
	at e._getButThrowIfAsync (/home/vadim/.vscode-oss/extensions/ms-python.python-2024.22.1-universal/out/client/extension.js:2:1777282)
	at e.get (/home/vadim/.vscode-oss/extensions/ms-python.python-2024.22.1-universal/out/client/extension.js:2:1772991)
	at e.dynamicValue (/home/vadim/.vscode-oss/extensions/ms-python.python-2024.22.1-universal/out/client/extension.js:2:1762724)
	at /home/vadim/.vscode-oss/extensions/ms-python.python-2024.22.1-universal/out/client/extension.js:2:1748901
	at Se (/home/vadim/.vscode-oss/extensions/ms-python.python-2024.22.1-universal/out/client/extension.js:2:1749157)
	at Ee (/home/vadim/.vscode-oss/extensions/ms-python.python-2024.22.1-universal/out/client/extension.js:2:1750873)
	at /home/vadim/.vscode-oss/extensions/ms-python.python-2024.22.1-universal/out/client/extension.js:2:1751304
	at we (/home/vadim/.vscode-oss/extensions/ms-python.python-2024.22.1-universal/out/client/extension.js:2:1751245)
	at Te (/home/vadim/.vscode-oss/extensions/ms-python.python-2024.22.1-universal/out/client/extension.js:2:1751279)
	at /home/vadim/.vscode-oss/extensions/ms-python.python-2024.22.1-universal/out/client/extension.js:2:1748518
	at /home/vadim/.vscode-oss/extensions/ms-python.python-2024.22.1-universal/out/client/extension.js:2:1748452
	at Array.map (<anonymous>)
	at /home/vadim/.vscode-oss/extensions/ms-python.python-2024.22.1-universal/out/client/extension.js:2:1748423
	at /home/vadim/.vscode-oss/extensions/ms-python.python-2024.22.1-universal/out/client/extension.js:2:1750123
	at Array.reduce (<anonymous>)
	at /home/vadim/.vscode-oss/extensions/ms-python.python-2024.22.1-universal/out/client/extension.js:2:1750095
	at /home/vadim/.vscode-oss/extensions/ms-python.python-2024.22.1-universal/out/client/extension.js:2:1750377
	at /home/vadim/.vscode-oss/extensions/ms-python.python-2024.22.1-universal/out/client/extension.js:2:1750757
	at Ee (/home/vadim/.vscode-oss/extensions/ms-python.python-2024.22.1-universal/out/client/extension.js:2:1750824)
	at /home/vadim/.vscode-oss/extensions/ms-python.python-2024.22.1-universal/out/client/extension.js:2:1751304
	at we (/home/vadim/.vscode-oss/extensions/ms-python.python-2024.22.1-universal/out/client/extension.js:2:1751245)
	at Te (/home/vadim/.vscode-oss/extensions/ms-python.python-2024.22.1-universal/out/client/extension.js:2:1751279)
	at /home/vadim/.vscode-oss/extensions/ms-python.python-2024.22.1-universal/out/client/extension.js:2:1748518
	at /home/vadim/.vscode-oss/extensions/ms-python.python-2024.22.1-universal/out/client/extension.js:2:1778188
	at /home/vadim/.vscode-oss/extensions/ms-python.python-2024.22.1-universal/out/client/extension.js:2:1778209
	at e._get (/home/vadim/.vscode-oss/extensions/ms-python.python-2024.22.1-universal/out/client/extension.js:2:1777222)
	at e._getButThrowIfAsync (/home/vadim/.vscode-oss/extensions/ms-python.python-2024.22.1-universal/out/client/extension.js:2:1777282)
	at e.get (/home/vadim/.vscode-oss/extensions/ms-python.python-2024.22.1-universal/out/client/extension.js:2:1772991)
	at a.get (/home/vadim/.vscode-oss/extensions/ms-python.python-2024.22.1-universal/out/client/extension.js:2:526378)
	at /home/vadim/.vscode-oss/extensions/ms-python.python-2024.22.1-universal/out/client/extension.js:2:441970
	at async t.activateComponents (/home/vadim/.vscode-oss/extensions/ms-python.python-2024.22.1-universal/out/client/extension.js:2:440250)
	at async /home/vadim/.vscode-oss/extensions/ms-python.python-2024.22.1-universal/out/client/extension.js:2:2705137
	at async e (/home/vadim/.vscode-oss/extensions/ms-python.python-2024.22.1-universal/out/client/extension.js:2:2704669)
	at async K0.n (file:///usr/lib/code/out/vs/workbench/api/node/extensionHostProcess.js:115:4447)
	at async K0.m (file:///usr/lib/code/out/vs/workbench/api/node/extensionHostProcess.js:115:4410)
	at async K0.l (file:///usr/lib/code/out/vs/workbench/api/node/extensionHostProcess.js:115:3866)]
2025-01-06 15:41:17.584 [info] Python interpreter path: ./.venv/bin/python
2025-01-06 15:41:17.619 [info] > pyenv which python
2025-01-06 15:41:17.619 [info] cwd: .
2025-01-06 15:41:17.754 [error] [
  'Failed to activate a workspace, Class name = v, completed in 200ms, has a falsy return value, Arg 1: <Uri:/home/vadim/Edu/Github/polygon>, Arg 2: {"started":1736167277411}, Return Value: undefined',
  [Error: Extension 'ms-python.python' CANNOT use API proposal: testObserver.
  Its package.json#enabledApiProposals-property declares:  but NOT testObserver.
   The missing proposal MUST be added and you must start in extension development mode or use the following command line switch: --enable-proposed-api ms-python.python
  	at L (file:///usr/lib/code/out/vs/workbench/api/node/extensionHostProcess.js:113:16650)
  	at get testResults (file:///usr/lib/code/out/vs/workbench/api/node/extensionHostProcess.js:157:39656)
  	at C.activate (/home/vadim/.vscode-oss/extensions/ms-python.python-2024.22.1-universal/out/client/extension.js:2:932762)
  	at /home/vadim/.vscode-oss/extensions/ms-python.python-2024.22.1-universal/out/client/extension.js:2:2457
  	at Array.map (<anonymous>)
  	at v.activateWorkspace (/home/vadim/.vscode-oss/extensions/ms-python.python-2024.22.1-universal/out/client/extension.js:2:2447)]
]
2025-01-06 15:41:17.754 [error] Failure during activation. [Error: Extension 'ms-python.python' CANNOT use API proposal: testObserver.
Its package.json#enabledApiProposals-property declares:  but NOT testObserver.
 The missing proposal MUST be added and you must start in extension development mode or use the following command line switch: --enable-proposed-api ms-python.python
	at L (file:///usr/lib/code/out/vs/workbench/api/node/extensionHostProcess.js:113:16650)
	at get testResults (file:///usr/lib/code/out/vs/workbench/api/node/extensionHostProcess.js:157:39656)
	at C.activate (/home/vadim/.vscode-oss/extensions/ms-python.python-2024.22.1-universal/out/client/extension.js:2:932762)
	at /home/vadim/.vscode-oss/extensions/ms-python.python-2024.22.1-universal/out/client/extension.js:2:2457
	at Array.map (<anonymous>)
	at v.activateWorkspace (/home/vadim/.vscode-oss/extensions/ms-python.python-2024.22.1-universal/out/client/extension.js:2:2447)]
2025-01-06 15:41:17.754 [error] sendStartupTelemetry() failed. [Error: Extension 'ms-python.python' CANNOT use API proposal: testObserver.
Its package.json#enabledApiProposals-property declares:  but NOT testObserver.
 The missing proposal MUST be added and you must start in extension development mode or use the following command line switch: --enable-proposed-api ms-python.python
	at L (file:///usr/lib/code/out/vs/workbench/api/node/extensionHostProcess.js:113:16650)
	at get testResults (file:///usr/lib/code/out/vs/workbench/api/node/extensionHostProcess.js:157:39656)
	at C.activate (/home/vadim/.vscode-oss/extensions/ms-python.python-2024.22.1-universal/out/client/extension.js:2:932762)
	at /home/vadim/.vscode-oss/extensions/ms-python.python-2024.22.1-universal/out/client/extension.js:2:2457
	at Array.map (<anonymous>)
	at v.activateWorkspace (/home/vadim/.vscode-oss/extensions/ms-python.python-2024.22.1-universal/out/client/extension.js:2:2447)]
2025-01-06 15:41:18.303 [info] Starting Jedi language server for polygon.
