2025-01-16 23:32:37.189 [info] [main] Log level: Info
2025-01-16 23:32:37.189 [info] [main] Validating found git in: "git"
2025-01-16 23:32:37.236 [info] [main] Using git "2.48.1" from "git"
2025-01-16 23:32:37.236 [info] [Model][doInitialScan] Initial repository scan started
2025-01-16 23:32:37.238 [info] [Model][doInitialScan] Initial repository scan completed - repositories (0), closed repositories (0), parent repositories (0), unsafe repositories (0)
2025-01-16 23:33:38.237 [info] [main] Log level: Info
2025-01-16 23:33:38.237 [info] [main] Validating found git in: "git"
2025-01-16 23:33:38.237 [info] [main] Using git "2.48.1" from "git"
2025-01-16 23:33:38.237 [info] [Model][doInitialScan] Initial repository scan started
2025-01-16 23:33:38.237 [info] > git rev-parse --show-toplevel [9ms]
2025-01-16 23:33:38.243 [info] > git rev-parse --git-dir --git-common-dir [1ms]
2025-01-16 23:33:38.267 [info] [Model][openRepository] Opened repository: /home/vadim/Edu/polygon
2025-01-16 23:33:38.307 [info] > git rev-parse --show-toplevel [26ms]
2025-01-16 23:33:38.308 [info] > git config --get commit.template [32ms]
2025-01-16 23:33:38.349 [info] > git rev-parse --show-toplevel [28ms]
2025-01-16 23:33:38.371 [info] > git for-each-ref --format=%(refname)%00%(upstream:short)%00%(objectname)%00%(upstream:track)%00%(upstream:remotename)%00%(upstream:remoteref) refs/heads/main refs/remotes/main [24ms]
2025-01-16 23:33:38.378 [warning] [Git][revParse] Unable to read file: ENOENT: no such file or directory, open '/home/vadim/Edu/polygon/.git/refs/remotes/origin/main'
2025-01-16 23:33:38.379 [info] > git rev-parse --show-toplevel [9ms]
2025-01-16 23:33:38.380 [info] [Model][doInitialScan] Initial repository scan completed - repositories (1), closed repositories (0), parent repositories (0), unsafe repositories (0)
2025-01-16 23:33:38.381 [info] > git rev-parse refs/remotes/origin/main [3ms]
2025-01-16 23:33:38.394 [info] > git status -z -uall [7ms]
2025-01-16 23:33:38.396 [info] > git for-each-ref --sort -committerdate --format %(refname) %(objectname) %(*objectname) [2ms]
2025-01-16 23:33:38.422 [info] > git for-each-ref --format=%(refname)%00%(upstream:short)%00%(objectname)%00%(upstream:track)%00%(upstream:remotename)%00%(upstream:remoteref) refs/heads/main refs/remotes/main [13ms]
2025-01-16 23:33:38.429 [info] > git config --local branch.main.vscode-merge-base [2ms]
2025-01-16 23:33:38.429 [warning] [Git][config] git config failed: Failed to execute git
2025-01-16 23:33:38.434 [info] > git config --get commit.template [17ms]
2025-01-16 23:33:38.471 [info] > git reflog main --grep-reflog=branch: Created from *. [37ms]
2025-01-16 23:33:38.478 [info] > git symbolic-ref --short refs/remotes/origin/HEAD [3ms]
2025-01-16 23:33:38.483 [info] > git for-each-ref --format=%(refname)%00%(upstream:short)%00%(objectname)%00%(upstream:track)%00%(upstream:remotename)%00%(upstream:remoteref) refs/heads/main refs/remotes/main [11ms]
2025-01-16 23:33:38.488 [warning] [Git][revParse] Unable to read file: ENOENT: no such file or directory, open '/home/vadim/Edu/polygon/.git/refs/remotes/origin/main'
2025-01-16 23:33:38.489 [info] > git for-each-ref --format=%(refname)%00%(upstream:short)%00%(objectname)%00%(upstream:track)%00%(upstream:remotename)%00%(upstream:remoteref) refs/heads/origin/main refs/remotes/origin/main [6ms]
2025-01-16 23:33:38.495 [info] > git rev-parse refs/remotes/origin/main [7ms]
2025-01-16 23:33:38.506 [info] > git status -z -uall [7ms]
2025-01-16 23:33:38.507 [info] > git for-each-ref --sort -committerdate --format %(refname) %(objectname) %(*objectname) [4ms]
2025-01-16 23:33:38.517 [info] > git config --local branch.main.vscode-merge-base origin/main [24ms]
2025-01-16 23:33:38.525 [info] > git for-each-ref --format=%(refname)%00%(upstream:short)%00%(objectname)%00%(upstream:track)%00%(upstream:remotename)%00%(upstream:remoteref) refs/heads/main refs/remotes/main [11ms]
2025-01-16 23:33:38.531 [info] > git config --local branch.main.vscode-merge-base [2ms]
2025-01-16 23:33:38.537 [info] > git config --get commit.template [11ms]
2025-01-16 23:33:38.538 [info] > git for-each-ref --format=%(refname)%00%(upstream:short)%00%(objectname)%00%(upstream:track)%00%(upstream:remotename)%00%(upstream:remoteref) refs/heads/origin/main refs/remotes/origin/main [2ms]
2025-01-16 23:33:38.558 [info] > git merge-base refs/heads/main refs/remotes/origin/main [13ms]
2025-01-16 23:33:38.562 [info] > git for-each-ref --format=%(refname)%00%(upstream:short)%00%(objectname)%00%(upstream:track)%00%(upstream:remotename)%00%(upstream:remoteref) refs/heads/main refs/remotes/main [5ms]
2025-01-16 23:33:38.566 [warning] [Git][revParse] Unable to read file: ENOENT: no such file or directory, open '/home/vadim/Edu/polygon/.git/refs/remotes/origin/main'
2025-01-16 23:33:38.566 [info] > git diff --name-status -z --diff-filter=ADMR abdf96b8cbb503147b3d7bc2dde40003794df24e...refs/remotes/origin/main [4ms]
2025-01-16 23:33:38.568 [info] > git rev-parse refs/remotes/origin/main [2ms]
2025-01-16 23:33:38.576 [info] > git status -z -uall [5ms]
2025-01-16 23:33:38.577 [info] > git for-each-ref --sort -committerdate --format %(refname) %(objectname) %(*objectname) [1ms]
2025-01-16 23:33:38.718 [info] > git fetch [451ms]
2025-01-16 23:33:38.739 [info] > git for-each-ref --format=%(refname)%00%(upstream:short)%00%(objectname)%00%(upstream:track)%00%(upstream:remotename)%00%(upstream:remoteref) refs/heads/main refs/remotes/main [4ms]
2025-01-16 23:33:38.739 [info] > git config --get commit.template [12ms]
2025-01-16 23:33:38.747 [warning] [Git][revParse] Unable to read file: ENOENT: no such file or directory, open '/home/vadim/Edu/polygon/.git/refs/remotes/origin/main'
2025-01-16 23:33:38.749 [info] > git rev-parse refs/remotes/origin/main [2ms]
2025-01-16 23:33:38.762 [info] > git status -z -uall [9ms]
2025-01-16 23:33:38.763 [info] > git for-each-ref --sort -committerdate --format %(refname) %(objectname) %(*objectname) [2ms]
2025-01-16 23:33:38.795 [info] > git log --format=%H%n%aN%n%aE%n%at%n%ct%n%P%n%D%n%B -z --shortstat --diff-merges=first-parent -n50 --skip=0 --topo-order --decorate=full --stdin [4ms]
2025-01-16 23:33:38.821 [info] > git check-ignore -v -z --stdin [1ms]
2025-01-16 23:33:39.921 [info] > git config --get commit.template [22ms]
2025-01-16 23:33:39.935 [info] > git for-each-ref --sort -committerdate --format %(refname) %(objectname) %(*objectname) [16ms]
2025-01-16 23:33:39.942 [info] > git for-each-ref --format=%(refname)%00%(upstream:short)%00%(objectname)%00%(upstream:track)%00%(upstream:remotename)%00%(upstream:remoteref) refs/heads/main refs/remotes/main [9ms]
2025-01-16 23:33:39.948 [warning] [Git][revParse] Unable to read file: ENOENT: no such file or directory, open '/home/vadim/Edu/polygon/.git/refs/remotes/origin/main'
2025-01-16 23:33:39.950 [info] > git rev-parse refs/remotes/origin/main [2ms]
2025-01-16 23:33:39.970 [info] > git status -z -uall [15ms]
2025-01-16 23:33:39.973 [info] > git for-each-ref --sort -committerdate --format %(refname) %(objectname) %(*objectname) [7ms]
2025-01-16 23:33:41.516 [info] > git for-each-ref --format %(refname:short)%00%(upstream:short) refs/heads [1ms]
2025-01-16 23:33:41.599 [info] > git checkout -q --track origin/3112_Tiganov_Vadim [75ms]
2025-01-16 23:33:41.611 [info] > git for-each-ref --format=%(refname)%00%(upstream:short)%00%(objectname)%00%(upstream:track)%00%(upstream:remotename)%00%(upstream:remoteref) refs/heads/3112_Tiganov_Vadim refs/remotes/3112_Tiganov_Vadim [2ms]
2025-01-16 23:33:41.612 [info] > git config --get commit.template [8ms]
2025-01-16 23:33:41.617 [warning] [Git][revParse] Unable to read file: ENOENT: no such file or directory, open '/home/vadim/Edu/polygon/.git/refs/remotes/origin/3112_Tiganov_Vadim'
2025-01-16 23:33:41.619 [info] > git rev-parse refs/remotes/origin/3112_Tiganov_Vadim [2ms]
2025-01-16 23:33:41.631 [info] > git for-each-ref --sort -committerdate --format %(refname) %(objectname) %(*objectname) [2ms]
2025-01-16 23:33:41.663 [info] > git status -z -uall [39ms]
2025-01-16 23:33:41.674 [info] > git for-each-ref --format=%(refname)%00%(upstream:short)%00%(objectname)%00%(upstream:track)%00%(upstream:remotename)%00%(upstream:remoteref) refs/heads/3112_Tiganov_Vadim refs/remotes/3112_Tiganov_Vadim [2ms]
2025-01-16 23:33:41.681 [info] > git config --local branch.3112_Tiganov_Vadim.vscode-merge-base [2ms]
2025-01-16 23:33:41.681 [warning] [Git][config] git config failed: Failed to execute git
2025-01-16 23:33:41.690 [info] > git reflog 3112_Tiganov_Vadim --grep-reflog=branch: Created from *. [3ms]
2025-01-16 23:33:41.697 [info] > git for-each-ref --format=%(refname)%00%(upstream:short)%00%(objectname)%00%(upstream:track)%00%(upstream:remotename)%00%(upstream:remoteref) refs/heads/origin/3112_Tiganov_Vadim refs/remotes/origin/3112_Tiganov_Vadim [1ms]
2025-01-16 23:33:41.704 [info] > git config --local branch.3112_Tiganov_Vadim.vscode-merge-base origin/3112_Tiganov_Vadim [2ms]
2025-01-16 23:33:41.716 [info] > git config --get commit.template [7ms]
2025-01-16 23:33:41.717 [info] > git for-each-ref --format=%(refname)%00%(upstream:short)%00%(objectname)%00%(upstream:track)%00%(upstream:remotename)%00%(upstream:remoteref) refs/heads/3112_Tiganov_Vadim refs/remotes/3112_Tiganov_Vadim [2ms]
2025-01-16 23:33:41.722 [warning] [Git][revParse] Unable to read file: ENOENT: no such file or directory, open '/home/vadim/Edu/polygon/.git/refs/remotes/origin/3112_Tiganov_Vadim'
2025-01-16 23:33:41.724 [info] > git rev-parse refs/remotes/origin/3112_Tiganov_Vadim [3ms]
2025-01-16 23:33:41.743 [info] > git for-each-ref --sort -committerdate --format %(refname) %(objectname) %(*objectname) [9ms]
2025-01-16 23:33:41.774 [info] > git status -z -uall [45ms]
2025-01-16 23:33:41.794 [info] > git merge-base refs/heads/3112_Tiganov_Vadim refs/remotes/origin/3112_Tiganov_Vadim [8ms]
2025-01-16 23:33:41.799 [info] > git for-each-ref --format=%(refname)%00%(upstream:short)%00%(objectname)%00%(upstream:track)%00%(upstream:remotename)%00%(upstream:remoteref) refs/heads/3112_Tiganov_Vadim refs/remotes/3112_Tiganov_Vadim [18ms]
2025-01-16 23:33:41.806 [info] > git diff --name-status -z --diff-filter=ADMR 4f0c03202672b5826989d1efd198381eb12c7813...refs/remotes/origin/3112_Tiganov_Vadim [7ms]
2025-01-16 23:33:41.808 [info] > git config --local branch.3112_Tiganov_Vadim.vscode-merge-base [2ms]
2025-01-16 23:33:41.817 [info] > git for-each-ref --format=%(refname)%00%(upstream:short)%00%(objectname)%00%(upstream:track)%00%(upstream:remotename)%00%(upstream:remoteref) refs/heads/origin/3112_Tiganov_Vadim refs/remotes/origin/3112_Tiganov_Vadim [1ms]
2025-01-16 23:33:41.878 [info] > git log --format=%H%n%aN%n%aE%n%at%n%ct%n%P%n%D%n%B -z --shortstat --diff-merges=first-parent -n50 --skip=0 --topo-order --decorate=full --stdin [84ms]
2025-01-16 23:33:44.087 [info] > git check-ignore -v -z --stdin [3ms]
2025-01-16 23:33:45.001 [info] > git config --get commit.template [11ms]
2025-01-16 23:33:45.003 [info] > git for-each-ref --format=%(refname)%00%(upstream:short)%00%(objectname)%00%(upstream:track)%00%(upstream:remotename)%00%(upstream:remoteref) refs/heads/3112_Tiganov_Vadim refs/remotes/3112_Tiganov_Vadim [4ms]
2025-01-16 23:33:45.017 [warning] [Git][revParse] Unable to read file: ENOENT: no such file or directory, open '/home/vadim/Edu/polygon/.git/refs/remotes/origin/3112_Tiganov_Vadim'
2025-01-16 23:33:45.021 [info] > git rev-parse refs/remotes/origin/3112_Tiganov_Vadim [4ms]
2025-01-16 23:33:45.042 [info] > git for-each-ref --sort -committerdate --format %(refname) %(objectname) %(*objectname) [4ms]
2025-01-16 23:33:45.073 [info] > git status -z -uall [45ms]
2025-01-16 23:33:45.326 [info] > git log --format=%H%n%aN%n%aE%n%at%n%ct%n%P%n%D%n%B -z --shortstat --diff-merges=first-parent -n50 --skip=0 --topo-order --decorate=full --stdin [78ms]
2025-01-16 23:33:46.705 [info] > git log --oneline --cherry 3112_Tiganov_Vadim...3112_Tiganov_Vadim@{upstream} -- [4ms]
2025-01-16 23:33:47.236 [info] > git pull --tags origin 3112_Tiganov_Vadim [520ms]
2025-01-16 23:33:47.236 [info] From https://github.com/VTiganov/polygon
 * branch            3112_Tiganov_Vadim -> FETCH_HEAD
2025-01-16 23:33:47.254 [info] > git config --get commit.template [8ms]
2025-01-16 23:33:47.256 [info] > git for-each-ref --format=%(refname)%00%(upstream:short)%00%(objectname)%00%(upstream:track)%00%(upstream:remotename)%00%(upstream:remoteref) refs/heads/3112_Tiganov_Vadim refs/remotes/3112_Tiganov_Vadim [3ms]
2025-01-16 23:33:47.266 [warning] [Git][revParse] Unable to read file: ENOENT: no such file or directory, open '/home/vadim/Edu/polygon/.git/refs/remotes/origin/3112_Tiganov_Vadim'
2025-01-16 23:33:47.268 [info] > git rev-parse refs/remotes/origin/3112_Tiganov_Vadim [2ms]
2025-01-16 23:33:47.300 [info] > git for-each-ref --sort -committerdate --format %(refname) %(objectname) %(*objectname) [7ms]
2025-01-16 23:33:47.347 [info] > git status -z -uall [69ms]
2025-01-16 23:33:57.187 [info] > git config --get commit.template [13ms]
2025-01-16 23:33:57.190 [info] > git for-each-ref --format=%(refname)%00%(upstream:short)%00%(objectname)%00%(upstream:track)%00%(upstream:remotename)%00%(upstream:remoteref) refs/heads/3112_Tiganov_Vadim refs/remotes/3112_Tiganov_Vadim [4ms]
2025-01-16 23:33:57.201 [warning] [Git][revParse] Unable to read file: ENOENT: no such file or directory, open '/home/vadim/Edu/polygon/.git/refs/remotes/origin/3112_Tiganov_Vadim'
2025-01-16 23:33:57.203 [info] > git rev-parse refs/remotes/origin/3112_Tiganov_Vadim [2ms]
2025-01-16 23:33:57.223 [info] > git for-each-ref --sort -committerdate --format %(refname) %(objectname) %(*objectname) [4ms]
2025-01-16 23:33:57.255 [info] > git status -z -uall [46ms]
2025-01-16 23:33:59.535 [info] > git config --get commit.template [13ms]
2025-01-16 23:33:59.538 [info] > git for-each-ref --format=%(refname)%00%(upstream:short)%00%(objectname)%00%(upstream:track)%00%(upstream:remotename)%00%(upstream:remoteref) refs/heads/3112_Tiganov_Vadim refs/remotes/3112_Tiganov_Vadim [4ms]
2025-01-16 23:33:59.542 [warning] [Git][revParse] Unable to read file: ENOENT: no such file or directory, open '/home/vadim/Edu/polygon/.git/refs/remotes/origin/3112_Tiganov_Vadim'
2025-01-16 23:33:59.544 [info] > git rev-parse refs/remotes/origin/3112_Tiganov_Vadim [2ms]
2025-01-16 23:33:59.560 [info] > git for-each-ref --sort -committerdate --format %(refname) %(objectname) %(*objectname) [3ms]
2025-01-16 23:33:59.592 [info] > git status -z -uall [41ms]
2025-01-16 23:34:02.269 [info] > git config --get commit.template [2ms]
2025-01-16 23:34:02.283 [info] > git for-each-ref --format=%(refname)%00%(upstream:short)%00%(objectname)%00%(upstream:track)%00%(upstream:remotename)%00%(upstream:remoteref) refs/heads/3112_Tiganov_Vadim refs/remotes/3112_Tiganov_Vadim [3ms]
2025-01-16 23:34:02.291 [warning] [Git][revParse] Unable to read file: ENOENT: no such file or directory, open '/home/vadim/Edu/polygon/.git/refs/remotes/origin/3112_Tiganov_Vadim'
2025-01-16 23:34:02.295 [info] > git rev-parse refs/remotes/origin/3112_Tiganov_Vadim [3ms]
2025-01-16 23:34:02.319 [info] > git for-each-ref --sort -committerdate --format %(refname) %(objectname) %(*objectname) [5ms]
2025-01-16 23:34:02.355 [info] > git status -z -uall [51ms]
2025-01-16 23:34:03.992 [info] > git config --get commit.template [10ms]
2025-01-16 23:34:03.995 [info] > git for-each-ref --format=%(refname)%00%(upstream:short)%00%(objectname)%00%(upstream:track)%00%(upstream:remotename)%00%(upstream:remoteref) refs/heads/3112_Tiganov_Vadim refs/remotes/3112_Tiganov_Vadim [4ms]
2025-01-16 23:34:04.001 [warning] [Git][revParse] Unable to read file: ENOENT: no such file or directory, open '/home/vadim/Edu/polygon/.git/refs/remotes/origin/3112_Tiganov_Vadim'
2025-01-16 23:34:04.002 [info] > git rev-parse refs/remotes/origin/3112_Tiganov_Vadim [1ms]
2025-01-16 23:34:04.015 [info] > git for-each-ref --sort -committerdate --format %(refname) %(objectname) %(*objectname) [2ms]
2025-01-16 23:34:04.044 [info] > git status -z -uall [37ms]
2025-01-16 23:34:07.326 [info] > git config --get commit.template [11ms]
2025-01-16 23:34:07.328 [info] > git for-each-ref --format=%(refname)%00%(upstream:short)%00%(objectname)%00%(upstream:track)%00%(upstream:remotename)%00%(upstream:remoteref) refs/heads/3112_Tiganov_Vadim refs/remotes/3112_Tiganov_Vadim [3ms]
2025-01-16 23:34:07.336 [warning] [Git][revParse] Unable to read file: ENOENT: no such file or directory, open '/home/vadim/Edu/polygon/.git/refs/remotes/origin/3112_Tiganov_Vadim'
2025-01-16 23:34:07.339 [info] > git rev-parse refs/remotes/origin/3112_Tiganov_Vadim [3ms]
2025-01-16 23:34:07.358 [info] > git for-each-ref --sort -committerdate --format %(refname) %(objectname) %(*objectname) [5ms]
2025-01-16 23:34:07.391 [info] > git status -z -uall [45ms]
2025-01-16 23:34:07.401 [info] > git config --get commit.template [1ms]
2025-01-16 23:34:07.406 [info] > git for-each-ref --format=%(refname)%00%(upstream:short)%00%(objectname)%00%(upstream:track)%00%(upstream:remotename)%00%(upstream:remoteref) refs/heads/3112_Tiganov_Vadim refs/remotes/3112_Tiganov_Vadim [2ms]
2025-01-16 23:34:07.413 [warning] [Git][revParse] Unable to read file: ENOENT: no such file or directory, open '/home/vadim/Edu/polygon/.git/refs/remotes/origin/3112_Tiganov_Vadim'
2025-01-16 23:34:07.414 [info] > git rev-parse refs/remotes/origin/3112_Tiganov_Vadim [1ms]
2025-01-16 23:34:07.427 [info] > git for-each-ref --sort -committerdate --format %(refname) %(objectname) %(*objectname) [3ms]
2025-01-16 23:34:07.462 [info] > git status -z -uall [45ms]
2025-01-16 23:34:12.413 [info] > git check-ignore -v -z --stdin [2ms]
2025-01-16 23:34:12.485 [info] > git config --get commit.template [9ms]
2025-01-16 23:34:12.487 [info] > git for-each-ref --format=%(refname)%00%(upstream:short)%00%(objectname)%00%(upstream:track)%00%(upstream:remotename)%00%(upstream:remoteref) refs/heads/3112_Tiganov_Vadim refs/remotes/3112_Tiganov_Vadim [3ms]
2025-01-16 23:34:12.494 [warning] [Git][revParse] Unable to read file: ENOENT: no such file or directory, open '/home/vadim/Edu/polygon/.git/refs/remotes/origin/3112_Tiganov_Vadim'
2025-01-16 23:34:12.496 [info] > git rev-parse refs/remotes/origin/3112_Tiganov_Vadim [1ms]
2025-01-16 23:34:12.508 [info] > git for-each-ref --sort -committerdate --format %(refname) %(objectname) %(*objectname) [1ms]
2025-01-16 23:34:12.536 [info] > git status -z -uall [34ms]
2025-01-16 23:34:13.571 [info] > git check-ignore -v -z --stdin [3ms]
2025-01-16 23:34:18.430 [info] > git show --textconv :lab8/.~lock.ШаблонОтчётаАлгосы2024.odt# [13ms]
2025-01-16 23:34:18.430 [info] > git ls-files --stage -- /home/vadim/Edu/polygon/lab8/.~lock.ШаблонОтчётаАлгосы2024.odt# [3ms]
2025-01-16 23:34:18.438 [info] > git cat-file -s 67af559411344b16fe381a04ebf0a20fc74e9cf4 [3ms]
2025-01-16 23:34:24.985 [info] > git config --get commit.template [9ms]
2025-01-16 23:34:24.986 [info] > git for-each-ref --format=%(refname)%00%(upstream:short)%00%(objectname)%00%(upstream:track)%00%(upstream:remotename)%00%(upstream:remoteref) refs/heads/3112_Tiganov_Vadim refs/remotes/3112_Tiganov_Vadim [2ms]
2025-01-16 23:34:24.992 [warning] [Git][revParse] Unable to read file: ENOENT: no such file or directory, open '/home/vadim/Edu/polygon/.git/refs/remotes/origin/3112_Tiganov_Vadim'
2025-01-16 23:34:24.994 [info] > git rev-parse refs/remotes/origin/3112_Tiganov_Vadim [2ms]
2025-01-16 23:34:25.008 [info] > git for-each-ref --sort -committerdate --format %(refname) %(objectname) %(*objectname) [3ms]
2025-01-16 23:34:25.036 [info] > git status -z -uall [37ms]
2025-01-16 23:34:29.718 [info] > git show --textconv :lab8/main.cpp [10ms]
2025-01-16 23:34:29.720 [info] > git ls-files --stage -- /home/vadim/Edu/polygon/lab8/main.cpp [2ms]
2025-01-16 23:34:29.727 [info] > git cat-file -s a25a22f90b907f0fd4b9bc4fbda0091527b9c125 [3ms]
2025-01-16 23:34:30.052 [info] > git config --get commit.template [4ms]
2025-01-16 23:34:30.052 [info] > git for-each-ref --format=%(refname)%00%(upstream:short)%00%(objectname)%00%(upstream:track)%00%(upstream:remotename)%00%(upstream:remoteref) refs/heads/3112_Tiganov_Vadim refs/remotes/3112_Tiganov_Vadim [1ms]
2025-01-16 23:34:30.059 [warning] [Git][revParse] Unable to read file: ENOENT: no such file or directory, open '/home/vadim/Edu/polygon/.git/refs/remotes/origin/3112_Tiganov_Vadim'
2025-01-16 23:34:30.060 [info] > git rev-parse refs/remotes/origin/3112_Tiganov_Vadim [2ms]
2025-01-16 23:34:30.072 [info] > git for-each-ref --sort -committerdate --format %(refname) %(objectname) %(*objectname) [2ms]
2025-01-16 23:34:30.090 [info] > git status -z -uall [26ms]
2025-01-16 23:34:34.060 [info] > git blame --root --incremental 4f0c03202672b5826989d1efd198381eb12c7813 -- /home/vadim/Edu/polygon/lab8/main.cpp [2ms]
2025-01-16 23:34:36.633 [info] > git show --textconv :lab8/test.cpp [12ms]
2025-01-16 23:34:36.636 [info] > git ls-files --stage -- /home/vadim/Edu/polygon/lab8/test.cpp [4ms]
2025-01-16 23:34:36.645 [info] > git cat-file -s a813c6ada080d178f2c9e08197d2e0f501f28386 [2ms]
2025-01-16 23:34:51.836 [info] > git show --textconv :lab8/main.cpp [8ms]
2025-01-16 23:34:51.838 [info] > git ls-files --stage -- /home/vadim/Edu/polygon/lab8/main.cpp [4ms]
2025-01-16 23:34:51.844 [info] > git cat-file -s a25a22f90b907f0fd4b9bc4fbda0091527b9c125 [3ms]
2025-01-16 23:35:22.301 [info] > git show --textconv :lab8/main.cpp [8ms]
2025-01-16 23:35:22.316 [info] > git ls-files --stage -- /home/vadim/Edu/polygon/lab8/main.cpp [16ms]
2025-01-16 23:35:22.328 [info] > git cat-file -s a25a22f90b907f0fd4b9bc4fbda0091527b9c125 [6ms]
2025-01-16 23:35:46.564 [info] > git config --get commit.template [9ms]
2025-01-16 23:35:46.565 [info] > git for-each-ref --format=%(refname)%00%(upstream:short)%00%(objectname)%00%(upstream:track)%00%(upstream:remotename)%00%(upstream:remoteref) refs/heads/3112_Tiganov_Vadim refs/remotes/3112_Tiganov_Vadim [2ms]
2025-01-16 23:35:46.572 [warning] [Git][revParse] Unable to read file: ENOENT: no such file or directory, open '/home/vadim/Edu/polygon/.git/refs/remotes/origin/3112_Tiganov_Vadim'
2025-01-16 23:35:46.574 [info] > git rev-parse refs/remotes/origin/3112_Tiganov_Vadim [2ms]
2025-01-16 23:35:46.587 [info] > git for-each-ref --sort -committerdate --format %(refname) %(objectname) %(*objectname) [2ms]
2025-01-16 23:35:46.608 [info] > git status -z -uall [29ms]
