2025-01-06 15:41:17.584 [info] [main] Log level: Info
2025-01-06 15:41:17.584 [info] [main] Validating found git in: "git"
2025-01-06 15:41:17.584 [info] [main] Using git "2.47.1" from "git"
2025-01-06 15:41:17.584 [info] [Model][doInitialScan] Initial repository scan started
2025-01-06 15:41:17.584 [info] > git rev-parse --show-toplevel [4ms]
2025-01-06 15:41:17.585 [info] > git rev-parse --git-dir --git-common-dir [1ms]
2025-01-06 15:41:17.597 [info] [Model][openRepository] Opened repository: /home/vadim/Edu/Github/polygon
2025-01-06 15:41:17.609 [info] > git config --get commit.template [4ms]
2025-01-06 15:41:17.619 [info] > git for-each-ref --format=%(refname)%00%(upstream:short)%00%(objectname)%00%(upstream:track)%00%(upstream:remotename)%00%(upstream:remoteref) refs/heads/3112_Tiganov_Vadim refs/remotes/3112_Tiganov_Vadim [5ms]
2025-01-06 15:41:17.635 [info] > git rev-parse --show-toplevel [12ms]
2025-01-06 15:41:17.639 [info] > git status -z -uall [9ms]
2025-01-06 15:41:17.690 [info] > git rev-parse --show-toplevel [51ms]
2025-01-06 15:41:17.690 [info] > git for-each-ref --sort -committerdate --format %(refname) %(objectname) %(*objectname) [55ms]
2025-01-06 15:41:17.714 [info] > git for-each-ref --format=%(refname)%00%(upstream:short)%00%(objectname)%00%(upstream:track)%00%(upstream:remotename)%00%(upstream:remoteref) refs/heads/3112_Tiganov_Vadim refs/remotes/3112_Tiganov_Vadim [18ms]
2025-01-06 15:41:17.756 [info] > git config --local branch.3112_Tiganov_Vadim.vscode-merge-base [38ms]
2025-01-06 15:41:17.759 [info] > git config --get commit.template [47ms]
2025-01-06 15:41:17.759 [info] > git rev-parse --show-toplevel [50ms]
2025-01-06 15:41:17.796 [info] > git for-each-ref --format=%(refname)%00%(upstream:short)%00%(objectname)%00%(upstream:track)%00%(upstream:remotename)%00%(upstream:remoteref) refs/heads/origin/3112_Tiganov_Vadim refs/remotes/origin/3112_Tiganov_Vadim [37ms]
2025-01-06 15:41:17.805 [info] > git merge-base refs/heads/3112_Tiganov_Vadim refs/remotes/origin/3112_Tiganov_Vadim [6ms]
2025-01-06 15:41:17.809 [info] > git rev-parse --show-toplevel [13ms]
2025-01-06 15:41:17.813 [info] > git for-each-ref --format=%(refname)%00%(upstream:short)%00%(objectname)%00%(upstream:track)%00%(upstream:remotename)%00%(upstream:remoteref) refs/heads/3112_Tiganov_Vadim refs/remotes/3112_Tiganov_Vadim [7ms]
2025-01-06 15:41:17.818 [info] > git diff --name-status -z --diff-filter=ADMR 4f0c03202672b5826989d1efd198381eb12c7813...refs/remotes/origin/3112_Tiganov_Vadim [9ms]
2025-01-06 15:41:17.827 [info] > git rev-parse --show-toplevel [15ms]
2025-01-06 15:41:17.839 [info] > git status -z -uall [4ms]
2025-01-06 15:41:17.839 [info] > git rev-parse --show-toplevel [8ms]
2025-01-06 15:41:17.843 [info] > git for-each-ref --sort -committerdate --format %(refname) %(objectname) %(*objectname) [5ms]
2025-01-06 15:41:17.846 [info] > git rev-parse --show-toplevel [3ms]
2025-01-06 15:41:17.854 [info] > git rev-parse --show-toplevel [3ms]
2025-01-06 15:41:17.859 [info] > git rev-parse --show-toplevel [1ms]
2025-01-06 15:41:17.864 [info] > git rev-parse --show-toplevel [1ms]
2025-01-06 15:41:17.868 [info] > git rev-parse --show-toplevel [1ms]
2025-01-06 15:41:17.868 [info] [Model][doInitialScan] Initial repository scan completed - repositories (1), closed repositories (0), parent repositories (0), unsafe repositories (0)
2025-01-06 15:41:18.016 [info] > git fetch [419ms]
2025-01-06 15:41:18.023 [info] > git config --get commit.template [3ms]
2025-01-06 15:41:18.023 [info] > git for-each-ref --format=%(refname)%00%(upstream:short)%00%(objectname)%00%(upstream:track)%00%(upstream:remotename)%00%(upstream:remoteref) refs/heads/3112_Tiganov_Vadim refs/remotes/3112_Tiganov_Vadim [0ms]
2025-01-06 15:41:18.030 [info] > git status -z -uall [4ms]
2025-01-06 15:41:18.031 [info] > git for-each-ref --sort -committerdate --format %(refname) %(objectname) %(*objectname) [1ms]
2025-01-06 15:41:18.205 [info] > git check-ignore -v -z --stdin [1ms]
2025-01-06 15:41:19.101 [info] > git config --get commit.template [4ms]
2025-01-06 15:41:19.102 [info] > git for-each-ref --format=%(refname)%00%(upstream:short)%00%(objectname)%00%(upstream:track)%00%(upstream:remotename)%00%(upstream:remoteref) refs/heads/3112_Tiganov_Vadim refs/remotes/3112_Tiganov_Vadim [1ms]
2025-01-06 15:41:19.108 [info] > git status -z -uall [3ms]
2025-01-06 15:41:19.109 [info] > git for-each-ref --sort -committerdate --format %(refname) %(objectname) %(*objectname) [1ms]
2025-01-06 15:41:27.363 [info] [main] Log level: Info
2025-01-06 15:41:27.363 [info] [main] Validating found git in: "git"
2025-01-06 15:41:27.363 [info] [main] Using git "2.47.1" from "git"
2025-01-06 15:41:27.363 [info] [Model][doInitialScan] Initial repository scan started
2025-01-06 15:41:27.363 [info] > git rev-parse --show-toplevel [8ms]
2025-01-06 15:41:27.366 [info] > git rev-parse --git-dir --git-common-dir [1ms]
2025-01-06 15:41:27.375 [info] [Model][openRepository] Opened repository: /home/vadim/kde-config
2025-01-06 15:41:27.376 [info] [Model][doInitialScan] Initial repository scan completed - repositories (1), closed repositories (0), parent repositories (0), unsafe repositories (0)
2025-01-06 15:41:27.381 [info] > git config --get commit.template [2ms]
2025-01-06 15:41:27.404 [info] > git for-each-ref --format=%(refname)%00%(upstream:short)%00%(objectname)%00%(upstream:track)%00%(upstream:remotename)%00%(upstream:remoteref) refs/heads/main refs/remotes/main [1ms]
2025-01-06 15:41:27.406 [warning] [Git][revParse] Unable to read file: ENOENT: no such file or directory, open '/home/vadim/kde-config/.git/refs/remotes/origin/main'
2025-01-06 15:41:27.407 [info] > git rev-parse refs/remotes/origin/main [1ms]
2025-01-06 15:41:27.413 [info] > git status -z -uall [3ms]
2025-01-06 15:41:27.414 [info] > git for-each-ref --sort -committerdate --format %(refname) %(objectname) %(*objectname) [1ms]
2025-01-06 15:41:27.423 [info] > git for-each-ref --format=%(refname)%00%(upstream:short)%00%(objectname)%00%(upstream:track)%00%(upstream:remotename)%00%(upstream:remoteref) refs/heads/main refs/remotes/main [4ms]
2025-01-06 15:41:27.427 [info] > git config --get commit.template [4ms]
2025-01-06 15:41:27.427 [info] > git config --local branch.main.vscode-merge-base [1ms]
2025-01-06 15:41:27.427 [warning] [Git][config] git config failed: Failed to execute git
2025-01-06 15:41:27.449 [info] > git reflog main --grep-reflog=branch: Created from *. [20ms]
2025-01-06 15:41:27.452 [info] > git symbolic-ref --short refs/remotes/origin/HEAD [1ms]
2025-01-06 15:41:27.455 [info] > git for-each-ref --format=%(refname)%00%(upstream:short)%00%(objectname)%00%(upstream:track)%00%(upstream:remotename)%00%(upstream:remoteref) refs/heads/main refs/remotes/main [6ms]
2025-01-06 15:41:27.457 [warning] [Git][revParse] Unable to read file: ENOENT: no such file or directory, open '/home/vadim/kde-config/.git/refs/remotes/origin/main'
2025-01-06 15:41:27.459 [info] > git rev-parse refs/remotes/origin/main [2ms]
2025-01-06 15:41:27.464 [info] > git for-each-ref --format=%(refname)%00%(upstream:short)%00%(objectname)%00%(upstream:track)%00%(upstream:remotename)%00%(upstream:remoteref) refs/heads/origin/main refs/remotes/origin/main [9ms]
2025-01-06 15:41:27.466 [info] > git status -z -uall [5ms]
2025-01-06 15:41:27.467 [info] > git for-each-ref --sort -committerdate --format %(refname) %(objectname) %(*objectname) [4ms]
2025-01-06 15:41:27.471 [info] > git for-each-ref --format=%(refname)%00%(upstream:short)%00%(objectname)%00%(upstream:track)%00%(upstream:remotename)%00%(upstream:remoteref) refs/heads/main refs/remotes/main [1ms]
2025-01-06 15:41:27.473 [info] > git config --local branch.main.vscode-merge-base origin/main [7ms]
2025-01-06 15:41:27.482 [info] > git config --local branch.main.vscode-merge-base [9ms]
2025-01-06 15:41:27.486 [info] > git for-each-ref --format=%(refname)%00%(upstream:short)%00%(objectname)%00%(upstream:track)%00%(upstream:remotename)%00%(upstream:remoteref) refs/heads/origin/main refs/remotes/origin/main [1ms]
2025-01-06 15:41:27.489 [info] > git config --get commit.template [7ms]
2025-01-06 15:41:27.490 [info] > git merge-base refs/heads/main refs/remotes/origin/main [2ms]
2025-01-06 15:41:27.528 [info] > git diff --name-status -z --diff-filter=ADMR 0da3b5657d6355498582c7a6792714000183e9aa...refs/remotes/origin/main [36ms]
2025-01-06 15:41:27.529 [info] > git for-each-ref --format=%(refname)%00%(upstream:short)%00%(objectname)%00%(upstream:track)%00%(upstream:remotename)%00%(upstream:remoteref) refs/heads/main refs/remotes/main [4ms]
2025-01-06 15:41:27.531 [warning] [Git][revParse] Unable to read file: ENOENT: no such file or directory, open '/home/vadim/kde-config/.git/refs/remotes/origin/main'
2025-01-06 15:41:27.532 [info] > git rev-parse refs/remotes/origin/main [1ms]
2025-01-06 15:41:27.537 [info] > git status -z -uall [3ms]
2025-01-06 15:41:27.538 [info] > git for-each-ref --sort -committerdate --format %(refname) %(objectname) %(*objectname) [1ms]
2025-01-06 15:41:27.821 [info] > git fetch [446ms]
2025-01-06 15:41:27.829 [info] > git config --get commit.template [3ms]
2025-01-06 15:41:27.829 [info] > git for-each-ref --format=%(refname)%00%(upstream:short)%00%(objectname)%00%(upstream:track)%00%(upstream:remotename)%00%(upstream:remoteref) refs/heads/main refs/remotes/main [1ms]
2025-01-06 15:41:27.832 [warning] [Git][revParse] Unable to read file: ENOENT: no such file or directory, open '/home/vadim/kde-config/.git/refs/remotes/origin/main'
2025-01-06 15:41:27.832 [info] > git rev-parse refs/remotes/origin/main [0ms]
2025-01-06 15:41:27.838 [info] > git status -z -uall [3ms]
2025-01-06 15:41:27.839 [info] > git for-each-ref --sort -committerdate --format %(refname) %(objectname) %(*objectname) [1ms]
2025-01-06 15:41:27.885 [info] > git check-ignore -v -z --stdin [1ms]
2025-01-06 15:41:28.953 [info] > git config --get commit.template [3ms]
2025-01-06 15:41:28.954 [info] > git for-each-ref --format=%(refname)%00%(upstream:short)%00%(objectname)%00%(upstream:track)%00%(upstream:remotename)%00%(upstream:remoteref) refs/heads/main refs/remotes/main [1ms]
2025-01-06 15:41:28.957 [warning] [Git][revParse] Unable to read file: ENOENT: no such file or directory, open '/home/vadim/kde-config/.git/refs/remotes/origin/main'
2025-01-06 15:41:28.958 [info] > git rev-parse refs/remotes/origin/main [1ms]
2025-01-06 15:41:28.963 [info] > git status -z -uall [3ms]
2025-01-06 15:41:28.963 [info] > git for-each-ref --sort -committerdate --format %(refname) %(objectname) %(*objectname) [0ms]
2025-01-06 15:42:34.044 [info] > git config --get commit.template [4ms]
2025-01-06 15:42:34.044 [info] > git check-ignore -v -z --stdin [1ms]
2025-01-06 15:42:34.049 [info] > git for-each-ref --format=%(refname)%00%(upstream:short)%00%(objectname)%00%(upstream:track)%00%(upstream:remotename)%00%(upstream:remoteref) refs/heads/main refs/remotes/main [1ms]
2025-01-06 15:42:34.051 [warning] [Git][revParse] Unable to read file: ENOENT: no such file or directory, open '/home/vadim/kde-config/.git/refs/remotes/origin/main'
2025-01-06 15:42:34.052 [info] > git rev-parse refs/remotes/origin/main [1ms]
2025-01-06 15:42:34.059 [info] > git status -z -uall [3ms]
2025-01-06 15:42:34.060 [info] > git for-each-ref --sort -committerdate --format %(refname) %(objectname) %(*objectname) [1ms]
2025-01-06 15:42:37.221 [info] > git show --textconv :kwinrc [4ms]
2025-01-06 15:42:37.221 [info] > git ls-files --stage -- /home/vadim/kde-config/kwinrc [1ms]
2025-01-06 15:42:40.395 [info] > git show --textconv :kcminputrc [3ms]
2025-01-06 15:42:40.396 [info] > git ls-files --stage -- /home/vadim/kde-config/kcminputrc [1ms]
2025-01-06 15:42:44.590 [info] > git show --textconv :kdeglobals [4ms]
2025-01-06 15:42:44.590 [info] > git ls-files --stage -- /home/vadim/kde-config/kdeglobals [1ms]
2025-01-06 15:42:47.555 [info] > git show --textconv :kwinrc [4ms]
2025-01-06 15:42:47.556 [info] > git ls-files --stage -- /home/vadim/kde-config/kwinrc [1ms]
2025-01-06 15:42:51.837 [info] > git log --format=%H%n%aN%n%aE%n%at%n%ct%n%P%n%D%n%B -z --shortstat --diff-merges=first-parent -n50 --skip=0 --topo-order --decorate=full --stdin [1ms]
2025-01-06 15:42:54.348 [info] > git add -A -- /home/vadim/kde-config/kcminputrc /home/vadim/kde-config/kdeglobals /home/vadim/kde-config/kglobalshortcutsrc /home/vadim/kde-config/ksmserverrc /home/vadim/kde-config/kwinrc /home/vadim/kde-config/plasma-org.kde.plasma.desktop-appletsrc /home/vadim/kde-config/plasmashellrc [2ms]
2025-01-06 15:42:54.356 [info] > git config --get commit.template [3ms]
2025-01-06 15:42:54.356 [info] > git for-each-ref --format=%(refname)%00%(upstream:short)%00%(objectname)%00%(upstream:track)%00%(upstream:remotename)%00%(upstream:remoteref) refs/heads/main refs/remotes/main [1ms]
2025-01-06 15:42:54.359 [warning] [Git][revParse] Unable to read file: ENOENT: no such file or directory, open '/home/vadim/kde-config/.git/refs/remotes/origin/main'
2025-01-06 15:42:54.359 [info] > git rev-parse refs/remotes/origin/main [0ms]
2025-01-06 15:42:54.366 [info] > git status -z -uall [3ms]
2025-01-06 15:42:54.367 [info] > git for-each-ref --sort -committerdate --format %(refname) %(objectname) %(*objectname) [1ms]
2025-01-06 15:42:54.676 [info] > git show --textconv HEAD:kwinrc [3ms]
2025-01-06 15:42:54.677 [info] > git ls-tree -l HEAD -- /home/vadim/kde-config/kwinrc [1ms]
2025-01-06 15:42:55.432 [info] > git config --get commit.template [4ms]
2025-01-06 15:42:55.433 [info] > git for-each-ref --format=%(refname)%00%(upstream:short)%00%(objectname)%00%(upstream:track)%00%(upstream:remotename)%00%(upstream:remoteref) refs/heads/main refs/remotes/main [0ms]
2025-01-06 15:42:55.436 [warning] [Git][revParse] Unable to read file: ENOENT: no such file or directory, open '/home/vadim/kde-config/.git/refs/remotes/origin/main'
2025-01-06 15:42:55.436 [info] > git rev-parse refs/remotes/origin/main [0ms]
2025-01-06 15:42:55.443 [info] > git status -z -uall [4ms]
2025-01-06 15:42:55.444 [info] > git for-each-ref --sort -committerdate --format %(refname) %(objectname) %(*objectname) [1ms]
2025-01-06 15:42:55.532 [info] > git ls-files --stage -- /home/vadim/kde-config/kwinrc [4ms]
2025-01-06 15:42:55.535 [info] > git ls-tree -l HEAD -- /home/vadim/kde-config/kwinrc [3ms]
2025-01-06 15:42:55.535 [info] > git cat-file -s 74486f684e2eb6305b9d34e079576149838dae37 [1ms]
2025-01-06 15:42:55.543 [info] > git show --textconv HEAD:kwinrc [4ms]
2025-01-06 15:42:55.545 [info] > git show --textconv :kwinrc [2ms]
2025-01-06 15:42:56.225 [info] > git -c user.useConfigOnly=true commit --quiet --allow-empty-message --file - [3ms]
2025-01-06 15:42:56.230 [info] > git config --get commit.template [1ms]
2025-01-06 15:42:56.236 [info] > git config --get commit.template [1ms]
2025-01-06 15:42:56.241 [info] > git for-each-ref --format=%(refname)%00%(upstream:short)%00%(objectname)%00%(upstream:track)%00%(upstream:remotename)%00%(upstream:remoteref) refs/heads/main refs/remotes/main [1ms]
2025-01-06 15:42:56.244 [warning] [Git][revParse] Unable to read file: ENOENT: no such file or directory, open '/home/vadim/kde-config/.git/refs/remotes/origin/main'
2025-01-06 15:42:56.245 [info] > git rev-parse refs/remotes/origin/main [1ms]
2025-01-06 15:42:56.252 [info] > git status -z -uall [3ms]
2025-01-06 15:42:56.253 [info] > git for-each-ref --sort -committerdate --format %(refname) %(objectname) %(*objectname) [1ms]
2025-01-06 15:42:56.259 [info] > git merge-base refs/heads/main refs/remotes/origin/main [1ms]
2025-01-06 15:42:56.264 [info] > git diff --name-status -z --diff-filter=ADMR 0da3b5657d6355498582c7a6792714000183e9aa...refs/remotes/origin/main [1ms]
2025-01-06 15:42:56.280 [info] > git log --format=%H%n%aN%n%aE%n%at%n%ct%n%P%n%D%n%B -z --shortstat --diff-merges=first-parent -n50 --skip=0 --topo-order --decorate=full --stdin [5ms]
2025-01-06 15:42:56.281 [info] > git config --get commit.template [2ms]
2025-01-06 15:42:56.285 [info] > git for-each-ref --format=%(refname)%00%(upstream:short)%00%(objectname)%00%(upstream:track)%00%(upstream:remotename)%00%(upstream:remoteref) refs/heads/main refs/remotes/main [1ms]
2025-01-06 15:42:56.289 [warning] [Git][revParse] Unable to read file: ENOENT: no such file or directory, open '/home/vadim/kde-config/.git/refs/remotes/origin/main'
2025-01-06 15:42:56.289 [info] > git rev-parse refs/remotes/origin/main [0ms]
2025-01-06 15:42:56.298 [info] > git status -z -uall [5ms]
2025-01-06 15:42:56.298 [info] > git for-each-ref --sort -committerdate --format %(refname) %(objectname) %(*objectname) [1ms]
2025-01-06 15:42:57.419 [info] > git ls-files --stage -- /home/vadim/kde-config/kwinrc [1ms]
2025-01-06 15:42:57.422 [info] > git cat-file -s 74486f684e2eb6305b9d34e079576149838dae37 [1ms]
2025-01-06 15:42:57.427 [info] > git show --textconv :kwinrc [1ms]
2025-01-06 15:42:57.723 [info] > git log --oneline --cherry main...main@{upstream} -- [2ms]
2025-01-06 15:42:58.151 [info] > git pull --tags origin main [425ms]
2025-01-06 15:42:58.151 [info] From https://github.com/VTiganov/kde-config
 * branch            main       -> FETCH_HEAD
2025-01-06 15:42:59.341 [info] > git push origin main:main [1186ms]
2025-01-06 15:42:59.341 [info] To https://github.com/VTiganov/kde-config.git
   0da3b56..887fd04  main -> main
2025-01-06 15:42:59.348 [info] > git config --get commit.template [4ms]
2025-01-06 15:42:59.349 [info] > git for-each-ref --format=%(refname)%00%(upstream:short)%00%(objectname)%00%(upstream:track)%00%(upstream:remotename)%00%(upstream:remoteref) refs/heads/main refs/remotes/main [1ms]
2025-01-06 15:42:59.356 [info] > git status -z -uall [4ms]
2025-01-06 15:42:59.357 [info] > git for-each-ref --sort -committerdate --format %(refname) %(objectname) %(*objectname) [1ms]
2025-01-06 15:42:59.366 [info] > git merge-base refs/heads/main refs/remotes/origin/main [2ms]
2025-01-06 15:42:59.370 [info] > git diff --name-status -z --diff-filter=ADMR 887fd047228fe11be2c74c21432aabd860c1c7bd...refs/remotes/origin/main [1ms]
2025-01-06 15:42:59.378 [info] > git log --format=%H%n%aN%n%aE%n%at%n%ct%n%P%n%D%n%B -z --shortstat --diff-merges=first-parent -n50 --skip=0 --topo-order --decorate=full --stdin [2ms]
2025-01-06 15:42:59.382 [info] > git ls-files --stage -- /home/vadim/kde-config/kwinrc [1ms]
2025-01-06 15:42:59.386 [info] > git cat-file -s 74486f684e2eb6305b9d34e079576149838dae37 [1ms]
2025-01-06 15:42:59.390 [info] > git show --textconv :kwinrc [0ms]
