2025-01-06 15:41:16.782 [info] Added views:outline in workbench.view.explorer
2025-01-06 15:41:16.782 [info] Added views:workbench.view.search in workbench.view.search
2025-01-06 15:41:16.782 [info] Added views:workbench.scm in workbench.view.scm
2025-01-06 15:41:16.782 [info] Added views:workbench.panel.markers.view in workbench.panel.markers
2025-01-06 15:41:16.782 [info] Added views:workbench.panel.output in workbench.panel.output
2025-01-06 15:41:16.782 [info] Added views:terminal in terminal
2025-01-06 15:41:16.782 [info] Added views:timeline in workbench.view.explorer
2025-01-06 15:41:16.782 [info] Added views:workbench.explorer.fileView in workbench.view.explorer
2025-01-06 15:41:17.197 [info] Added views:workbench.debug.welcome in workbench.view.debug
2025-01-06 15:41:17.220 [info] Added views:workbench.panel.repl.view in workbench.panel.repl
2025-01-06 15:41:17.584 [info] Added views:workbench.view.testing in workbench.view.extension.test
2025-01-06 15:41:17.642 [info] Added views:workbench.scm.repositories,workbench.scm.history in workbench.view.scm
2025-01-06 15:41:17.691 [info] Added views:~remote.forwardedPorts in ~remote.forwardedPortsContainer
2025-01-06 15:41:24.517 [info] Removed views:workbench.scm.history,workbench.scm.repositories from workbench.view.scm
2025-01-06 15:41:24.519 [info] Removed views:workbench.view.testing from workbench.view.extension.test
2025-01-06 15:41:24.760 [info] Added views:outline in workbench.view.explorer
2025-01-06 15:41:24.760 [info] Added views:workbench.view.search in workbench.view.search
2025-01-06 15:41:24.760 [info] Added views:workbench.scm in workbench.view.scm
2025-01-06 15:41:24.760 [info] Added views:workbench.panel.markers.view in workbench.panel.markers
2025-01-06 15:41:24.760 [info] Added views:workbench.panel.output in workbench.panel.output
2025-01-06 15:41:24.760 [info] Added views:terminal in terminal
2025-01-06 15:41:24.760 [info] Added views:timeline in workbench.view.explorer
2025-01-06 15:41:24.760 [info] Added views:workbench.explorer.fileView in workbench.view.explorer
2025-01-06 15:41:24.781 [info] Added views:workbench.debug.variablesView,workbench.debug.watchExpressionsView,workbench.debug.callStackView,workbench.debug.breakPointsView in workbench.view.debug
2025-01-06 15:41:25.112 [info] Added views:~remote.forwardedPorts in ~remote.forwardedPortsContainer
2025-01-06 15:41:25.139 [info] Added views:workbench.panel.repl.view in workbench.panel.repl
2025-01-06 15:41:25.139 [info] Removed views:workbench.debug.breakPointsView,workbench.debug.callStackView,workbench.debug.watchExpressionsView,workbench.debug.variablesView from workbench.view.debug
2025-01-06 15:41:25.139 [info] Added views:workbench.debug.welcome in workbench.view.debug
2025-01-06 15:41:27.370 [info] Added views:workbench.scm.repositories,workbench.scm.history in workbench.view.scm
