2025-01-06 13:26:47.692 [info] Reading sessions from keychain...
2025-01-06 13:26:47.692 [info] Getting sessions for all scopes...
2025-01-06 13:26:47.692 [info] Getting sessions for all scopes...
2025-01-06 13:26:47.745 [info] Getting sessions for read:user,repo,user:email,workflow...
2025-01-06 13:26:47.846 [info] Got stored sessions!
2025-01-06 13:26:47.846 [info] Got 1 verified sessions.
2025-01-06 13:26:47.846 [info] Got 1 sessions for ...
2025-01-06 13:26:47.846 [info] Got 1 sessions for ...
2025-01-06 13:26:47.846 [info] Got 1 sessions for read:user,repo,user:email,workflow...
2025-01-06 13:26:48.109 [info] Getting sessions for all scopes...
2025-01-06 13:26:48.109 [info] Got 1 sessions for ...
2025-01-06 13:26:48.675 [info] Getting sessions for read:user,repo,user:email,workflow...
2025-01-06 13:26:48.675 [info] Got 1 sessions for read:user,repo,user:email,workflow...
2025-01-06 13:26:52.315 [info] Reading sessions from keychain...
2025-01-06 13:26:52.315 [info] Getting sessions for all scopes...
2025-01-06 13:26:52.315 [info] Getting sessions for all scopes...
2025-01-06 13:26:52.315 [info] Got stored sessions!
2025-01-06 13:26:52.315 [info] Got 1 verified sessions.
2025-01-06 13:26:52.315 [info] Got 1 sessions for ...
2025-01-06 13:26:52.315 [info] Got 1 sessions for ...
2025-01-06 13:26:52.315 [info] Getting sessions for read:user,repo,user:email,workflow...
2025-01-06 13:26:52.315 [info] Got 1 sessions for read:user,repo,user:email,workflow...
2025-01-06 13:26:52.650 [info] Getting sessions for all scopes...
2025-01-06 13:26:52.650 [info] Got 1 sessions for ...
2025-01-06 13:26:52.806 [info] Getting sessions for read:user,repo,user:email,workflow...
2025-01-06 13:26:52.806 [info] Got 1 sessions for read:user,repo,user:email,workflow...
2025-01-06 13:27:18.303 [info] Getting sessions for read:user,repo,user:email,workflow...
2025-01-06 13:27:18.303 [info] Got 1 sessions for read:user,repo,user:email,workflow...
2025-01-06 15:13:09.677 [info] Getting sessions for read:user,repo,user:email,workflow...
2025-01-06 15:13:09.677 [info] Got 1 sessions for read:user,repo,user:email,workflow...
