2025-01-05 15:12:05.746 [info] [main] Log level: Info
2025-01-05 15:12:05.746 [info] [main] Validating found git in: "git"
2025-01-05 15:12:05.746 [info] [main] Using git "2.47.1" from "git"
2025-01-05 15:12:05.746 [info] [Model][doInitialScan] Initial repository scan started
2025-01-05 15:12:05.746 [info] [Model][doInitialScan] Initial repository scan completed - repositories (0), closed repositories (0), parent repositories (0), unsafe repositories (0)
2025-01-05 15:12:15.486 [info] [main] Log level: Info
2025-01-05 15:12:15.486 [info] [main] Validating found git in: "git"
2025-01-05 15:12:15.486 [info] [main] Using git "2.47.1" from "git"
2025-01-05 15:12:15.486 [info] [Model][doInitialScan] Initial repository scan started
2025-01-05 15:12:15.486 [info] > git rev-parse --show-toplevel [7ms]
2025-01-05 15:12:15.490 [info] > git rev-parse --git-dir --git-common-dir [1ms]
2025-01-05 15:12:15.494 [info] [Model][openRepository] Opened repository: /home/vadim/Edu/Github/calculus_lab_1
2025-01-05 15:12:15.495 [info] [Model][doInitialScan] Initial repository scan completed - repositories (1), closed repositories (0), parent repositories (0), unsafe repositories (0)
2025-01-05 15:12:15.514 [info] > git for-each-ref --format=%(refname)%00%(upstream:short)%00%(objectname)%00%(upstream:track)%00%(upstream:remotename)%00%(upstream:remoteref) refs/heads/main refs/remotes/main [11ms]
2025-01-05 15:12:15.514 [info] > git config --get commit.template [16ms]
2025-01-05 15:12:15.524 [warning] [Git][revParse] Unable to read file: ENOENT: no such file or directory, open '/home/vadim/Edu/Github/calculus_lab_1/.git/refs/remotes/origin/main'
2025-01-05 15:12:15.525 [info] > git rev-parse refs/remotes/origin/main [0ms]
2025-01-05 15:12:15.531 [info] > git status -z -uall [3ms]
2025-01-05 15:12:15.531 [info] > git for-each-ref --sort -committerdate --format %(refname) %(objectname) %(*objectname) [1ms]
2025-01-05 15:12:15.542 [info] > git for-each-ref --format=%(refname)%00%(upstream:short)%00%(objectname)%00%(upstream:track)%00%(upstream:remotename)%00%(upstream:remoteref) refs/heads/main refs/remotes/main [6ms]
2025-01-05 15:12:15.546 [info] > git config --get commit.template [4ms]
2025-01-05 15:12:15.546 [info] > git config --local branch.main.vscode-merge-base [1ms]
2025-01-05 15:12:15.546 [warning] [Git][config] git config failed: Failed to execute git
2025-01-05 15:12:15.571 [info] > git reflog main --grep-reflog=branch: Created from *. [23ms]
2025-01-05 15:12:15.576 [info] > git symbolic-ref --short refs/remotes/origin/HEAD [2ms]
2025-01-05 15:12:15.578 [info] > git for-each-ref --format=%(refname)%00%(upstream:short)%00%(objectname)%00%(upstream:track)%00%(upstream:remotename)%00%(upstream:remoteref) refs/heads/main refs/remotes/main [9ms]
2025-01-05 15:12:15.581 [warning] [Git][revParse] Unable to read file: ENOENT: no such file or directory, open '/home/vadim/Edu/Github/calculus_lab_1/.git/refs/remotes/origin/main'
2025-01-05 15:12:15.582 [info] > git for-each-ref --format=%(refname)%00%(upstream:short)%00%(objectname)%00%(upstream:track)%00%(upstream:remotename)%00%(upstream:remoteref) refs/heads/origin/main refs/remotes/origin/main [4ms]
2025-01-05 15:12:15.585 [info] > git rev-parse refs/remotes/origin/main [4ms]
2025-01-05 15:12:15.591 [info] > git status -z -uall [3ms]
2025-01-05 15:12:15.591 [info] > git config --local branch.main.vscode-merge-base origin/main [6ms]
2025-01-05 15:12:15.591 [info] > git for-each-ref --sort -committerdate --format %(refname) %(objectname) %(*objectname) [1ms] (cancelled)
2025-01-05 15:12:15.598 [info] > git for-each-ref --format=%(refname)%00%(upstream:short)%00%(objectname)%00%(upstream:track)%00%(upstream:remotename)%00%(upstream:remoteref) refs/heads/main refs/remotes/main [4ms]
2025-01-05 15:12:15.601 [info] > git config --get commit.template [3ms]
2025-01-05 15:12:15.602 [info] > git config --local branch.main.vscode-merge-base [1ms]
2025-01-05 15:12:15.608 [info] > git for-each-ref --format=%(refname)%00%(upstream:short)%00%(objectname)%00%(upstream:track)%00%(upstream:remotename)%00%(upstream:remoteref) refs/heads/origin/main refs/remotes/origin/main [3ms]
2025-01-05 15:12:15.612 [info] > git merge-base refs/heads/main refs/remotes/origin/main [1ms]
2025-01-05 15:12:15.615 [info] > git for-each-ref --format=%(refname)%00%(upstream:short)%00%(objectname)%00%(upstream:track)%00%(upstream:remotename)%00%(upstream:remoteref) refs/heads/main refs/remotes/main [8ms]
2025-01-05 15:12:15.617 [warning] [Git][revParse] Unable to read file: ENOENT: no such file or directory, open '/home/vadim/Edu/Github/calculus_lab_1/.git/refs/remotes/origin/main'
2025-01-05 15:12:15.618 [info] > git diff --name-status -z --diff-filter=ADMR e44dc08b5fca005acb53b9f94b02e26871f00bea...refs/remotes/origin/main [3ms]
2025-01-05 15:12:15.618 [info] > git rev-parse refs/remotes/origin/main [1ms]
2025-01-05 15:12:15.623 [info] > git status -z -uall [2ms]
2025-01-05 15:12:15.624 [info] > git for-each-ref --sort -committerdate --format %(refname) %(objectname) %(*objectname) [1ms]
2025-01-05 15:12:16.008 [info] > git check-ignore -v -z --stdin [1ms]
2025-01-05 15:12:16.671 [info] > git config --get commit.template [2ms]
2025-01-05 15:12:16.671 [info] > git for-each-ref --format=%(refname)%00%(upstream:short)%00%(objectname)%00%(upstream:track)%00%(upstream:remotename)%00%(upstream:remoteref) refs/heads/main refs/remotes/main [1ms]
2025-01-05 15:12:16.674 [warning] [Git][revParse] Unable to read file: ENOENT: no such file or directory, open '/home/vadim/Edu/Github/calculus_lab_1/.git/refs/remotes/origin/main'
2025-01-05 15:12:16.674 [info] > git rev-parse refs/remotes/origin/main [0ms]
2025-01-05 15:12:16.679 [info] > git status -z -uall [2ms]
2025-01-05 15:12:16.680 [info] > git for-each-ref --sort -committerdate --format %(refname) %(objectname) %(*objectname) [1ms]
2025-01-05 15:12:16.765 [info] > git log --format=%H%n%aN%n%aE%n%at%n%ct%n%P%n%D%n%B -z --shortstat --diff-merges=first-parent -n50 --skip=0 --topo-order --decorate=full --stdin [1ms]
2025-01-05 15:12:41.143 [info] > git config --get commit.template [3ms]
2025-01-05 15:12:41.144 [info] > git for-each-ref --format=%(refname)%00%(upstream:short)%00%(objectname)%00%(upstream:track)%00%(upstream:remotename)%00%(upstream:remoteref) refs/heads/main refs/remotes/main [1ms]
2025-01-05 15:12:41.146 [warning] [Git][revParse] Unable to read file: ENOENT: no such file or directory, open '/home/vadim/Edu/Github/calculus_lab_1/.git/refs/remotes/origin/main'
2025-01-05 15:12:41.147 [info] > git rev-parse refs/remotes/origin/main [1ms]
2025-01-05 15:12:41.152 [info] > git status -z -uall [3ms]
2025-01-05 15:12:41.153 [info] > git for-each-ref --sort -committerdate --format %(refname) %(objectname) %(*objectname) [1ms]
2025-01-05 15:12:48.220 [info] > git config --get commit.template [4ms]
2025-01-05 15:12:48.220 [info] > git for-each-ref --format=%(refname)%00%(upstream:short)%00%(objectname)%00%(upstream:track)%00%(upstream:remotename)%00%(upstream:remoteref) refs/heads/vadim refs/remotes/vadim [1ms]
2025-01-05 15:12:48.226 [info] > git status -z -uall [3ms]
2025-01-05 15:12:48.227 [info] > git for-each-ref --sort -committerdate --format %(refname) %(objectname) %(*objectname) [1ms]
2025-01-05 15:12:48.231 [info] > git for-each-ref --format=%(refname)%00%(upstream:short)%00%(objectname)%00%(upstream:track)%00%(upstream:remotename)%00%(upstream:remoteref) refs/heads/vadim refs/remotes/vadim [1ms]
2025-01-05 15:12:48.234 [info] > git config --local branch.vadim.vscode-merge-base [0ms]
2025-01-05 15:12:48.234 [warning] [Git][config] git config failed: Failed to execute git
2025-01-05 15:12:48.240 [info] > git reflog vadim --grep-reflog=branch: Created from *. [3ms]
2025-01-05 15:12:48.244 [info] > git for-each-ref --format=%(refname)%00%(upstream:short)%00%(objectname)%00%(upstream:track)%00%(upstream:remotename)%00%(upstream:remoteref) refs/heads/main refs/remotes/main [1ms]
2025-01-05 15:12:48.247 [info] > git for-each-ref --format=%(refname)%00%(upstream:short)%00%(objectname)%00%(upstream:track)%00%(upstream:remotename)%00%(upstream:remoteref) refs/remotes/origin/main [0ms]
2025-01-05 15:12:48.251 [info] > git config --local branch.vadim.vscode-merge-base origin/main [1ms]
2025-01-05 15:12:48.257 [info] > git config --get commit.template [3ms]
2025-01-05 15:12:48.258 [info] > git for-each-ref --format=%(refname)%00%(upstream:short)%00%(objectname)%00%(upstream:track)%00%(upstream:remotename)%00%(upstream:remoteref) refs/heads/vadim refs/remotes/vadim [1ms]
2025-01-05 15:12:48.264 [info] > git status -z -uall [4ms]
2025-01-05 15:12:48.264 [info] > git for-each-ref --sort -committerdate --format %(refname) %(objectname) %(*objectname) [1ms]
2025-01-05 15:12:48.269 [info] > git for-each-ref --format=%(refname)%00%(upstream:short)%00%(objectname)%00%(upstream:track)%00%(upstream:remotename)%00%(upstream:remoteref) refs/heads/vadim refs/remotes/vadim [1ms]
2025-01-05 15:12:48.272 [info] > git config --local branch.vadim.vscode-merge-base [1ms]
2025-01-05 15:12:48.276 [info] > git for-each-ref --format=%(refname)%00%(upstream:short)%00%(objectname)%00%(upstream:track)%00%(upstream:remotename)%00%(upstream:remoteref) refs/heads/origin/main refs/remotes/origin/main [2ms]
2025-01-05 15:12:49.385 [info] > git config --get commit.template [3ms]
2025-01-05 15:12:49.385 [info] > git for-each-ref --format=%(refname)%00%(upstream:short)%00%(objectname)%00%(upstream:track)%00%(upstream:remotename)%00%(upstream:remoteref) refs/heads/vadim refs/remotes/vadim [1ms]
2025-01-05 15:12:49.391 [info] > git status -z -uall [3ms]
2025-01-05 15:12:49.391 [info] > git for-each-ref --sort -committerdate --format %(refname) %(objectname) %(*objectname) [1ms]
2025-01-05 15:12:50.528 [info] > git log --format=%H%n%aN%n%aE%n%at%n%ct%n%P%n%D%n%B -z --shortstat --diff-merges=first-parent -n50 --skip=0 --topo-order --decorate=full --stdin [1ms]
2025-01-05 15:13:36.474 [info] > git push -u origin vadim [45171ms]
2025-01-05 15:13:36.474 [info] remote: 
remote: Create a pull request for 'vadim' on GitHub by visiting:        
remote:      https://github.com/VTiganov/calculus_lab_1/pull/new/vadim        
remote: 
To https://github.com/VTiganov/calculus_lab_1.git
 * [new branch]      vadim -> vadim
2025-01-05 15:13:36.482 [info] > git config --get commit.template [4ms]
2025-01-05 15:13:36.482 [info] > git for-each-ref --format=%(refname)%00%(upstream:short)%00%(objectname)%00%(upstream:track)%00%(upstream:remotename)%00%(upstream:remoteref) refs/heads/vadim refs/remotes/vadim [1ms]
2025-01-05 15:13:36.489 [info] > git status -z -uall [3ms]
2025-01-05 15:13:36.490 [info] > git for-each-ref --sort -committerdate --format %(refname) %(objectname) %(*objectname) [1ms]
2025-01-05 15:13:36.496 [info] > git merge-base refs/heads/vadim refs/remotes/origin/vadim [1ms]
2025-01-05 15:13:36.503 [info] > git diff --name-status -z --diff-filter=ADMR e44dc08b5fca005acb53b9f94b02e26871f00bea...refs/remotes/origin/vadim [3ms]
2025-01-05 15:13:36.504 [info] > git log --format=%H%n%aN%n%aE%n%at%n%ct%n%P%n%D%n%B -z --shortstat --diff-merges=first-parent -n50 --skip=0 --topo-order --decorate=full --stdin [1ms]
2025-01-05 15:13:37.879 [info] > git config --get commit.template [6ms]
2025-01-05 15:13:37.880 [info] > git for-each-ref --format=%(refname)%00%(upstream:short)%00%(objectname)%00%(upstream:track)%00%(upstream:remotename)%00%(upstream:remoteref) refs/heads/vadim refs/remotes/vadim [1ms]
2025-01-05 15:13:37.889 [info] > git status -z -uall [5ms]
2025-01-05 15:13:37.890 [info] > git for-each-ref --sort -committerdate --format %(refname) %(objectname) %(*objectname) [1ms]
2025-01-05 15:13:42.154 [info] > git fetch [468ms]
2025-01-05 15:13:42.163 [info] > git config --get commit.template [4ms]
2025-01-05 15:13:42.163 [info] > git for-each-ref --format=%(refname)%00%(upstream:short)%00%(objectname)%00%(upstream:track)%00%(upstream:remotename)%00%(upstream:remoteref) refs/heads/vadim refs/remotes/vadim [1ms]
2025-01-05 15:13:42.170 [info] > git status -z -uall [4ms]
2025-01-05 15:13:42.170 [info] > git for-each-ref --sort -committerdate --format %(refname) %(objectname) %(*objectname) [1ms]
2025-01-05 15:13:43.287 [info] > git config --get commit.template [3ms]
2025-01-05 15:13:43.287 [info] > git for-each-ref --format=%(refname)%00%(upstream:short)%00%(objectname)%00%(upstream:track)%00%(upstream:remotename)%00%(upstream:remoteref) refs/heads/vadim refs/remotes/vadim [1ms]
2025-01-05 15:13:43.293 [info] > git status -z -uall [3ms]
2025-01-05 15:13:43.294 [info] > git for-each-ref --sort -committerdate --format %(refname) %(objectname) %(*objectname) [1ms]
2025-01-05 15:13:48.869 [info] > git config --get commit.template [4ms]
2025-01-05 15:13:48.869 [info] > git check-ignore -v -z --stdin [1ms]
2025-01-05 15:13:48.873 [info] > git for-each-ref --format=%(refname)%00%(upstream:short)%00%(objectname)%00%(upstream:track)%00%(upstream:remotename)%00%(upstream:remoteref) refs/heads/vadim refs/remotes/vadim [1ms]
2025-01-05 15:13:48.880 [info] > git status -z -uall [3ms]
2025-01-05 15:13:48.880 [info] > git for-each-ref --sort -committerdate --format %(refname) %(objectname) %(*objectname) [1ms]
2025-01-05 15:13:54.852 [info] > git config --get commit.template [5ms]
2025-01-05 15:13:54.856 [info] > git for-each-ref --format=%(refname)%00%(upstream:short)%00%(objectname)%00%(upstream:track)%00%(upstream:remotename)%00%(upstream:remoteref) refs/heads/vadim refs/remotes/vadim [5ms]
2025-01-05 15:13:54.856 [info] > git check-ignore -v -z --stdin [1ms]
2025-01-05 15:13:54.864 [info] > git status -z -uall [4ms]
2025-01-05 15:13:54.865 [info] > git for-each-ref --sort -committerdate --format %(refname) %(objectname) %(*objectname) [1ms]
2025-01-05 15:14:09.935 [info] > git config --get commit.template [3ms]
2025-01-05 15:14:09.938 [info] > git check-ignore -v -z --stdin [3ms]
2025-01-05 15:14:09.939 [info] > git for-each-ref --format=%(refname)%00%(upstream:short)%00%(objectname)%00%(upstream:track)%00%(upstream:remotename)%00%(upstream:remoteref) refs/heads/vadim refs/remotes/vadim [1ms]
2025-01-05 15:14:09.946 [info] > git status -z -uall [3ms]
2025-01-05 15:14:09.947 [info] > git for-each-ref --sort -committerdate --format %(refname) %(objectname) %(*objectname) [1ms]
2025-01-05 15:17:03.157 [info] > git fetch [458ms]
2025-01-05 15:17:03.165 [info] > git config --get commit.template [4ms]
2025-01-05 15:17:03.165 [info] > git for-each-ref --format=%(refname)%00%(upstream:short)%00%(objectname)%00%(upstream:track)%00%(upstream:remotename)%00%(upstream:remoteref) refs/heads/vadim refs/remotes/vadim [0ms]
2025-01-05 15:17:03.172 [info] > git status -z -uall [3ms]
2025-01-05 15:17:03.173 [info] > git for-each-ref --sort -committerdate --format %(refname) %(objectname) %(*objectname) [1ms]
2025-01-05 15:17:16.654 [info] > git config --get commit.template [5ms]
2025-01-05 15:17:16.654 [info] > git for-each-ref --format=%(refname)%00%(upstream:short)%00%(objectname)%00%(upstream:track)%00%(upstream:remotename)%00%(upstream:remoteref) refs/heads/vadim refs/remotes/vadim [0ms]
2025-01-05 15:17:16.665 [info] > git status -z -uall [6ms]
2025-01-05 15:17:16.666 [info] > git for-each-ref --sort -committerdate --format %(refname) %(objectname) %(*objectname) [1ms]
2025-01-05 15:21:44.805 [info] > git fetch [443ms]
2025-01-05 15:21:44.816 [info] > git config --get commit.template [5ms]
2025-01-05 15:21:44.816 [info] > git for-each-ref --format=%(refname)%00%(upstream:short)%00%(objectname)%00%(upstream:track)%00%(upstream:remotename)%00%(upstream:remoteref) refs/heads/vadim refs/remotes/vadim [0ms]
2025-01-05 15:21:44.825 [info] > git status -z -uall [5ms]
2025-01-05 15:21:44.827 [info] > git for-each-ref --sort -committerdate --format %(refname) %(objectname) %(*objectname) [1ms]
2025-01-05 15:22:44.098 [info] > git config --get commit.template [6ms]
2025-01-05 15:22:44.099 [info] > git for-each-ref --format=%(refname)%00%(upstream:short)%00%(objectname)%00%(upstream:track)%00%(upstream:remotename)%00%(upstream:remoteref) refs/heads/vadim refs/remotes/vadim [1ms]
2025-01-05 15:22:44.107 [info] > git status -z -uall [4ms]
2025-01-05 15:22:44.108 [info] > git for-each-ref --sort -committerdate --format %(refname) %(objectname) %(*objectname) [1ms]
2025-01-05 15:25:26.644 [info] > git fetch [463ms]
2025-01-05 15:25:26.652 [info] > git for-each-ref --format=%(refname)%00%(upstream:short)%00%(objectname)%00%(upstream:track)%00%(upstream:remotename)%00%(upstream:remoteref) refs/heads/vadim refs/remotes/vadim [0ms]
2025-01-05 15:25:26.652 [info] > git config --get commit.template [4ms]
2025-01-05 15:25:26.660 [info] > git status -z -uall [4ms]
2025-01-05 15:25:26.661 [info] > git for-each-ref --sort -committerdate --format %(refname) %(objectname) %(*objectname) [1ms]
2025-01-05 15:25:27.750 [info] > git show --textconv :README.md [7ms]
2025-01-05 15:25:27.750 [info] > git ls-files --stage -- /home/vadim/Edu/Github/calculus_lab_1/README.md [1ms]
2025-01-05 15:25:27.755 [info] > git cat-file -s 4f55ace8ad87945d02b7fadadadf2a8d8a8aa826 [1ms]
2025-01-05 15:25:27.774 [info] > git config --get commit.template [1ms]
2025-01-05 15:25:27.779 [info] > git for-each-ref --format=%(refname)%00%(upstream:short)%00%(objectname)%00%(upstream:track)%00%(upstream:remotename)%00%(upstream:remoteref) refs/heads/vadim refs/remotes/vadim [2ms]
2025-01-05 15:25:27.788 [info] > git status -z -uall [5ms]
2025-01-05 15:25:27.789 [info] > git for-each-ref --sort -committerdate --format %(refname) %(objectname) %(*objectname) [1ms]
2025-01-05 15:25:27.875 [info] > git ls-files --stage -- /home/vadim/Edu/Github/calculus_lab_1/README.md [1ms]
2025-01-05 15:25:27.879 [info] > git cat-file -s 4f55ace8ad87945d02b7fadadadf2a8d8a8aa826 [1ms]
2025-01-05 15:25:27.884 [info] > git show --textconv :README.md [1ms]
2025-01-05 15:25:32.451 [info] > git ls-files --stage -- /home/vadim/Edu/Github/calculus_lab_1/tex/report.tex [1ms]
2025-01-05 15:25:32.458 [info] > git show --textconv :tex/report.tex [11ms]
2025-01-05 15:25:32.738 [info] > git check-ignore -v -z --stdin [1ms]
2025-01-05 15:25:33.292 [info] > git config --get commit.template [5ms]
2025-01-05 15:25:33.293 [info] > git for-each-ref --format=%(refname)%00%(upstream:short)%00%(objectname)%00%(upstream:track)%00%(upstream:remotename)%00%(upstream:remoteref) refs/heads/vadim refs/remotes/vadim [1ms]
2025-01-05 15:25:33.302 [info] > git status -z -uall [4ms]
2025-01-05 15:25:33.303 [info] > git for-each-ref --sort -committerdate --format %(refname) %(objectname) %(*objectname) [1ms]
2025-01-05 15:25:33.340 [info] > git blame --root --incremental e44dc08b5fca005acb53b9f94b02e26871f00bea -- /home/vadim/Edu/Github/calculus_lab_1/tex/report.tex [1ms]
2025-01-05 15:25:33.340 [info] fatal: no such path tex/report.tex in e44dc08b5fca005acb53b9f94b02e26871f00bea
2025-01-05 15:27:28.871 [info] > git config --get commit.template [2ms]
2025-01-05 15:27:28.876 [info] > git for-each-ref --format=%(refname)%00%(upstream:short)%00%(objectname)%00%(upstream:track)%00%(upstream:remotename)%00%(upstream:remoteref) refs/heads/vadim refs/remotes/vadim [1ms]
2025-01-05 15:27:28.885 [info] > git status -z -uall [6ms]
2025-01-05 15:27:28.886 [info] > git for-each-ref --sort -committerdate --format %(refname) %(objectname) %(*objectname) [1ms]
2025-01-05 15:27:50.169 [info] > git show --textconv :tex/report.tex [5ms]
2025-01-05 15:27:50.171 [info] > git ls-files --stage -- /home/vadim/Edu/Github/calculus_lab_1/tex/report.tex [1ms]
2025-01-05 15:29:49.605 [info] > git fetch [449ms]
2025-01-05 15:29:49.615 [info] > git config --get commit.template [4ms]
2025-01-05 15:29:49.616 [info] > git for-each-ref --format=%(refname)%00%(upstream:short)%00%(objectname)%00%(upstream:track)%00%(upstream:remotename)%00%(upstream:remoteref) refs/heads/vadim refs/remotes/vadim [1ms]
2025-01-05 15:29:49.626 [info] > git status -z -uall [5ms]
2025-01-05 15:29:49.626 [info] > git for-each-ref --sort -committerdate --format %(refname) %(objectname) %(*objectname) [1ms]
2025-01-05 15:29:50.740 [info] > git config --get commit.template [6ms]
2025-01-05 15:29:50.741 [info] > git for-each-ref --format=%(refname)%00%(upstream:short)%00%(objectname)%00%(upstream:track)%00%(upstream:remotename)%00%(upstream:remoteref) refs/heads/vadim refs/remotes/vadim [2ms]
2025-01-05 15:29:50.752 [info] > git status -z -uall [6ms]
2025-01-05 15:29:50.752 [info] > git for-each-ref --sort -committerdate --format %(refname) %(objectname) %(*objectname) [2ms]
2025-01-05 15:29:50.836 [info] > git ls-files --stage -- /home/vadim/Edu/Github/calculus_lab_1/tex/report.tex [0ms]
2025-01-05 15:29:50.843 [info] > git show --textconv :tex/report.tex [1ms]
2025-01-05 15:30:27.343 [info] > git check-ignore -v -z --stdin [1ms]
2025-01-05 15:30:27.697 [info] > git config --get commit.template [1ms]
2025-01-05 15:30:27.702 [info] > git for-each-ref --format=%(refname)%00%(upstream:short)%00%(objectname)%00%(upstream:track)%00%(upstream:remotename)%00%(upstream:remoteref) refs/heads/vadim refs/remotes/vadim [1ms]
2025-01-05 15:30:27.712 [info] > git status -z -uall [5ms]
2025-01-05 15:30:27.713 [info] > git for-each-ref --sort -committerdate --format %(refname) %(objectname) %(*objectname) [2ms]
2025-01-05 15:30:30.793 [info] > git check-ignore -v -z --stdin [1ms]
2025-01-05 15:30:32.726 [info] > git config --get commit.template [5ms]
2025-01-05 15:30:32.727 [info] > git for-each-ref --format=%(refname)%00%(upstream:short)%00%(objectname)%00%(upstream:track)%00%(upstream:remotename)%00%(upstream:remoteref) refs/heads/vadim refs/remotes/vadim [1ms]
2025-01-05 15:30:32.737 [info] > git status -z -uall [4ms]
2025-01-05 15:30:32.737 [info] > git for-each-ref --sort -committerdate --format %(refname) %(objectname) %(*objectname) [1ms]
2025-01-05 15:30:45.679 [info] > git show --textconv :tex/report.tex [6ms]
2025-01-05 15:30:45.679 [info] > git ls-files --stage -- /home/vadim/Edu/Github/calculus_lab_1/tex/report.tex [1ms]
2025-01-05 15:30:56.458 [info] > git config --get commit.template [5ms]
2025-01-05 15:30:56.459 [info] > git for-each-ref --format=%(refname)%00%(upstream:short)%00%(objectname)%00%(upstream:track)%00%(upstream:remotename)%00%(upstream:remoteref) refs/heads/vadim refs/remotes/vadim [1ms]
2025-01-05 15:30:56.470 [info] > git status -z -uall [6ms]
2025-01-05 15:30:56.471 [info] > git for-each-ref --sort -committerdate --format %(refname) %(objectname) %(*objectname) [1ms]
2025-01-05 15:31:32.299 [info] > git show --textconv :.gitignore [4ms]
2025-01-05 15:31:32.299 [info] > git ls-files --stage -- /home/vadim/Edu/Github/calculus_lab_1/.gitignore [1ms]
2025-01-05 15:31:32.584 [info] > git check-ignore -v -z --stdin [1ms]
2025-01-05 15:31:33.135 [info] > git config --get commit.template [4ms]
2025-01-05 15:31:33.136 [info] > git for-each-ref --format=%(refname)%00%(upstream:short)%00%(objectname)%00%(upstream:track)%00%(upstream:remotename)%00%(upstream:remoteref) refs/heads/vadim refs/remotes/vadim [1ms]
2025-01-05 15:31:33.143 [info] > git status -z -uall [4ms]
2025-01-05 15:31:33.144 [info] > git for-each-ref --sort -committerdate --format %(refname) %(objectname) %(*objectname) [1ms]
2025-01-05 15:31:34.147 [info] > git blame --root --incremental e44dc08b5fca005acb53b9f94b02e26871f00bea -- /home/vadim/Edu/Github/calculus_lab_1/.gitignore [1ms]
2025-01-05 15:31:34.147 [info] fatal: no such path .gitignore in e44dc08b5fca005acb53b9f94b02e26871f00bea
2025-01-05 15:32:04.096 [info] > git check-ignore -v -z --stdin [1ms]
2025-01-05 15:32:04.541 [info] > git config --get commit.template [5ms]
2025-01-05 15:32:04.541 [info] > git for-each-ref --format=%(refname)%00%(upstream:short)%00%(objectname)%00%(upstream:track)%00%(upstream:remotename)%00%(upstream:remoteref) refs/heads/vadim refs/remotes/vadim [1ms]
2025-01-05 15:32:04.550 [info] > git status -z -uall [4ms]
2025-01-05 15:32:04.551 [info] > git for-each-ref --sort -committerdate --format %(refname) %(objectname) %(*objectname) [1ms]
2025-01-05 15:32:06.991 [info] > git show --textconv :.gitignore [5ms]
2025-01-05 15:32:06.992 [info] > git ls-files --stage -- /home/vadim/Edu/Github/calculus_lab_1/.gitignore [1ms]
2025-01-05 15:32:08.476 [info] > git check-ignore -v -z --stdin [1ms]
2025-01-05 15:32:09.561 [info] > git config --get commit.template [4ms]
2025-01-05 15:32:09.561 [info] > git for-each-ref --format=%(refname)%00%(upstream:short)%00%(objectname)%00%(upstream:track)%00%(upstream:remotename)%00%(upstream:remoteref) refs/heads/vadim refs/remotes/vadim [1ms]
2025-01-05 15:32:09.570 [info] > git status -z -uall [5ms]
2025-01-05 15:32:09.571 [info] > git for-each-ref --sort -committerdate --format %(refname) %(objectname) %(*objectname) [1ms]
2025-01-05 15:32:09.657 [info] > git log --format=%H%n%aN%n%aE%n%at%n%ct%n%P%n%D%n%B -z --shortstat --diff-merges=first-parent -n50 --skip=0 --topo-order --decorate=full --stdin [1ms]
2025-01-05 15:32:20.177 [info] > git show --textconv :tex/report.tex [4ms]
2025-01-05 15:32:20.178 [info] > git ls-files --stage -- /home/vadim/Edu/Github/calculus_lab_1/tex/report.tex [1ms]
