2025-01-16 23:35:52.118 [info] [main] Log level: Info
2025-01-16 23:35:52.118 [info] [main] Validating found git in: "git"
2025-01-16 23:35:52.118 [info] [main] Using git "2.48.1" from "git"
2025-01-16 23:35:52.118 [info] [Model][doInitialScan] Initial repository scan started
2025-01-16 23:35:52.118 [info] > git rev-parse --show-toplevel [11ms]
2025-01-16 23:35:52.118 [info] > git rev-parse --git-dir --git-common-dir [3ms]
2025-01-16 23:35:52.118 [info] [Model][openRepository] Opened repository: /home/vadim/Edu/polygon
2025-01-16 23:35:52.119 [info] > git rev-parse --show-toplevel [11ms]
2025-01-16 23:35:52.120 [info] > git config --get commit.template [22ms]
2025-01-16 23:35:52.132 [info] > git for-each-ref --format=%(refname)%00%(upstream:short)%00%(objectname)%00%(upstream:track)%00%(upstream:remotename)%00%(upstream:remoteref) refs/heads/3112_Tiganov_Vadim refs/remotes/3112_Tiganov_Vadim [2ms]
2025-01-16 23:35:52.144 [warning] [Git][revParse] Unable to read file: ENOENT: no such file or directory, open '/home/vadim/Edu/polygon/.git/refs/remotes/origin/3112_Tiganov_Vadim'
2025-01-16 23:35:52.148 [info] > git rev-parse refs/remotes/origin/3112_Tiganov_Vadim [5ms]
2025-01-16 23:35:52.180 [info] > git rev-parse --show-toplevel [9ms]
2025-01-16 23:35:52.181 [info] > git for-each-ref --sort -committerdate --format %(refname) %(objectname) %(*objectname) [18ms]
2025-01-16 23:35:52.210 [info] > git status -z -uall [55ms]
2025-01-16 23:35:52.238 [info] > git for-each-ref --format=%(refname)%00%(upstream:short)%00%(objectname)%00%(upstream:track)%00%(upstream:remotename)%00%(upstream:remoteref) refs/heads/3112_Tiganov_Vadim refs/remotes/3112_Tiganov_Vadim [14ms]
2025-01-16 23:35:52.244 [info] > git rev-parse --show-toplevel [36ms]
2025-01-16 23:35:52.255 [info] > git config --local branch.3112_Tiganov_Vadim.vscode-merge-base [12ms]
2025-01-16 23:35:52.264 [info] > git config --get commit.template [27ms]
2025-01-16 23:35:52.267 [info] > git for-each-ref --format=%(refname)%00%(upstream:short)%00%(objectname)%00%(upstream:track)%00%(upstream:remotename)%00%(upstream:remoteref) refs/heads/origin/3112_Tiganov_Vadim refs/remotes/origin/3112_Tiganov_Vadim [5ms]
2025-01-16 23:35:52.287 [info] > git rev-parse --show-toplevel [33ms]
2025-01-16 23:35:52.305 [info] > git merge-base refs/heads/3112_Tiganov_Vadim refs/remotes/origin/3112_Tiganov_Vadim [31ms]
2025-01-16 23:35:52.375 [info] > git diff --name-status -z --diff-filter=ADMR 4f0c03202672b5826989d1efd198381eb12c7813...refs/remotes/origin/3112_Tiganov_Vadim [64ms]
2025-01-16 23:35:52.376 [info] > git rev-parse --show-toplevel [71ms]
2025-01-16 23:35:52.377 [info] > git for-each-ref --format=%(refname)%00%(upstream:short)%00%(objectname)%00%(upstream:track)%00%(upstream:remotename)%00%(upstream:remoteref) refs/heads/3112_Tiganov_Vadim refs/remotes/3112_Tiganov_Vadim [78ms]
2025-01-16 23:35:52.406 [warning] [Git][revParse] Unable to read file: ENOENT: no such file or directory, open '/home/vadim/Edu/polygon/.git/refs/remotes/origin/3112_Tiganov_Vadim'
2025-01-16 23:35:52.411 [info] > git rev-parse refs/remotes/origin/3112_Tiganov_Vadim [5ms]
2025-01-16 23:35:52.438 [info] > git rev-parse --show-toplevel [42ms]
2025-01-16 23:35:52.441 [info] > git for-each-ref --sort -committerdate --format %(refname) %(objectname) %(*objectname) [3ms]
2025-01-16 23:35:52.467 [info] > git status -z -uall [45ms]
2025-01-16 23:35:52.468 [info] > git rev-parse --show-toplevel [6ms]
2025-01-16 23:35:52.513 [info] > git rev-parse --show-toplevel [2ms]
2025-01-16 23:35:52.519 [info] > git rev-parse --show-toplevel [1ms]
2025-01-16 23:35:52.526 [info] > git rev-parse --show-toplevel [1ms]
2025-01-16 23:35:52.533 [info] > git rev-parse --show-toplevel [1ms]
2025-01-16 23:35:52.545 [info] > git rev-parse --show-toplevel [1ms]
2025-01-16 23:35:52.546 [info] [Model][doInitialScan] Initial repository scan completed - repositories (1), closed repositories (0), parent repositories (0), unsafe repositories (0)
2025-01-16 23:35:52.578 [info] > git fetch [524ms]
2025-01-16 23:35:52.586 [info] > git config --get commit.template [2ms]
2025-01-16 23:35:52.602 [info] > git check-ignore -v -z --stdin [3ms]
2025-01-16 23:35:52.603 [info] > git for-each-ref --format=%(refname)%00%(upstream:short)%00%(objectname)%00%(upstream:track)%00%(upstream:remotename)%00%(upstream:remoteref) refs/heads/3112_Tiganov_Vadim refs/remotes/3112_Tiganov_Vadim [10ms]
2025-01-16 23:35:52.613 [warning] [Git][revParse] Unable to read file: ENOENT: no such file or directory, open '/home/vadim/Edu/polygon/.git/refs/remotes/origin/3112_Tiganov_Vadim'
2025-01-16 23:35:52.615 [info] > git rev-parse refs/remotes/origin/3112_Tiganov_Vadim [3ms]
2025-01-16 23:35:52.639 [info] > git for-each-ref --sort -committerdate --format %(refname) %(objectname) %(*objectname) [14ms]
2025-01-16 23:35:52.646 [info] > git show --textconv :lab8/main.cpp [7ms]
2025-01-16 23:35:52.650 [info] > git ls-files --stage -- /home/vadim/Edu/polygon/lab8/main.cpp [5ms]
2025-01-16 23:35:52.658 [info] > git status -z -uall [38ms]
2025-01-16 23:35:52.662 [info] > git cat-file -s a25a22f90b907f0fd4b9bc4fbda0091527b9c125 [5ms]
2025-01-16 23:35:52.705 [info] > git blame --root --incremental 4f0c03202672b5826989d1efd198381eb12c7813 -- /home/vadim/Edu/polygon/lab8/main.cpp [2ms]
2025-01-16 23:35:53.729 [info] > git config --get commit.template [9ms]
2025-01-16 23:35:53.730 [info] > git for-each-ref --format=%(refname)%00%(upstream:short)%00%(objectname)%00%(upstream:track)%00%(upstream:remotename)%00%(upstream:remoteref) refs/heads/3112_Tiganov_Vadim refs/remotes/3112_Tiganov_Vadim [2ms]
2025-01-16 23:35:53.737 [warning] [Git][revParse] Unable to read file: ENOENT: no such file or directory, open '/home/vadim/Edu/polygon/.git/refs/remotes/origin/3112_Tiganov_Vadim'
2025-01-16 23:35:53.738 [info] > git rev-parse refs/remotes/origin/3112_Tiganov_Vadim [2ms]
2025-01-16 23:35:53.751 [info] > git for-each-ref --sort -committerdate --format %(refname) %(objectname) %(*objectname) [2ms]
2025-01-16 23:35:53.772 [info] > git status -z -uall [29ms]
2025-01-16 23:35:53.820 [info] > git ls-files --stage -- /home/vadim/Edu/polygon/lab8/main.cpp [2ms]
2025-01-16 23:35:53.828 [info] > git cat-file -s a25a22f90b907f0fd4b9bc4fbda0091527b9c125 [2ms]
2025-01-16 23:35:53.838 [info] > git show --textconv :lab8/main.cpp [2ms]
2025-01-16 23:35:58.794 [info] > git config --get commit.template [10ms]
2025-01-16 23:35:58.795 [info] > git for-each-ref --format=%(refname)%00%(upstream:short)%00%(objectname)%00%(upstream:track)%00%(upstream:remotename)%00%(upstream:remoteref) refs/heads/3112_Tiganov_Vadim refs/remotes/3112_Tiganov_Vadim [2ms]
2025-01-16 23:35:58.802 [warning] [Git][revParse] Unable to read file: ENOENT: no such file or directory, open '/home/vadim/Edu/polygon/.git/refs/remotes/origin/3112_Tiganov_Vadim'
2025-01-16 23:35:58.804 [info] > git rev-parse refs/remotes/origin/3112_Tiganov_Vadim [2ms]
2025-01-16 23:35:58.819 [info] > git for-each-ref --sort -committerdate --format %(refname) %(objectname) %(*objectname) [2ms]
2025-01-16 23:35:58.838 [info] > git status -z -uall [28ms]
2025-01-16 23:36:58.638 [info] > git config --get commit.template [8ms]
2025-01-16 23:36:58.639 [info] > git for-each-ref --format=%(refname)%00%(upstream:short)%00%(objectname)%00%(upstream:track)%00%(upstream:remotename)%00%(upstream:remoteref) refs/heads/3112_Tiganov_Vadim refs/remotes/3112_Tiganov_Vadim [3ms]
2025-01-16 23:36:58.647 [warning] [Git][revParse] Unable to read file: ENOENT: no such file or directory, open '/home/vadim/Edu/polygon/.git/refs/remotes/origin/3112_Tiganov_Vadim'
2025-01-16 23:36:58.648 [info] > git rev-parse refs/remotes/origin/3112_Tiganov_Vadim [1ms]
2025-01-16 23:36:58.664 [info] > git for-each-ref --sort -committerdate --format %(refname) %(objectname) %(*objectname) [4ms]
2025-01-16 23:36:58.679 [info] > git status -z -uall [26ms]
2025-01-16 23:36:59.155 [info] > git check-ignore -v -z --stdin [3ms]
2025-01-16 23:37:12.113 [info] > git config --get commit.template [3ms]
2025-01-16 23:37:12.124 [info] > git for-each-ref --format=%(refname)%00%(upstream:short)%00%(objectname)%00%(upstream:track)%00%(upstream:remotename)%00%(upstream:remoteref) refs/heads/3112_Tiganov_Vadim refs/remotes/3112_Tiganov_Vadim [3ms]
2025-01-16 23:37:12.131 [warning] [Git][revParse] Unable to read file: ENOENT: no such file or directory, open '/home/vadim/Edu/polygon/.git/refs/remotes/origin/3112_Tiganov_Vadim'
2025-01-16 23:37:12.133 [info] > git rev-parse refs/remotes/origin/3112_Tiganov_Vadim [2ms]
2025-01-16 23:37:12.147 [info] > git for-each-ref --sort -committerdate --format %(refname) %(objectname) %(*objectname) [3ms]
2025-01-16 23:37:12.166 [info] > git status -z -uall [28ms]
2025-01-16 23:37:17.636 [info] > git config --get commit.template [15ms]
2025-01-16 23:37:17.638 [info] > git for-each-ref --format=%(refname)%00%(upstream:short)%00%(objectname)%00%(upstream:track)%00%(upstream:remotename)%00%(upstream:remoteref) refs/heads/3112_Tiganov_Vadim refs/remotes/3112_Tiganov_Vadim [4ms]
2025-01-16 23:37:17.649 [warning] [Git][revParse] Unable to read file: ENOENT: no such file or directory, open '/home/vadim/Edu/polygon/.git/refs/remotes/origin/3112_Tiganov_Vadim'
2025-01-16 23:37:17.651 [info] > git rev-parse refs/remotes/origin/3112_Tiganov_Vadim [2ms]
2025-01-16 23:37:17.687 [info] > git for-each-ref --sort -committerdate --format %(refname) %(objectname) %(*objectname) [8ms]
2025-01-16 23:37:17.705 [info] > git status -z -uall [46ms]
2025-01-16 23:37:29.693 [info] > git config --get commit.template [13ms]
2025-01-16 23:37:29.694 [info] > git for-each-ref --format=%(refname)%00%(upstream:short)%00%(objectname)%00%(upstream:track)%00%(upstream:remotename)%00%(upstream:remoteref) refs/heads/3112_Tiganov_Vadim refs/remotes/3112_Tiganov_Vadim [3ms]
2025-01-16 23:37:29.699 [warning] [Git][revParse] Unable to read file: ENOENT: no such file or directory, open '/home/vadim/Edu/polygon/.git/refs/remotes/origin/3112_Tiganov_Vadim'
2025-01-16 23:37:29.701 [info] > git rev-parse refs/remotes/origin/3112_Tiganov_Vadim [2ms]
2025-01-16 23:37:29.718 [info] > git for-each-ref --sort -committerdate --format %(refname) %(objectname) %(*objectname) [5ms]
2025-01-16 23:37:29.742 [info] > git status -z -uall [35ms]
2025-01-16 23:38:30.777 [info] > git log --format=%H%n%aN%n%aE%n%at%n%ct%n%P%n%D%n%B -z --shortstat --diff-merges=first-parent -n50 --skip=0 --topo-order --decorate=full --stdin [76ms]
2025-01-16 23:38:31.310 [info] > git check-ignore -v -z --stdin [2ms]
2025-01-16 23:38:53.156 [info] > git fetch [481ms]
2025-01-16 23:38:53.176 [info] > git config --get commit.template [10ms]
2025-01-16 23:38:53.176 [info] > git for-each-ref --format=%(refname)%00%(upstream:short)%00%(objectname)%00%(upstream:track)%00%(upstream:remotename)%00%(upstream:remoteref) refs/heads/3112_Tiganov_Vadim refs/remotes/3112_Tiganov_Vadim [2ms]
2025-01-16 23:38:53.182 [warning] [Git][revParse] Unable to read file: ENOENT: no such file or directory, open '/home/vadim/Edu/polygon/.git/refs/remotes/origin/3112_Tiganov_Vadim'
2025-01-16 23:38:53.185 [info] > git rev-parse refs/remotes/origin/3112_Tiganov_Vadim [2ms]
2025-01-16 23:38:53.208 [info] > git for-each-ref --sort -committerdate --format %(refname) %(objectname) %(*objectname) [4ms]
2025-01-16 23:38:53.232 [info] > git status -z -uall [38ms]
2025-01-16 23:38:54.289 [info] > git config --get commit.template [2ms]
2025-01-16 23:38:54.298 [info] > git for-each-ref --format=%(refname)%00%(upstream:short)%00%(objectname)%00%(upstream:track)%00%(upstream:remotename)%00%(upstream:remoteref) refs/heads/3112_Tiganov_Vadim refs/remotes/3112_Tiganov_Vadim [2ms]
2025-01-16 23:38:54.303 [warning] [Git][revParse] Unable to read file: ENOENT: no such file or directory, open '/home/vadim/Edu/polygon/.git/refs/remotes/origin/3112_Tiganov_Vadim'
2025-01-16 23:38:54.304 [info] > git rev-parse refs/remotes/origin/3112_Tiganov_Vadim [1ms]
2025-01-16 23:38:54.318 [info] > git for-each-ref --sort -committerdate --format %(refname) %(objectname) %(*objectname) [2ms]
2025-01-16 23:38:54.341 [info] > git status -z -uall [31ms]
2025-01-16 23:38:54.393 [info] > git ls-files --stage -- /home/vadim/Edu/polygon/lab8/main.cpp [0ms]
2025-01-16 23:38:54.403 [info] > git cat-file -s a25a22f90b907f0fd4b9bc4fbda0091527b9c125 [4ms]
2025-01-16 23:38:54.416 [info] > git show --textconv :lab8/main.cpp [3ms]
2025-01-16 23:40:10.881 [info] > git config --get commit.template [3ms]
2025-01-16 23:40:10.891 [info] > git for-each-ref --format=%(refname)%00%(upstream:short)%00%(objectname)%00%(upstream:track)%00%(upstream:remotename)%00%(upstream:remoteref) refs/heads/3112_Tiganov_Vadim refs/remotes/3112_Tiganov_Vadim [2ms]
2025-01-16 23:40:10.896 [warning] [Git][revParse] Unable to read file: ENOENT: no such file or directory, open '/home/vadim/Edu/polygon/.git/refs/remotes/origin/3112_Tiganov_Vadim'
2025-01-16 23:40:10.898 [info] > git rev-parse refs/remotes/origin/3112_Tiganov_Vadim [2ms]
2025-01-16 23:40:10.916 [info] > git for-each-ref --sort -committerdate --format %(refname) %(objectname) %(*objectname) [2ms]
2025-01-16 23:40:10.938 [info] > git status -z -uall [32ms]
2025-01-16 23:40:15.139 [info] > git check-ignore -v -z --stdin [3ms]
2025-01-16 23:40:15.963 [info] > git config --get commit.template [10ms]
2025-01-16 23:40:15.964 [info] > git for-each-ref --format=%(refname)%00%(upstream:short)%00%(objectname)%00%(upstream:track)%00%(upstream:remotename)%00%(upstream:remoteref) refs/heads/3112_Tiganov_Vadim refs/remotes/3112_Tiganov_Vadim [2ms]
2025-01-16 23:40:15.971 [warning] [Git][revParse] Unable to read file: ENOENT: no such file or directory, open '/home/vadim/Edu/polygon/.git/refs/remotes/origin/3112_Tiganov_Vadim'
2025-01-16 23:40:15.973 [info] > git rev-parse refs/remotes/origin/3112_Tiganov_Vadim [2ms]
2025-01-16 23:40:15.987 [info] > git for-each-ref --sort -committerdate --format %(refname) %(objectname) %(*objectname) [3ms]
2025-01-16 23:40:16.006 [info] > git status -z -uall [28ms]
2025-01-16 23:41:02.792 [info] > git config --get commit.template [9ms]
2025-01-16 23:41:02.793 [info] > git for-each-ref --format=%(refname)%00%(upstream:short)%00%(objectname)%00%(upstream:track)%00%(upstream:remotename)%00%(upstream:remoteref) refs/heads/3112_Tiganov_Vadim refs/remotes/3112_Tiganov_Vadim [2ms]
2025-01-16 23:41:02.800 [warning] [Git][revParse] Unable to read file: ENOENT: no such file or directory, open '/home/vadim/Edu/polygon/.git/refs/remotes/origin/3112_Tiganov_Vadim'
2025-01-16 23:41:02.802 [info] > git rev-parse refs/remotes/origin/3112_Tiganov_Vadim [2ms]
2025-01-16 23:41:02.815 [info] > git for-each-ref --sort -committerdate --format %(refname) %(objectname) %(*objectname) [2ms]
2025-01-16 23:41:02.836 [info] > git status -z -uall [29ms]
2025-01-16 23:42:06.157 [info] > git config --get commit.template [9ms]
2025-01-16 23:42:06.159 [info] > git for-each-ref --format=%(refname)%00%(upstream:short)%00%(objectname)%00%(upstream:track)%00%(upstream:remotename)%00%(upstream:remoteref) refs/heads/3112_Tiganov_Vadim refs/remotes/3112_Tiganov_Vadim [3ms]
2025-01-16 23:42:06.167 [warning] [Git][revParse] Unable to read file: ENOENT: no such file or directory, open '/home/vadim/Edu/polygon/.git/refs/remotes/origin/3112_Tiganov_Vadim'
2025-01-16 23:42:06.169 [info] > git rev-parse refs/remotes/origin/3112_Tiganov_Vadim [2ms]
2025-01-16 23:42:06.188 [info] > git for-each-ref --sort -committerdate --format %(refname) %(objectname) %(*objectname) [3ms]
2025-01-16 23:42:06.212 [info] > git status -z -uall [36ms]
2025-01-16 23:42:06.630 [info] > git fetch [497ms]
2025-01-16 23:42:06.645 [info] > git config --get commit.template [8ms]
2025-01-16 23:42:06.646 [info] > git for-each-ref --format=%(refname)%00%(upstream:short)%00%(objectname)%00%(upstream:track)%00%(upstream:remotename)%00%(upstream:remoteref) refs/heads/3112_Tiganov_Vadim refs/remotes/3112_Tiganov_Vadim [2ms]
2025-01-16 23:42:06.653 [warning] [Git][revParse] Unable to read file: ENOENT: no such file or directory, open '/home/vadim/Edu/polygon/.git/refs/remotes/origin/3112_Tiganov_Vadim'
2025-01-16 23:42:06.656 [info] > git rev-parse refs/remotes/origin/3112_Tiganov_Vadim [2ms]
2025-01-16 23:42:06.670 [info] > git for-each-ref --sort -committerdate --format %(refname) %(objectname) %(*objectname) [2ms]
2025-01-16 23:42:06.691 [info] > git status -z -uall [29ms]
2025-01-16 23:42:32.496 [info] > git config --get commit.template [6ms]
2025-01-16 23:42:32.497 [info] > git for-each-ref --format=%(refname)%00%(upstream:short)%00%(objectname)%00%(upstream:track)%00%(upstream:remotename)%00%(upstream:remoteref) refs/heads/3112_Tiganov_Vadim refs/remotes/3112_Tiganov_Vadim [1ms]
2025-01-16 23:42:32.504 [warning] [Git][revParse] Unable to read file: ENOENT: no such file or directory, open '/home/vadim/Edu/polygon/.git/refs/remotes/origin/3112_Tiganov_Vadim'
2025-01-16 23:42:32.505 [info] > git rev-parse refs/remotes/origin/3112_Tiganov_Vadim [2ms]
2025-01-16 23:42:32.519 [info] > git for-each-ref --sort -committerdate --format %(refname) %(objectname) %(*objectname) [2ms]
2025-01-16 23:42:32.544 [info] > git status -z -uall [35ms]
2025-01-16 23:42:32.547 [info] > git ls-files --stage -- /home/vadim/Edu/polygon/lab8/main.cpp [4ms]
2025-01-16 23:42:32.554 [info] > git cat-file -s a25a22f90b907f0fd4b9bc4fbda0091527b9c125 [2ms]
2025-01-16 23:42:32.567 [info] > git show --textconv :lab8/main.cpp [2ms]
2025-01-16 23:45:58.676 [info] > git fetch [483ms]
2025-01-16 23:45:58.687 [info] > git config --get commit.template [1ms]
2025-01-16 23:45:58.696 [info] > git for-each-ref --format=%(refname)%00%(upstream:short)%00%(objectname)%00%(upstream:track)%00%(upstream:remotename)%00%(upstream:remoteref) refs/heads/3112_Tiganov_Vadim refs/remotes/3112_Tiganov_Vadim [2ms]
2025-01-16 23:45:58.702 [warning] [Git][revParse] Unable to read file: ENOENT: no such file or directory, open '/home/vadim/Edu/polygon/.git/refs/remotes/origin/3112_Tiganov_Vadim'
2025-01-16 23:45:58.704 [info] > git rev-parse refs/remotes/origin/3112_Tiganov_Vadim [2ms]
2025-01-16 23:45:58.720 [info] > git for-each-ref --sort -committerdate --format %(refname) %(objectname) %(*objectname) [3ms]
2025-01-16 23:45:58.741 [info] > git status -z -uall [30ms]
2025-01-16 23:45:59.831 [info] > git config --get commit.template [8ms]
2025-01-16 23:45:59.832 [info] > git for-each-ref --format=%(refname)%00%(upstream:short)%00%(objectname)%00%(upstream:track)%00%(upstream:remotename)%00%(upstream:remoteref) refs/heads/3112_Tiganov_Vadim refs/remotes/3112_Tiganov_Vadim [3ms]
2025-01-16 23:45:59.838 [warning] [Git][revParse] Unable to read file: ENOENT: no such file or directory, open '/home/vadim/Edu/polygon/.git/refs/remotes/origin/3112_Tiganov_Vadim'
2025-01-16 23:45:59.840 [info] > git rev-parse refs/remotes/origin/3112_Tiganov_Vadim [2ms]
2025-01-16 23:45:59.855 [info] > git for-each-ref --sort -committerdate --format %(refname) %(objectname) %(*objectname) [3ms]
2025-01-16 23:45:59.877 [info] > git status -z -uall [31ms]
2025-01-16 23:45:59.923 [info] > git ls-files --stage -- /home/vadim/Edu/polygon/lab8/main.cpp [2ms]
2025-01-16 23:45:59.934 [info] > git cat-file -s a25a22f90b907f0fd4b9bc4fbda0091527b9c125 [2ms]
2025-01-16 23:45:59.948 [info] > git show --textconv :lab8/main.cpp [2ms]
2025-01-16 23:48:04.336 [info] > git show --textconv :lab8/test.cpp [7ms]
2025-01-16 23:48:04.338 [info] > git ls-files --stage -- /home/vadim/Edu/polygon/lab8/test.cpp [3ms]
2025-01-16 23:48:04.347 [info] > git cat-file -s a813c6ada080d178f2c9e08197d2e0f501f28386 [2ms]
2025-01-16 23:48:04.442 [info] > git blame --root --incremental 4f0c03202672b5826989d1efd198381eb12c7813 -- /home/vadim/Edu/polygon/lab8/test.cpp [2ms]
2025-01-16 23:48:10.680 [info] > git config --get commit.template [10ms]
2025-01-16 23:48:10.682 [info] > git for-each-ref --format=%(refname)%00%(upstream:short)%00%(objectname)%00%(upstream:track)%00%(upstream:remotename)%00%(upstream:remoteref) refs/heads/3112_Tiganov_Vadim refs/remotes/3112_Tiganov_Vadim [3ms]
2025-01-16 23:48:10.689 [warning] [Git][revParse] Unable to read file: ENOENT: no such file or directory, open '/home/vadim/Edu/polygon/.git/refs/remotes/origin/3112_Tiganov_Vadim'
2025-01-16 23:48:10.691 [info] > git rev-parse refs/remotes/origin/3112_Tiganov_Vadim [2ms]
2025-01-16 23:48:10.709 [info] > git for-each-ref --sort -committerdate --format %(refname) %(objectname) %(*objectname) [2ms]
2025-01-16 23:48:10.730 [info] > git status -z -uall [32ms]
2025-01-16 23:48:30.065 [info] > git show --textconv :lab8/test_graph.txt [12ms]
2025-01-16 23:48:30.065 [info] > git ls-files --stage -- /home/vadim/Edu/polygon/lab8/test_graph.txt [2ms]
2025-01-16 23:48:30.339 [info] > git check-ignore -v -z --stdin [2ms]
2025-01-16 23:48:30.847 [info] > git blame --root --incremental 4f0c03202672b5826989d1efd198381eb12c7813 -- /home/vadim/Edu/polygon/lab8/test_graph.txt [6ms]
2025-01-16 23:48:30.847 [info] fatal: no such path lab8/test_graph.txt in 4f0c03202672b5826989d1efd198381eb12c7813
2025-01-16 23:48:30.884 [info] > git config --get commit.template [3ms]
2025-01-16 23:48:30.897 [info] > git for-each-ref --format=%(refname)%00%(upstream:short)%00%(objectname)%00%(upstream:track)%00%(upstream:remotename)%00%(upstream:remoteref) refs/heads/3112_Tiganov_Vadim refs/remotes/3112_Tiganov_Vadim [4ms]
2025-01-16 23:48:30.902 [warning] [Git][revParse] Unable to read file: ENOENT: no such file or directory, open '/home/vadim/Edu/polygon/.git/refs/remotes/origin/3112_Tiganov_Vadim'
2025-01-16 23:48:30.903 [info] > git rev-parse refs/remotes/origin/3112_Tiganov_Vadim [1ms]
2025-01-16 23:48:30.917 [info] > git for-each-ref --sort -committerdate --format %(refname) %(objectname) %(*objectname) [2ms]
2025-01-16 23:48:30.938 [info] > git status -z -uall [30ms]
2025-01-16 23:48:32.167 [info] > git show --textconv :lab8/test.cpp [10ms]
2025-01-16 23:48:32.168 [info] > git ls-files --stage -- /home/vadim/Edu/polygon/lab8/test.cpp [3ms]
2025-01-16 23:48:32.177 [info] > git cat-file -s a813c6ada080d178f2c9e08197d2e0f501f28386 [3ms]
2025-01-16 23:49:11.591 [info] > git config --get commit.template [16ms]
2025-01-16 23:49:11.591 [info] > git for-each-ref --format=%(refname)%00%(upstream:short)%00%(objectname)%00%(upstream:track)%00%(upstream:remotename)%00%(upstream:remoteref) refs/heads/3112_Tiganov_Vadim refs/remotes/3112_Tiganov_Vadim [3ms]
2025-01-16 23:49:11.604 [warning] [Git][revParse] Unable to read file: ENOENT: no such file or directory, open '/home/vadim/Edu/polygon/.git/refs/remotes/origin/3112_Tiganov_Vadim'
2025-01-16 23:49:11.607 [info] > git rev-parse refs/remotes/origin/3112_Tiganov_Vadim [3ms]
2025-01-16 23:49:11.648 [info] > git for-each-ref --sort -committerdate --format %(refname) %(objectname) %(*objectname) [3ms]
2025-01-16 23:49:11.671 [info] > git status -z -uall [50ms]
2025-01-16 23:49:12.071 [info] > git fetch [517ms]
2025-01-16 23:49:12.102 [info] > git config --get commit.template [19ms]
2025-01-16 23:49:12.104 [info] > git for-each-ref --format=%(refname)%00%(upstream:short)%00%(objectname)%00%(upstream:track)%00%(upstream:remotename)%00%(upstream:remoteref) refs/heads/3112_Tiganov_Vadim refs/remotes/3112_Tiganov_Vadim [6ms]
2025-01-16 23:49:12.120 [warning] [Git][revParse] Unable to read file: ENOENT: no such file or directory, open '/home/vadim/Edu/polygon/.git/refs/remotes/origin/3112_Tiganov_Vadim'
2025-01-16 23:49:12.121 [info] > git rev-parse refs/remotes/origin/3112_Tiganov_Vadim [1ms]
2025-01-16 23:49:12.140 [info] > git for-each-ref --sort -committerdate --format %(refname) %(objectname) %(*objectname) [3ms]
2025-01-16 23:49:12.161 [info] > git status -z -uall [33ms]
2025-01-16 23:49:13.253 [info] > git ls-files --stage -- /home/vadim/Edu/polygon/lab8/test.cpp [2ms]
2025-01-16 23:49:13.262 [info] > git cat-file -s a813c6ada080d178f2c9e08197d2e0f501f28386 [2ms]
2025-01-16 23:49:13.272 [info] > git show --textconv :lab8/test.cpp [2ms]
2025-01-16 23:49:20.291 [info] > git config --get commit.template [2ms]
2025-01-16 23:49:20.303 [info] > git for-each-ref --format=%(refname)%00%(upstream:short)%00%(objectname)%00%(upstream:track)%00%(upstream:remotename)%00%(upstream:remoteref) refs/heads/3112_Tiganov_Vadim refs/remotes/3112_Tiganov_Vadim [3ms]
2025-01-16 23:49:20.309 [warning] [Git][revParse] Unable to read file: ENOENT: no such file or directory, open '/home/vadim/Edu/polygon/.git/refs/remotes/origin/3112_Tiganov_Vadim'
2025-01-16 23:49:20.311 [info] > git rev-parse refs/remotes/origin/3112_Tiganov_Vadim [2ms]
2025-01-16 23:49:20.328 [info] > git for-each-ref --sort -committerdate --format %(refname) %(objectname) %(*objectname) [3ms]
2025-01-16 23:49:20.350 [info] > git status -z -uall [34ms]
2025-01-16 23:49:32.044 [info] > git config --get commit.template [11ms]
2025-01-16 23:49:32.046 [info] > git for-each-ref --format=%(refname)%00%(upstream:short)%00%(objectname)%00%(upstream:track)%00%(upstream:remotename)%00%(upstream:remoteref) refs/heads/3112_Tiganov_Vadim refs/remotes/3112_Tiganov_Vadim [2ms]
2025-01-16 23:49:32.051 [warning] [Git][revParse] Unable to read file: ENOENT: no such file or directory, open '/home/vadim/Edu/polygon/.git/refs/remotes/origin/3112_Tiganov_Vadim'
2025-01-16 23:49:32.053 [info] > git rev-parse refs/remotes/origin/3112_Tiganov_Vadim [2ms]
2025-01-16 23:49:32.072 [info] > git for-each-ref --sort -committerdate --format %(refname) %(objectname) %(*objectname) [3ms]
2025-01-16 23:49:32.092 [info] > git status -z -uall [30ms]
2025-01-16 23:49:57.989 [info] > git show --textconv :lab8/test_graph.cpp [14ms]
2025-01-16 23:49:57.991 [info] > git ls-files --stage -- /home/vadim/Edu/polygon/lab8/test_graph.cpp [4ms]
2025-01-16 23:49:58.009 [info] > git blame --root --incremental 4f0c03202672b5826989d1efd198381eb12c7813 -- /home/vadim/Edu/polygon/lab8/test_graph.cpp [5ms]
2025-01-16 23:49:58.009 [info] fatal: no such path lab8/test_graph.cpp in 4f0c03202672b5826989d1efd198381eb12c7813
2025-01-16 23:49:58.245 [info] > git check-ignore -v -z --stdin [3ms]
2025-01-16 23:49:58.770 [info] > git config --get commit.template [16ms]
2025-01-16 23:49:58.771 [info] > git for-each-ref --format=%(refname)%00%(upstream:short)%00%(objectname)%00%(upstream:track)%00%(upstream:remotename)%00%(upstream:remoteref) refs/heads/3112_Tiganov_Vadim refs/remotes/3112_Tiganov_Vadim [3ms]
2025-01-16 23:49:58.781 [warning] [Git][revParse] Unable to read file: ENOENT: no such file or directory, open '/home/vadim/Edu/polygon/.git/refs/remotes/origin/3112_Tiganov_Vadim'
2025-01-16 23:49:58.783 [info] > git rev-parse refs/remotes/origin/3112_Tiganov_Vadim [1ms]
2025-01-16 23:49:58.807 [info] > git for-each-ref --sort -committerdate --format %(refname) %(objectname) %(*objectname) [3ms]
2025-01-16 23:49:58.829 [info] > git status -z -uall [37ms]
2025-01-16 23:50:03.853 [info] > git config --get commit.template [9ms]
2025-01-16 23:50:03.854 [info] > git for-each-ref --format=%(refname)%00%(upstream:short)%00%(objectname)%00%(upstream:track)%00%(upstream:remotename)%00%(upstream:remoteref) refs/heads/3112_Tiganov_Vadim refs/remotes/3112_Tiganov_Vadim [2ms]
2025-01-16 23:50:03.861 [warning] [Git][revParse] Unable to read file: ENOENT: no such file or directory, open '/home/vadim/Edu/polygon/.git/refs/remotes/origin/3112_Tiganov_Vadim'
2025-01-16 23:50:03.863 [info] > git rev-parse refs/remotes/origin/3112_Tiganov_Vadim [2ms]
2025-01-16 23:50:03.878 [info] > git for-each-ref --sort -committerdate --format %(refname) %(objectname) %(*objectname) [2ms]
2025-01-16 23:50:03.899 [info] > git status -z -uall [30ms]
2025-01-16 23:50:45.393 [info] > git show --textconv :lab8/test_graph.cpp [8ms]
2025-01-16 23:50:45.395 [info] > git ls-files --stage -- /home/vadim/Edu/polygon/lab8/test_graph.cpp [2ms]
2025-01-16 23:50:46.257 [info] > git config --get commit.template [17ms]
2025-01-16 23:50:46.260 [info] > git for-each-ref --format=%(refname)%00%(upstream:short)%00%(objectname)%00%(upstream:track)%00%(upstream:remotename)%00%(upstream:remoteref) refs/heads/3112_Tiganov_Vadim refs/remotes/3112_Tiganov_Vadim [5ms]
2025-01-16 23:50:46.272 [warning] [Git][revParse] Unable to read file: ENOENT: no such file or directory, open '/home/vadim/Edu/polygon/.git/refs/remotes/origin/3112_Tiganov_Vadim'
2025-01-16 23:50:46.278 [info] > git rev-parse refs/remotes/origin/3112_Tiganov_Vadim [6ms]
2025-01-16 23:50:46.304 [info] > git for-each-ref --sort -committerdate --format %(refname) %(objectname) %(*objectname) [4ms]
2025-01-16 23:50:46.327 [info] > git status -z -uall [34ms]
2025-01-16 23:51:12.033 [info] > git config --get commit.template [9ms]
2025-01-16 23:51:12.035 [info] > git for-each-ref --format=%(refname)%00%(upstream:short)%00%(objectname)%00%(upstream:track)%00%(upstream:remotename)%00%(upstream:remoteref) refs/heads/3112_Tiganov_Vadim refs/remotes/3112_Tiganov_Vadim [2ms]
2025-01-16 23:51:12.042 [warning] [Git][revParse] Unable to read file: ENOENT: no such file or directory, open '/home/vadim/Edu/polygon/.git/refs/remotes/origin/3112_Tiganov_Vadim'
2025-01-16 23:51:12.043 [info] > git rev-parse refs/remotes/origin/3112_Tiganov_Vadim [2ms]
2025-01-16 23:51:12.059 [info] > git for-each-ref --sort -committerdate --format %(refname) %(objectname) %(*objectname) [2ms]
2025-01-16 23:51:12.078 [info] > git status -z -uall [28ms]
2025-01-16 23:52:12.686 [info] > git fetch [491ms]
2025-01-16 23:52:12.704 [info] > git config --get commit.template [8ms]
2025-01-16 23:52:12.705 [info] > git for-each-ref --format=%(refname)%00%(upstream:short)%00%(objectname)%00%(upstream:track)%00%(upstream:remotename)%00%(upstream:remoteref) refs/heads/3112_Tiganov_Vadim refs/remotes/3112_Tiganov_Vadim [2ms]
2025-01-16 23:52:12.712 [warning] [Git][revParse] Unable to read file: ENOENT: no such file or directory, open '/home/vadim/Edu/polygon/.git/refs/remotes/origin/3112_Tiganov_Vadim'
2025-01-16 23:52:12.714 [info] > git rev-parse refs/remotes/origin/3112_Tiganov_Vadim [2ms]
2025-01-16 23:52:12.731 [info] > git for-each-ref --sort -committerdate --format %(refname) %(objectname) %(*objectname) [3ms]
2025-01-16 23:52:12.751 [info] > git status -z -uall [30ms]
2025-01-16 23:52:13.836 [info] > git config --get commit.template [5ms]
2025-01-16 23:52:13.849 [info] > git for-each-ref --format=%(refname)%00%(upstream:short)%00%(objectname)%00%(upstream:track)%00%(upstream:remotename)%00%(upstream:remoteref) refs/heads/3112_Tiganov_Vadim refs/remotes/3112_Tiganov_Vadim [4ms]
2025-01-16 23:52:13.857 [warning] [Git][revParse] Unable to read file: ENOENT: no such file or directory, open '/home/vadim/Edu/polygon/.git/refs/remotes/origin/3112_Tiganov_Vadim'
2025-01-16 23:52:13.858 [info] > git rev-parse refs/remotes/origin/3112_Tiganov_Vadim [1ms]
2025-01-16 23:52:13.873 [info] > git for-each-ref --sort -committerdate --format %(refname) %(objectname) %(*objectname) [2ms]
2025-01-16 23:52:13.894 [info] > git status -z -uall [29ms]
2025-01-16 23:52:13.955 [info] > git ls-files --stage -- /home/vadim/Edu/polygon/lab8/test_graph.cpp [1ms]
2025-01-16 23:52:13.961 [info] > git show --textconv :lab8/test_graph.cpp [1ms]
2025-01-16 23:53:10.481 [info] > git show --textconv :lab8/graph_algorithms.h [11ms]
2025-01-16 23:53:10.483 [info] > git ls-files --stage -- /home/vadim/Edu/polygon/lab8/graph_algorithms.h [3ms]
2025-01-16 23:53:10.752 [info] > git check-ignore -v -z --stdin [2ms]
2025-01-16 23:53:14.476 [info] > git blame --root --incremental 4f0c03202672b5826989d1efd198381eb12c7813 -- /home/vadim/Edu/polygon/lab8/graph_algorithms.h [3ms]
2025-01-16 23:53:14.477 [info] fatal: no such path lab8/graph_algorithms.h in 4f0c03202672b5826989d1efd198381eb12c7813
2025-01-16 23:53:26.680 [info] > git config --get commit.template [1ms]
2025-01-16 23:53:26.688 [info] > git for-each-ref --format=%(refname)%00%(upstream:short)%00%(objectname)%00%(upstream:track)%00%(upstream:remotename)%00%(upstream:remoteref) refs/heads/3112_Tiganov_Vadim refs/remotes/3112_Tiganov_Vadim [2ms]
2025-01-16 23:53:26.696 [warning] [Git][revParse] Unable to read file: ENOENT: no such file or directory, open '/home/vadim/Edu/polygon/.git/refs/remotes/origin/3112_Tiganov_Vadim'
2025-01-16 23:53:26.697 [info] > git rev-parse refs/remotes/origin/3112_Tiganov_Vadim [1ms]
2025-01-16 23:53:26.712 [info] > git for-each-ref --sort -committerdate --format %(refname) %(objectname) %(*objectname) [2ms]
2025-01-16 23:53:26.734 [info] > git status -z -uall [31ms]
2025-01-16 23:53:29.701 [info] > git show --textconv :lab8/graph_algorithms.cpp [12ms]
2025-01-16 23:53:29.703 [info] > git ls-files --stage -- /home/vadim/Edu/polygon/lab8/graph_algorithms.cpp [4ms]
2025-01-16 23:53:29.994 [info] > git check-ignore -v -z --stdin [7ms]
2025-01-16 23:53:31.779 [info] > git config --get commit.template [1ms]
2025-01-16 23:53:31.794 [info] > git for-each-ref --format=%(refname)%00%(upstream:short)%00%(objectname)%00%(upstream:track)%00%(upstream:remotename)%00%(upstream:remoteref) refs/heads/3112_Tiganov_Vadim refs/remotes/3112_Tiganov_Vadim [2ms]
2025-01-16 23:53:31.804 [warning] [Git][revParse] Unable to read file: ENOENT: no such file or directory, open '/home/vadim/Edu/polygon/.git/refs/remotes/origin/3112_Tiganov_Vadim'
2025-01-16 23:53:31.808 [info] > git rev-parse refs/remotes/origin/3112_Tiganov_Vadim [4ms]
2025-01-16 23:53:31.822 [info] > git for-each-ref --sort -committerdate --format %(refname) %(objectname) %(*objectname) [2ms]
2025-01-16 23:53:31.841 [info] > git status -z -uall [28ms]
2025-01-16 23:53:32.783 [info] > git blame --root --incremental 4f0c03202672b5826989d1efd198381eb12c7813 -- /home/vadim/Edu/polygon/lab8/graph_algorithms.cpp [5ms]
2025-01-16 23:53:32.783 [info] fatal: no such path lab8/graph_algorithms.cpp in 4f0c03202672b5826989d1efd198381eb12c7813
2025-01-16 23:53:36.958 [info] > git config --get commit.template [12ms]
2025-01-16 23:53:36.960 [info] > git for-each-ref --format=%(refname)%00%(upstream:short)%00%(objectname)%00%(upstream:track)%00%(upstream:remotename)%00%(upstream:remoteref) refs/heads/3112_Tiganov_Vadim refs/remotes/3112_Tiganov_Vadim [2ms]
2025-01-16 23:53:36.967 [warning] [Git][revParse] Unable to read file: ENOENT: no such file or directory, open '/home/vadim/Edu/polygon/.git/refs/remotes/origin/3112_Tiganov_Vadim'
2025-01-16 23:53:36.968 [info] > git rev-parse refs/remotes/origin/3112_Tiganov_Vadim [1ms]
2025-01-16 23:53:36.987 [info] > git for-each-ref --sort -committerdate --format %(refname) %(objectname) %(*objectname) [4ms]
2025-01-16 23:53:37.021 [info] > git status -z -uall [48ms]
2025-01-16 23:53:46.975 [info] > git show --textconv :lab8/test_graph.cpp [6ms]
2025-01-16 23:53:46.977 [info] > git ls-files --stage -- /home/vadim/Edu/polygon/lab8/test_graph.cpp [3ms]
2025-01-16 23:53:59.025 [info] > git config --get commit.template [3ms]
2025-01-16 23:53:59.038 [info] > git for-each-ref --format=%(refname)%00%(upstream:short)%00%(objectname)%00%(upstream:track)%00%(upstream:remotename)%00%(upstream:remoteref) refs/heads/3112_Tiganov_Vadim refs/remotes/3112_Tiganov_Vadim [2ms]
2025-01-16 23:53:59.044 [warning] [Git][revParse] Unable to read file: ENOENT: no such file or directory, open '/home/vadim/Edu/polygon/.git/refs/remotes/origin/3112_Tiganov_Vadim'
2025-01-16 23:53:59.046 [info] > git rev-parse refs/remotes/origin/3112_Tiganov_Vadim [2ms]
2025-01-16 23:53:59.059 [info] > git for-each-ref --sort -committerdate --format %(refname) %(objectname) %(*objectname) [2ms]
2025-01-16 23:53:59.079 [info] > git status -z -uall [28ms]
2025-01-16 23:54:04.106 [info] > git config --get commit.template [9ms]
2025-01-16 23:54:04.107 [info] > git for-each-ref --format=%(refname)%00%(upstream:short)%00%(objectname)%00%(upstream:track)%00%(upstream:remotename)%00%(upstream:remoteref) refs/heads/3112_Tiganov_Vadim refs/remotes/3112_Tiganov_Vadim [2ms]
2025-01-16 23:54:04.114 [warning] [Git][revParse] Unable to read file: ENOENT: no such file or directory, open '/home/vadim/Edu/polygon/.git/refs/remotes/origin/3112_Tiganov_Vadim'
2025-01-16 23:54:04.116 [info] > git rev-parse refs/remotes/origin/3112_Tiganov_Vadim [2ms]
2025-01-16 23:54:04.131 [info] > git for-each-ref --sort -committerdate --format %(refname) %(objectname) %(*objectname) [3ms]
2025-01-16 23:54:04.150 [info] > git status -z -uall [28ms]
2025-01-16 23:54:09.175 [info] > git config --get commit.template [9ms]
2025-01-16 23:54:09.176 [info] > git for-each-ref --format=%(refname)%00%(upstream:short)%00%(objectname)%00%(upstream:track)%00%(upstream:remotename)%00%(upstream:remoteref) refs/heads/3112_Tiganov_Vadim refs/remotes/3112_Tiganov_Vadim [3ms]
2025-01-16 23:54:09.184 [warning] [Git][revParse] Unable to read file: ENOENT: no such file or directory, open '/home/vadim/Edu/polygon/.git/refs/remotes/origin/3112_Tiganov_Vadim'
2025-01-16 23:54:09.186 [info] > git rev-parse refs/remotes/origin/3112_Tiganov_Vadim [2ms]
2025-01-16 23:54:09.203 [info] > git for-each-ref --sort -committerdate --format %(refname) %(objectname) %(*objectname) [2ms]
2025-01-16 23:54:09.222 [info] > git status -z -uall [28ms]
2025-01-16 23:55:14.327 [info] > git config --get commit.template [9ms]
2025-01-16 23:55:14.339 [info] > git for-each-ref --format=%(refname)%00%(upstream:short)%00%(objectname)%00%(upstream:track)%00%(upstream:remotename)%00%(upstream:remoteref) refs/heads/3112_Tiganov_Vadim refs/remotes/3112_Tiganov_Vadim [2ms]
2025-01-16 23:55:14.347 [warning] [Git][revParse] Unable to read file: ENOENT: no such file or directory, open '/home/vadim/Edu/polygon/.git/refs/remotes/origin/3112_Tiganov_Vadim'
2025-01-16 23:55:14.348 [info] > git rev-parse refs/remotes/origin/3112_Tiganov_Vadim [2ms]
2025-01-16 23:55:14.362 [info] > git for-each-ref --sort -committerdate --format %(refname) %(objectname) %(*objectname) [1ms]
2025-01-16 23:55:14.387 [info] > git status -z -uall [32ms]
2025-01-16 23:55:14.819 [info] > git fetch [519ms]
2025-01-16 23:55:14.855 [info] > git config --get commit.template [21ms]
2025-01-16 23:55:14.859 [info] > git for-each-ref --format=%(refname)%00%(upstream:short)%00%(objectname)%00%(upstream:track)%00%(upstream:remotename)%00%(upstream:remoteref) refs/heads/3112_Tiganov_Vadim refs/remotes/3112_Tiganov_Vadim [12ms]
2025-01-16 23:55:14.867 [warning] [Git][revParse] Unable to read file: ENOENT: no such file or directory, open '/home/vadim/Edu/polygon/.git/refs/remotes/origin/3112_Tiganov_Vadim'
2025-01-16 23:55:14.868 [info] > git rev-parse refs/remotes/origin/3112_Tiganov_Vadim [1ms]
2025-01-16 23:55:14.884 [info] > git for-each-ref --sort -committerdate --format %(refname) %(objectname) %(*objectname) [2ms]
2025-01-16 23:55:14.907 [info] > git status -z -uall [34ms]
2025-01-16 23:55:15.841 [info] > git show --textconv :lab8/main.cpp [12ms]
2025-01-16 23:55:15.846 [info] > git ls-files --stage -- /home/vadim/Edu/polygon/lab8/main.cpp [7ms]
2025-01-16 23:55:15.855 [info] > git cat-file -s a25a22f90b907f0fd4b9bc4fbda0091527b9c125 [1ms]
2025-01-16 23:55:16.058 [info] > git ls-files --stage -- /home/vadim/Edu/polygon/lab8/main.cpp [2ms]
2025-01-16 23:55:16.068 [info] > git cat-file -s a25a22f90b907f0fd4b9bc4fbda0091527b9c125 [2ms]
2025-01-16 23:55:16.080 [info] > git show --textconv :lab8/main.cpp [2ms]
2025-01-16 23:55:19.407 [info] > git config --get commit.template [9ms]
2025-01-16 23:55:19.409 [info] > git for-each-ref --format=%(refname)%00%(upstream:short)%00%(objectname)%00%(upstream:track)%00%(upstream:remotename)%00%(upstream:remoteref) refs/heads/3112_Tiganov_Vadim refs/remotes/3112_Tiganov_Vadim [3ms]
2025-01-16 23:55:19.416 [warning] [Git][revParse] Unable to read file: ENOENT: no such file or directory, open '/home/vadim/Edu/polygon/.git/refs/remotes/origin/3112_Tiganov_Vadim'
2025-01-16 23:55:19.418 [info] > git rev-parse refs/remotes/origin/3112_Tiganov_Vadim [2ms]
2025-01-16 23:55:19.446 [info] > git for-each-ref --sort -committerdate --format %(refname) %(objectname) %(*objectname) [8ms]
2025-01-16 23:55:19.467 [info] > git status -z -uall [40ms]
2025-01-16 23:55:31.221 [info] > git config --get commit.template [30ms]
2025-01-16 23:55:31.222 [info] > git for-each-ref --format=%(refname)%00%(upstream:short)%00%(objectname)%00%(upstream:track)%00%(upstream:remotename)%00%(upstream:remoteref) refs/heads/3112_Tiganov_Vadim refs/remotes/3112_Tiganov_Vadim [6ms]
2025-01-16 23:55:31.230 [warning] [Git][revParse] Unable to read file: ENOENT: no such file or directory, open '/home/vadim/Edu/polygon/.git/refs/remotes/origin/3112_Tiganov_Vadim'
2025-01-16 23:55:31.231 [info] > git rev-parse refs/remotes/origin/3112_Tiganov_Vadim [1ms]
2025-01-16 23:55:31.255 [info] > git for-each-ref --sort -committerdate --format %(refname) %(objectname) %(*objectname) [2ms]
2025-01-16 23:55:31.284 [info] > git status -z -uall [39ms]
2025-01-16 23:55:36.306 [info] > git config --get commit.template [3ms]
2025-01-16 23:55:36.317 [info] > git for-each-ref --format=%(refname)%00%(upstream:short)%00%(objectname)%00%(upstream:track)%00%(upstream:remotename)%00%(upstream:remoteref) refs/heads/3112_Tiganov_Vadim refs/remotes/3112_Tiganov_Vadim [3ms]
2025-01-16 23:55:36.324 [warning] [Git][revParse] Unable to read file: ENOENT: no such file or directory, open '/home/vadim/Edu/polygon/.git/refs/remotes/origin/3112_Tiganov_Vadim'
2025-01-16 23:55:36.326 [info] > git rev-parse refs/remotes/origin/3112_Tiganov_Vadim [2ms]
2025-01-16 23:55:36.345 [info] > git for-each-ref --sort -committerdate --format %(refname) %(objectname) %(*objectname) [4ms]
2025-01-16 23:55:36.370 [info] > git status -z -uall [37ms]
2025-01-16 23:56:17.379 [info] > git show --textconv :lab8/test_graph.cpp [11ms]
2025-01-16 23:56:17.381 [info] > git ls-files --stage -- /home/vadim/Edu/polygon/lab8/test_graph.cpp [3ms]
2025-01-16 23:56:22.830 [info] > git config --get commit.template [4ms]
2025-01-16 23:56:22.841 [info] > git for-each-ref --format=%(refname)%00%(upstream:short)%00%(objectname)%00%(upstream:track)%00%(upstream:remotename)%00%(upstream:remoteref) refs/heads/3112_Tiganov_Vadim refs/remotes/3112_Tiganov_Vadim [3ms]
2025-01-16 23:56:22.858 [warning] [Git][revParse] Unable to read file: ENOENT: no such file or directory, open '/home/vadim/Edu/polygon/.git/refs/remotes/origin/3112_Tiganov_Vadim'
2025-01-16 23:56:22.860 [info] > git rev-parse refs/remotes/origin/3112_Tiganov_Vadim [2ms]
2025-01-16 23:56:22.887 [info] > git for-each-ref --sort -committerdate --format %(refname) %(objectname) %(*objectname) [5ms]
2025-01-16 23:56:22.913 [info] > git status -z -uall [45ms]
2025-01-16 23:56:30.335 [info] > git check-ignore -v -z --stdin [2ms]
2025-01-16 23:56:30.411 [info] > git config --get commit.template [3ms]
2025-01-16 23:56:30.421 [info] > git for-each-ref --format=%(refname)%00%(upstream:short)%00%(objectname)%00%(upstream:track)%00%(upstream:remotename)%00%(upstream:remoteref) refs/heads/3112_Tiganov_Vadim refs/remotes/3112_Tiganov_Vadim [2ms]
2025-01-16 23:56:30.428 [warning] [Git][revParse] Unable to read file: ENOENT: no such file or directory, open '/home/vadim/Edu/polygon/.git/refs/remotes/origin/3112_Tiganov_Vadim'
2025-01-16 23:56:30.430 [info] > git rev-parse refs/remotes/origin/3112_Tiganov_Vadim [2ms]
2025-01-16 23:56:30.449 [info] > git for-each-ref --sort -committerdate --format %(refname) %(objectname) %(*objectname) [3ms]
2025-01-16 23:56:30.470 [info] > git status -z -uall [34ms]
2025-01-16 23:57:17.869 [info] > git show --textconv :lab8/graph_algorithms.cpp [9ms]
2025-01-16 23:57:17.871 [info] > git ls-files --stage -- /home/vadim/Edu/polygon/lab8/graph_algorithms.cpp [3ms]
2025-01-16 23:57:38.896 [info] > git config --get commit.template [9ms]
2025-01-16 23:57:38.898 [info] > git for-each-ref --format=%(refname)%00%(upstream:short)%00%(objectname)%00%(upstream:track)%00%(upstream:remotename)%00%(upstream:remoteref) refs/heads/3112_Tiganov_Vadim refs/remotes/3112_Tiganov_Vadim [3ms]
2025-01-16 23:57:38.905 [warning] [Git][revParse] Unable to read file: ENOENT: no such file or directory, open '/home/vadim/Edu/polygon/.git/refs/remotes/origin/3112_Tiganov_Vadim'
2025-01-16 23:57:38.907 [info] > git rev-parse refs/remotes/origin/3112_Tiganov_Vadim [2ms]
2025-01-16 23:57:38.923 [info] > git for-each-ref --sort -committerdate --format %(refname) %(objectname) %(*objectname) [3ms]
2025-01-16 23:57:38.942 [info] > git status -z -uall [29ms]
2025-01-16 23:57:55.784 [info] > git config --get commit.template [1ms]
2025-01-16 23:57:55.801 [info] > git for-each-ref --format=%(refname)%00%(upstream:short)%00%(objectname)%00%(upstream:track)%00%(upstream:remotename)%00%(upstream:remoteref) refs/heads/3112_Tiganov_Vadim refs/remotes/3112_Tiganov_Vadim [1ms]
2025-01-16 23:57:55.811 [warning] [Git][revParse] Unable to read file: ENOENT: no such file or directory, open '/home/vadim/Edu/polygon/.git/refs/remotes/origin/3112_Tiganov_Vadim'
2025-01-16 23:57:55.816 [info] > git rev-parse refs/remotes/origin/3112_Tiganov_Vadim [4ms]
2025-01-16 23:57:55.843 [info] > git for-each-ref --sort -committerdate --format %(refname) %(objectname) %(*objectname) [4ms]
2025-01-16 23:57:55.868 [info] > git status -z -uall [42ms]
2025-01-16 23:58:01.478 [info] > git config --get commit.template [9ms]
2025-01-16 23:58:01.479 [info] > git for-each-ref --format=%(refname)%00%(upstream:short)%00%(objectname)%00%(upstream:track)%00%(upstream:remotename)%00%(upstream:remoteref) refs/heads/3112_Tiganov_Vadim refs/remotes/3112_Tiganov_Vadim [2ms]
2025-01-16 23:58:01.486 [warning] [Git][revParse] Unable to read file: ENOENT: no such file or directory, open '/home/vadim/Edu/polygon/.git/refs/remotes/origin/3112_Tiganov_Vadim'
2025-01-16 23:58:01.488 [info] > git rev-parse refs/remotes/origin/3112_Tiganov_Vadim [2ms]
2025-01-16 23:58:01.503 [info] > git for-each-ref --sort -committerdate --format %(refname) %(objectname) %(*objectname) [2ms]
2025-01-16 23:58:01.522 [info] > git status -z -uall [28ms]
2025-01-16 23:58:15.503 [info] > git fetch [578ms]
2025-01-16 23:58:15.525 [info] > git config --get commit.template [12ms]
2025-01-16 23:58:15.528 [info] > git for-each-ref --format=%(refname)%00%(upstream:short)%00%(objectname)%00%(upstream:track)%00%(upstream:remotename)%00%(upstream:remoteref) refs/heads/3112_Tiganov_Vadim refs/remotes/3112_Tiganov_Vadim [5ms]
2025-01-16 23:58:15.534 [warning] [Git][revParse] Unable to read file: ENOENT: no such file or directory, open '/home/vadim/Edu/polygon/.git/refs/remotes/origin/3112_Tiganov_Vadim'
2025-01-16 23:58:15.535 [info] > git rev-parse refs/remotes/origin/3112_Tiganov_Vadim [2ms]
2025-01-16 23:58:15.553 [info] > git for-each-ref --sort -committerdate --format %(refname) %(objectname) %(*objectname) [3ms]
2025-01-16 23:58:15.579 [info] > git status -z -uall [37ms]
2025-01-16 23:58:16.677 [info] > git ls-files --stage -- /home/vadim/Edu/polygon/lab8/graph_algorithms.cpp [1ms]
2025-01-16 23:58:16.683 [info] > git show --textconv :lab8/graph_algorithms.cpp [1ms]
2025-01-16 23:58:20.695 [info] > git show --textconv :lab8/test_graph.cpp [15ms]
2025-01-16 23:58:20.698 [info] > git ls-files --stage -- /home/vadim/Edu/polygon/lab8/test_graph.cpp [7ms]
2025-01-16 23:59:43.016 [info] > git show --textconv :lab8/graph_algorithms.h [14ms]
2025-01-16 23:59:43.017 [info] > git ls-files --stage -- /home/vadim/Edu/polygon/lab8/graph_algorithms.h [3ms]
2025-01-16 23:59:44.881 [info] > git show --textconv :lab8/graph_algorithms.cpp [13ms]
2025-01-16 23:59:44.882 [info] > git ls-files --stage -- /home/vadim/Edu/polygon/lab8/graph_algorithms.cpp [3ms]
2025-01-16 23:59:53.456 [info] > git config --get commit.template [5ms]
2025-01-16 23:59:53.464 [info] > git for-each-ref --format=%(refname)%00%(upstream:short)%00%(objectname)%00%(upstream:track)%00%(upstream:remotename)%00%(upstream:remoteref) refs/heads/3112_Tiganov_Vadim refs/remotes/3112_Tiganov_Vadim [2ms]
2025-01-16 23:59:53.471 [warning] [Git][revParse] Unable to read file: ENOENT: no such file or directory, open '/home/vadim/Edu/polygon/.git/refs/remotes/origin/3112_Tiganov_Vadim'
2025-01-16 23:59:53.472 [info] > git rev-parse refs/remotes/origin/3112_Tiganov_Vadim [1ms]
2025-01-16 23:59:53.486 [info] > git for-each-ref --sort -committerdate --format %(refname) %(objectname) %(*objectname) [2ms]
2025-01-16 23:59:53.507 [info] > git status -z -uall [30ms]
2025-01-17 00:00:02.495 [info] > git config --get commit.template [9ms]
2025-01-17 00:00:02.496 [info] > git for-each-ref --format=%(refname)%00%(upstream:short)%00%(objectname)%00%(upstream:track)%00%(upstream:remotename)%00%(upstream:remoteref) refs/heads/3112_Tiganov_Vadim refs/remotes/3112_Tiganov_Vadim [2ms]
2025-01-17 00:00:02.503 [warning] [Git][revParse] Unable to read file: ENOENT: no such file or directory, open '/home/vadim/Edu/polygon/.git/refs/remotes/origin/3112_Tiganov_Vadim'
2025-01-17 00:00:02.505 [info] > git rev-parse refs/remotes/origin/3112_Tiganov_Vadim [2ms]
2025-01-17 00:00:02.520 [info] > git for-each-ref --sort -committerdate --format %(refname) %(objectname) %(*objectname) [3ms]
2025-01-17 00:00:02.541 [info] > git status -z -uall [30ms]
2025-01-17 00:00:51.831 [info] > git config --get commit.template [2ms]
2025-01-17 00:00:51.843 [info] > git for-each-ref --format=%(refname)%00%(upstream:short)%00%(objectname)%00%(upstream:track)%00%(upstream:remotename)%00%(upstream:remoteref) refs/heads/3112_Tiganov_Vadim refs/remotes/3112_Tiganov_Vadim [3ms]
2025-01-17 00:00:51.853 [warning] [Git][revParse] Unable to read file: ENOENT: no such file or directory, open '/home/vadim/Edu/polygon/.git/refs/remotes/origin/3112_Tiganov_Vadim'
2025-01-17 00:00:51.854 [info] > git rev-parse refs/remotes/origin/3112_Tiganov_Vadim [2ms]
2025-01-17 00:00:51.870 [info] > git for-each-ref --sort -committerdate --format %(refname) %(objectname) %(*objectname) [2ms]
2025-01-17 00:00:51.890 [info] > git status -z -uall [29ms]
2025-01-17 00:01:06.088 [info] > git config --get commit.template [10ms]
2025-01-17 00:01:06.090 [info] > git for-each-ref --format=%(refname)%00%(upstream:short)%00%(objectname)%00%(upstream:track)%00%(upstream:remotename)%00%(upstream:remoteref) refs/heads/3112_Tiganov_Vadim refs/remotes/3112_Tiganov_Vadim [2ms]
2025-01-17 00:01:06.098 [warning] [Git][revParse] Unable to read file: ENOENT: no such file or directory, open '/home/vadim/Edu/polygon/.git/refs/remotes/origin/3112_Tiganov_Vadim'
2025-01-17 00:01:06.098 [info] > git rev-parse refs/remotes/origin/3112_Tiganov_Vadim [1ms]
2025-01-17 00:01:06.111 [info] > git for-each-ref --sort -committerdate --format %(refname) %(objectname) %(*objectname) [1ms]
2025-01-17 00:01:06.134 [info] > git status -z -uall [30ms]
2025-01-17 00:01:12.987 [info] > git config --get commit.template [9ms]
2025-01-17 00:01:12.989 [info] > git for-each-ref --format=%(refname)%00%(upstream:short)%00%(objectname)%00%(upstream:track)%00%(upstream:remotename)%00%(upstream:remoteref) refs/heads/3112_Tiganov_Vadim refs/remotes/3112_Tiganov_Vadim [3ms]
2025-01-17 00:01:12.995 [warning] [Git][revParse] Unable to read file: ENOENT: no such file or directory, open '/home/vadim/Edu/polygon/.git/refs/remotes/origin/3112_Tiganov_Vadim'
2025-01-17 00:01:12.997 [info] > git rev-parse refs/remotes/origin/3112_Tiganov_Vadim [2ms]
2025-01-17 00:01:13.012 [info] > git for-each-ref --sort -committerdate --format %(refname) %(objectname) %(*objectname) [2ms]
2025-01-17 00:01:13.031 [info] > git status -z -uall [28ms]
2025-01-17 00:01:16.132 [info] > git fetch [540ms]
2025-01-17 00:01:16.161 [info] > git config --get commit.template [15ms]
2025-01-17 00:01:16.166 [info] > git for-each-ref --format=%(refname)%00%(upstream:short)%00%(objectname)%00%(upstream:track)%00%(upstream:remotename)%00%(upstream:remoteref) refs/heads/3112_Tiganov_Vadim refs/remotes/3112_Tiganov_Vadim [6ms]
2025-01-17 00:01:16.171 [warning] [Git][revParse] Unable to read file: ENOENT: no such file or directory, open '/home/vadim/Edu/polygon/.git/refs/remotes/origin/3112_Tiganov_Vadim'
2025-01-17 00:01:16.172 [info] > git rev-parse refs/remotes/origin/3112_Tiganov_Vadim [1ms]
2025-01-17 00:01:16.188 [info] > git for-each-ref --sort -committerdate --format %(refname) %(objectname) %(*objectname) [2ms]
2025-01-17 00:01:16.211 [info] > git status -z -uall [32ms]
2025-01-17 00:01:17.357 [info] > git ls-files --stage -- /home/vadim/Edu/polygon/lab8/graph_algorithms.cpp [1ms]
2025-01-17 00:01:17.363 [info] > git show --textconv :lab8/graph_algorithms.cpp [1ms]
2025-01-17 00:01:25.539 [info] > git config --get commit.template [8ms]
2025-01-17 00:01:25.540 [info] > git for-each-ref --format=%(refname)%00%(upstream:short)%00%(objectname)%00%(upstream:track)%00%(upstream:remotename)%00%(upstream:remoteref) refs/heads/3112_Tiganov_Vadim refs/remotes/3112_Tiganov_Vadim [2ms]
2025-01-17 00:01:25.547 [warning] [Git][revParse] Unable to read file: ENOENT: no such file or directory, open '/home/vadim/Edu/polygon/.git/refs/remotes/origin/3112_Tiganov_Vadim'
2025-01-17 00:01:25.549 [info] > git rev-parse refs/remotes/origin/3112_Tiganov_Vadim [2ms]
2025-01-17 00:01:25.564 [info] > git for-each-ref --sort -committerdate --format %(refname) %(objectname) %(*objectname) [2ms]
2025-01-17 00:01:25.585 [info] > git status -z -uall [30ms]
2025-01-17 00:01:28.833 [info] > git show --textconv :lab8/graph_algorithms.h [12ms]
2025-01-17 00:01:28.833 [info] > git ls-files --stage -- /home/vadim/Edu/polygon/lab8/graph_algorithms.h [2ms]
2025-01-17 00:01:29.457 [info] > git show --textconv :lab8/test_graph.cpp [13ms]
2025-01-17 00:01:29.459 [info] > git ls-files --stage -- /home/vadim/Edu/polygon/lab8/test_graph.cpp [3ms]
2025-01-17 00:01:30.057 [info] > git show --textconv :lab8/main.cpp [13ms]
2025-01-17 00:01:30.062 [info] > git ls-files --stage -- /home/vadim/Edu/polygon/lab8/main.cpp [7ms]
2025-01-17 00:01:30.079 [info] > git cat-file -s a25a22f90b907f0fd4b9bc4fbda0091527b9c125 [5ms]
2025-01-17 00:01:42.123 [info] > git config --get commit.template [17ms]
2025-01-17 00:01:42.125 [info] > git for-each-ref --format=%(refname)%00%(upstream:short)%00%(objectname)%00%(upstream:track)%00%(upstream:remotename)%00%(upstream:remoteref) refs/heads/3112_Tiganov_Vadim refs/remotes/3112_Tiganov_Vadim [4ms]
2025-01-17 00:01:42.131 [warning] [Git][revParse] Unable to read file: ENOENT: no such file or directory, open '/home/vadim/Edu/polygon/.git/refs/remotes/origin/3112_Tiganov_Vadim'
2025-01-17 00:01:42.134 [info] > git rev-parse refs/remotes/origin/3112_Tiganov_Vadim [3ms]
2025-01-17 00:01:42.158 [info] > git for-each-ref --sort -committerdate --format %(refname) %(objectname) %(*objectname) [3ms]
2025-01-17 00:01:42.181 [info] > git status -z -uall [41ms]
2025-01-17 00:02:08.213 [info] > git check-ignore -v -z --stdin [2ms]
2025-01-17 00:02:10.624 [info] > git check-ignore -v -z --stdin [2ms]
2025-01-17 00:02:17.974 [info] > git show --textconv :README.md [22ms]
2025-01-17 00:02:18.075 [info] > git ls-files --stage -- /home/vadim/Edu/polygon/README.md [116ms]
2025-01-17 00:02:18.086 [info] > git cat-file -s a3abf79d34948792dd2dd80002199acbed725444 [6ms]
2025-01-17 00:02:19.620 [info] > git show --textconv :.gitignore [13ms]
2025-01-17 00:02:19.622 [info] > git ls-files --stage -- /home/vadim/Edu/polygon/.gitignore [3ms]
2025-01-17 00:02:19.636 [info] > git cat-file -s 2873eb4e2cf9870fbbecb0e520fedbb25dcf763b [4ms]
2025-01-17 00:02:20.851 [info] > git blame --root --incremental 4f0c03202672b5826989d1efd198381eb12c7813 -- /home/vadim/Edu/polygon/.gitignore [6ms]
2025-01-17 00:02:25.939 [info] > git check-ignore -v -z --stdin [5ms]
2025-01-17 00:02:26.390 [info] > git config --get commit.template [14ms]
2025-01-17 00:02:26.391 [info] > git for-each-ref --format=%(refname)%00%(upstream:short)%00%(objectname)%00%(upstream:track)%00%(upstream:remotename)%00%(upstream:remoteref) refs/heads/3112_Tiganov_Vadim refs/remotes/3112_Tiganov_Vadim [2ms]
2025-01-17 00:02:26.399 [warning] [Git][revParse] Unable to read file: ENOENT: no such file or directory, open '/home/vadim/Edu/polygon/.git/refs/remotes/origin/3112_Tiganov_Vadim'
2025-01-17 00:02:26.401 [info] > git rev-parse refs/remotes/origin/3112_Tiganov_Vadim [2ms]
2025-01-17 00:02:26.427 [info] > git for-each-ref --sort -committerdate --format %(refname) %(objectname) %(*objectname) [4ms]
2025-01-17 00:02:26.442 [info] > git status -z -uall [31ms]
2025-01-17 00:02:26.776 [info] > git log --format=%H%n%aN%n%aE%n%at%n%ct%n%P%n%D%n%B -z --shortstat --diff-merges=first-parent -n50 --skip=0 --topo-order --decorate=full --stdin [83ms]
2025-01-17 00:02:27.241 [info] > git check-ignore -v -z --stdin [2ms]
2025-01-17 00:02:30.566 [info] > git add -A -- /home/vadim/Edu/polygon/.gitignore [29ms]
2025-01-17 00:02:30.577 [info] > git config --get commit.template [5ms]
2025-01-17 00:02:30.578 [info] > git for-each-ref --format=%(refname)%00%(upstream:short)%00%(objectname)%00%(upstream:track)%00%(upstream:remotename)%00%(upstream:remoteref) refs/heads/3112_Tiganov_Vadim refs/remotes/3112_Tiganov_Vadim [1ms]
2025-01-17 00:02:30.581 [warning] [Git][revParse] Unable to read file: ENOENT: no such file or directory, open '/home/vadim/Edu/polygon/.git/refs/remotes/origin/3112_Tiganov_Vadim'
2025-01-17 00:02:30.582 [info] > git rev-parse refs/remotes/origin/3112_Tiganov_Vadim [1ms]
2025-01-17 00:02:30.595 [info] > git status -z -uall [7ms]
2025-01-17 00:02:30.596 [info] > git for-each-ref --sort -committerdate --format %(refname) %(objectname) %(*objectname) [3ms]
2025-01-17 00:02:30.927 [info] > git show --textconv HEAD:.gitignore [9ms]
2025-01-17 00:02:30.929 [info] > git ls-tree -l HEAD -- /home/vadim/Edu/polygon/.gitignore [3ms]
2025-01-17 00:02:31.723 [info] > git config --get commit.template [14ms]
2025-01-17 00:02:31.724 [info] > git for-each-ref --format=%(refname)%00%(upstream:short)%00%(objectname)%00%(upstream:track)%00%(upstream:remotename)%00%(upstream:remoteref) refs/heads/3112_Tiganov_Vadim refs/remotes/3112_Tiganov_Vadim [3ms]
2025-01-17 00:02:31.736 [warning] [Git][revParse] Unable to read file: ENOENT: no such file or directory, open '/home/vadim/Edu/polygon/.git/refs/remotes/origin/3112_Tiganov_Vadim'
2025-01-17 00:02:31.739 [info] > git rev-parse refs/remotes/origin/3112_Tiganov_Vadim [2ms]
2025-01-17 00:02:31.754 [info] > git status -z -uall [9ms]
2025-01-17 00:02:31.756 [info] > git for-each-ref --sort -committerdate --format %(refname) %(objectname) %(*objectname) [2ms]
2025-01-17 00:02:31.826 [info] > git ls-files --stage -- /home/vadim/Edu/polygon/.gitignore [12ms]
2025-01-17 00:02:31.835 [info] > git ls-tree -l HEAD -- /home/vadim/Edu/polygon/.gitignore [12ms]
2025-01-17 00:02:31.837 [info] > git cat-file -s 7f92ce980a35047884987822eb710e2961d830bc [5ms]
2025-01-17 00:02:31.857 [info] > git show --textconv HEAD:.gitignore [9ms]
2025-01-17 00:02:31.861 [info] > git show --textconv :.gitignore [5ms]
2025-01-17 00:02:34.045 [info] > git add -A -- /home/vadim/Edu/polygon/lab8/.~lock.2024.odt# /home/vadim/Edu/polygon/lab8/main.cpp /home/vadim/Edu/polygon/lab8/test.cpp /home/vadim/Edu/polygon/lab8/2024.odt /home/vadim/Edu/polygon/lab8/graph_algorithms.cpp /home/vadim/Edu/polygon/lab8/graph_algorithms.h /home/vadim/Edu/polygon/lab8/test_graph.cpp /home/vadim/Edu/polygon/lab8/test_graph.txt [5ms]
2025-01-17 00:02:34.070 [info] > git for-each-ref --format=%(refname)%00%(upstream:short)%00%(objectname)%00%(upstream:track)%00%(upstream:remotename)%00%(upstream:remoteref) refs/heads/3112_Tiganov_Vadim refs/remotes/3112_Tiganov_Vadim [4ms]
2025-01-17 00:02:34.070 [info] > git config --get commit.template [16ms]
2025-01-17 00:02:34.086 [warning] [Git][revParse] Unable to read file: ENOENT: no such file or directory, open '/home/vadim/Edu/polygon/.git/refs/remotes/origin/3112_Tiganov_Vadim'
2025-01-17 00:02:34.087 [info] > git rev-parse refs/remotes/origin/3112_Tiganov_Vadim [1ms]
2025-01-17 00:02:34.111 [info] > git status -z -uall [14ms]
2025-01-17 00:02:34.114 [info] > git for-each-ref --sort -committerdate --format %(refname) %(objectname) %(*objectname) [4ms]
2025-01-17 00:02:35.253 [info] > git ls-files --stage -- /home/vadim/Edu/polygon/.gitignore [11ms]
2025-01-17 00:02:35.263 [info] > git ls-tree -l HEAD -- /home/vadim/Edu/polygon/.gitignore [12ms]
2025-01-17 00:02:35.265 [info] > git cat-file -s 7f92ce980a35047884987822eb710e2961d830bc [4ms]
2025-01-17 00:02:35.295 [info] > git show --textconv HEAD:.gitignore [12ms]
2025-01-17 00:02:35.298 [info] > git show --textconv :.gitignore [5ms]
2025-01-17 00:02:36.784 [info] > git config --get commit.template [11ms]
2025-01-17 00:02:36.785 [info] > git for-each-ref --format=%(refname)%00%(upstream:short)%00%(objectname)%00%(upstream:track)%00%(upstream:remotename)%00%(upstream:remoteref) refs/heads/3112_Tiganov_Vadim refs/remotes/3112_Tiganov_Vadim [2ms]
2025-01-17 00:02:36.790 [warning] [Git][revParse] Unable to read file: ENOENT: no such file or directory, open '/home/vadim/Edu/polygon/.git/refs/remotes/origin/3112_Tiganov_Vadim'
2025-01-17 00:02:36.791 [info] > git rev-parse refs/remotes/origin/3112_Tiganov_Vadim [1ms]
2025-01-17 00:02:36.805 [info] > git status -z -uall [7ms]
2025-01-17 00:02:36.807 [info] > git for-each-ref --sort -committerdate --format %(refname) %(objectname) %(*objectname) [3ms]
2025-01-17 00:02:40.766 [info] > git -c user.useConfigOnly=true commit --quiet --allow-empty-message --file - [5ms]
2025-01-17 00:02:40.766 [info] Author identity unknown

*** Please tell me who you are.

Run

  git config --global user.email "you@example.com"
  git config --global user.name "Your Name"

to set your account's default identity.
Omit --global to set the identity only in this repository.

fatal: no email was given and auto-detection is disabled
2025-01-17 00:02:40.775 [info] > git config --get-all user.name [2ms]
2025-01-17 00:02:40.790 [info] > git config --get commit.template [6ms]
2025-01-17 00:02:40.791 [info] > git for-each-ref --format=%(refname)%00%(upstream:short)%00%(objectname)%00%(upstream:track)%00%(upstream:remotename)%00%(upstream:remoteref) refs/heads/3112_Tiganov_Vadim refs/remotes/3112_Tiganov_Vadim [1ms]
2025-01-17 00:02:40.796 [warning] [Git][revParse] Unable to read file: ENOENT: no such file or directory, open '/home/vadim/Edu/polygon/.git/refs/remotes/origin/3112_Tiganov_Vadim'
2025-01-17 00:02:40.799 [info] > git rev-parse refs/remotes/origin/3112_Tiganov_Vadim [2ms]
2025-01-17 00:02:40.812 [info] > git status -z -uall [9ms]
2025-01-17 00:02:40.813 [info] > git for-each-ref --sort -committerdate --format %(refname) %(objectname) %(*objectname) [2ms]
2025-01-17 00:02:44.018 [info] > git ls-files --stage -- /home/vadim/Edu/polygon/.gitignore [13ms]
2025-01-17 00:02:44.024 [info] > git config --get commit.template [26ms]
2025-01-17 00:02:44.026 [info] > git for-each-ref --format=%(refname)%00%(upstream:short)%00%(objectname)%00%(upstream:track)%00%(upstream:remotename)%00%(upstream:remoteref) refs/heads/3112_Tiganov_Vadim refs/remotes/3112_Tiganov_Vadim [9ms]
2025-01-17 00:02:44.026 [info] > git ls-tree -l HEAD -- /home/vadim/Edu/polygon/.gitignore [14ms]
2025-01-17 00:02:44.031 [warning] [Git][revParse] Unable to read file: ENOENT: no such file or directory, open '/home/vadim/Edu/polygon/.git/refs/remotes/origin/3112_Tiganov_Vadim'
2025-01-17 00:02:44.031 [info] > git cat-file -s 7f92ce980a35047884987822eb710e2961d830bc [7ms]
2025-01-17 00:02:44.032 [info] > git rev-parse refs/remotes/origin/3112_Tiganov_Vadim [2ms]
2025-01-17 00:02:44.068 [info] > git status -z -uall [28ms]
2025-01-17 00:02:44.068 [info] > git show --textconv HEAD:.gitignore [10ms]
2025-01-17 00:02:44.069 [info] > git for-each-ref --sort -committerdate --format %(refname) %(objectname) %(*objectname) [20ms]
2025-01-17 00:02:44.073 [info] > git show --textconv :.gitignore [5ms]
2025-01-17 00:03:11.636 [info] > git -c user.useConfigOnly=true commit --quiet --allow-empty-message --file - [12ms]
2025-01-17 00:03:11.650 [info] > git config --get commit.template [4ms]
2025-01-17 00:03:11.666 [info] > git config --get commit.template [5ms]
2025-01-17 00:03:11.667 [info] > git for-each-ref --format=%(refname)%00%(upstream:short)%00%(objectname)%00%(upstream:track)%00%(upstream:remotename)%00%(upstream:remoteref) refs/heads/3112_Tiganov_Vadim refs/remotes/3112_Tiganov_Vadim [2ms]
2025-01-17 00:03:11.673 [warning] [Git][revParse] Unable to read file: ENOENT: no such file or directory, open '/home/vadim/Edu/polygon/.git/refs/remotes/origin/3112_Tiganov_Vadim'
2025-01-17 00:03:11.674 [info] > git rev-parse refs/remotes/origin/3112_Tiganov_Vadim [1ms]
2025-01-17 00:03:11.688 [info] > git status -z -uall [8ms]
2025-01-17 00:03:11.690 [info] > git for-each-ref --sort -committerdate --format %(refname) %(objectname) %(*objectname) [4ms]
2025-01-17 00:03:11.713 [info] > git merge-base refs/heads/3112_Tiganov_Vadim refs/remotes/origin/3112_Tiganov_Vadim [4ms]
2025-01-17 00:03:11.720 [info] > git blame --root --incremental 206098a62846fd3188309c5f3306e11d6613c713 -- /home/vadim/Edu/polygon/.gitignore [19ms]
2025-01-17 00:03:11.722 [info] > git diff --name-status -z --diff-filter=ADMR 4f0c03202672b5826989d1efd198381eb12c7813...refs/remotes/origin/3112_Tiganov_Vadim [2ms]
2025-01-17 00:03:11.784 [info] > git config --get commit.template [2ms]
2025-01-17 00:03:11.795 [info] > git for-each-ref --format=%(refname)%00%(upstream:short)%00%(objectname)%00%(upstream:track)%00%(upstream:remotename)%00%(upstream:remoteref) refs/heads/3112_Tiganov_Vadim refs/remotes/3112_Tiganov_Vadim [3ms]
2025-01-17 00:03:11.802 [warning] [Git][revParse] Unable to read file: ENOENT: no such file or directory, open '/home/vadim/Edu/polygon/.git/refs/remotes/origin/3112_Tiganov_Vadim'
2025-01-17 00:03:11.803 [info] > git rev-parse refs/remotes/origin/3112_Tiganov_Vadim [1ms]
2025-01-17 00:03:11.817 [info] > git status -z -uall [7ms]
2025-01-17 00:03:11.819 [info] > git for-each-ref --sort -committerdate --format %(refname) %(objectname) %(*objectname) [3ms]
2025-01-17 00:03:11.855 [info] > git log --format=%H%n%aN%n%aE%n%at%n%ct%n%P%n%D%n%B -z --shortstat --diff-merges=first-parent -n50 --skip=0 --topo-order --decorate=full --stdin [100ms]
2025-01-17 00:03:12.344 [info] > git log --oneline --cherry 3112_Tiganov_Vadim...3112_Tiganov_Vadim@{upstream} -- [2ms]
2025-01-17 00:03:12.901 [info] > git pull --tags origin 3112_Tiganov_Vadim [552ms]
2025-01-17 00:03:12.901 [info] From https://github.com/VTiganov/polygon
 * branch            3112_Tiganov_Vadim -> FETCH_HEAD
2025-01-17 00:03:14.081 [info] > git ls-files --stage -- /home/vadim/Edu/polygon/.gitignore [3ms]
2025-01-17 00:03:14.096 [info] > git cat-file -s 7f92ce980a35047884987822eb710e2961d830bc [4ms]
2025-01-17 00:03:14.110 [info] > git show --textconv :.gitignore [3ms]
2025-01-17 00:03:42.913 [info] > git push origin 3112_Tiganov_Vadim:3112_Tiganov_Vadim [30005ms]
2025-01-17 00:03:42.913 [info] To https://github.com/VTiganov/polygon.git
   4f0c032..206098a  3112_Tiganov_Vadim -> 3112_Tiganov_Vadim
2025-01-17 00:03:42.929 [info] > git config --get commit.template [5ms]
2025-01-17 00:03:42.940 [info] > git for-each-ref --format=%(refname)%00%(upstream:short)%00%(objectname)%00%(upstream:track)%00%(upstream:remotename)%00%(upstream:remoteref) refs/heads/3112_Tiganov_Vadim refs/remotes/3112_Tiganov_Vadim [2ms]
2025-01-17 00:03:42.959 [info] > git status -z -uall [12ms]
2025-01-17 00:03:42.961 [info] > git for-each-ref --sort -committerdate --format %(refname) %(objectname) %(*objectname) [3ms]
2025-01-17 00:03:42.990 [info] > git merge-base refs/heads/3112_Tiganov_Vadim refs/remotes/origin/3112_Tiganov_Vadim [4ms]
2025-01-17 00:03:43.009 [info] > git diff --name-status -z --diff-filter=ADMR 206098a62846fd3188309c5f3306e11d6613c713...refs/remotes/origin/3112_Tiganov_Vadim [10ms]
2025-01-17 00:03:43.096 [info] > git log --format=%H%n%aN%n%aE%n%at%n%ct%n%P%n%D%n%B -z --shortstat --diff-merges=first-parent -n50 --skip=0 --topo-order --decorate=full --stdin [88ms]
2025-01-17 00:03:44.055 [info] > git config --get commit.template [17ms]
2025-01-17 00:03:44.058 [info] > git for-each-ref --format=%(refname)%00%(upstream:short)%00%(objectname)%00%(upstream:track)%00%(upstream:remotename)%00%(upstream:remoteref) refs/heads/3112_Tiganov_Vadim refs/remotes/3112_Tiganov_Vadim [3ms]
2025-01-17 00:03:44.083 [info] > git status -z -uall [14ms]
2025-01-17 00:03:44.084 [info] > git for-each-ref --sort -committerdate --format %(refname) %(objectname) %(*objectname) [3ms]
2025-01-17 00:03:44.122 [info] > git ls-files --stage -- /home/vadim/Edu/polygon/.gitignore [3ms]
2025-01-17 00:03:44.132 [info] > git cat-file -s 7f92ce980a35047884987822eb710e2961d830bc [1ms]
2025-01-17 00:03:44.145 [info] > git show --textconv :.gitignore [2ms]
2025-01-17 00:04:30.825 [info] > git fetch [542ms]
2025-01-17 00:04:30.855 [info] > git config --get commit.template [13ms]
2025-01-17 00:04:30.857 [info] > git for-each-ref --format=%(refname)%00%(upstream:short)%00%(objectname)%00%(upstream:track)%00%(upstream:remotename)%00%(upstream:remoteref) refs/heads/3112_Tiganov_Vadim refs/remotes/3112_Tiganov_Vadim [4ms]
2025-01-17 00:04:30.878 [info] > git status -z -uall [8ms]
2025-01-17 00:04:30.880 [info] > git for-each-ref --sort -committerdate --format %(refname) %(objectname) %(*objectname) [2ms]
2025-01-17 00:04:31.930 [info] > git config --get commit.template [19ms]
2025-01-17 00:04:31.932 [info] > git for-each-ref --format=%(refname)%00%(upstream:short)%00%(objectname)%00%(upstream:track)%00%(upstream:remotename)%00%(upstream:remoteref) refs/heads/3112_Tiganov_Vadim refs/remotes/3112_Tiganov_Vadim [3ms]
2025-01-17 00:04:31.959 [info] > git status -z -uall [13ms]
2025-01-17 00:04:31.963 [info] > git for-each-ref --sort -committerdate --format %(refname) %(objectname) %(*objectname) [5ms]
2025-01-17 00:04:32.008 [info] > git ls-files --stage -- /home/vadim/Edu/polygon/.gitignore [2ms]
2025-01-17 00:04:32.024 [info] > git cat-file -s 7f92ce980a35047884987822eb710e2961d830bc [5ms]
2025-01-17 00:04:32.045 [info] > git show --textconv :.gitignore [3ms]
2025-01-17 00:04:40.383 [info] > git check-ignore -v -z --stdin [3ms]
2025-01-17 00:04:40.944 [info] > git config --get commit.template [2ms]
2025-01-17 00:04:40.960 [info] > git for-each-ref --format=%(refname)%00%(upstream:short)%00%(objectname)%00%(upstream:track)%00%(upstream:remotename)%00%(upstream:remoteref) refs/heads/3112_Tiganov_Vadim refs/remotes/3112_Tiganov_Vadim [3ms]
2025-01-17 00:04:40.980 [info] > git status -z -uall [9ms]
2025-01-17 00:04:40.983 [info] > git for-each-ref --sort -committerdate --format %(refname) %(objectname) %(*objectname) [3ms]
2025-01-17 00:04:42.013 [info] > git show --textconv :lab8/graph_algorithms.cpp [23ms]
2025-01-17 00:04:42.022 [info] > git ls-files --stage -- /home/vadim/Edu/polygon/lab8/graph_algorithms.cpp [11ms]
2025-01-17 00:04:42.034 [info] > git cat-file -s e260a0140a982800e35568140807c8827cfa4862 [4ms]
2025-01-17 00:04:42.053 [info] > git blame --root --incremental 206098a62846fd3188309c5f3306e11d6613c713 -- /home/vadim/Edu/polygon/lab8/graph_algorithms.cpp [2ms]
2025-01-17 00:04:48.263 [info] > git show --textconv :lab8/tests/graph_algorithms.cpp [15ms]
2025-01-17 00:04:48.283 [info] > git ls-files --stage -- /home/vadim/Edu/polygon/lab8/tests/graph_algorithms.cpp [23ms]
2025-01-17 00:04:48.318 [info] > git blame --root --incremental 206098a62846fd3188309c5f3306e11d6613c713 -- /home/vadim/Edu/polygon/lab8/tests/graph_algorithms.cpp [2ms]
2025-01-17 00:04:48.318 [info] fatal: no such path lab8/tests/graph_algorithms.cpp in 206098a62846fd3188309c5f3306e11d6613c713
2025-01-17 00:04:48.853 [info] > git check-ignore -v -z --stdin [4ms]
2025-01-17 00:04:49.447 [info] > git config --get commit.template [10ms]
2025-01-17 00:04:49.448 [info] > git for-each-ref --format=%(refname)%00%(upstream:short)%00%(objectname)%00%(upstream:track)%00%(upstream:remotename)%00%(upstream:remoteref) refs/heads/3112_Tiganov_Vadim refs/remotes/3112_Tiganov_Vadim [2ms]
2025-01-17 00:04:49.465 [info] > git status -z -uall [8ms]
2025-01-17 00:04:49.466 [info] > git for-each-ref --sort -committerdate --format %(refname) %(objectname) %(*objectname) [2ms]
2025-01-17 00:04:54.356 [info] > git show --textconv :.gitignore [19ms]
2025-01-17 00:04:54.358 [info] > git ls-files --stage -- /home/vadim/Edu/polygon/.gitignore [5ms]
2025-01-17 00:04:54.372 [info] > git cat-file -s 7f92ce980a35047884987822eb710e2961d830bc [1ms]
2025-01-17 00:04:55.197 [info] > git config --get commit.template [12ms]
2025-01-17 00:04:55.198 [info] > git for-each-ref --format=%(refname)%00%(upstream:short)%00%(objectname)%00%(upstream:track)%00%(upstream:remotename)%00%(upstream:remoteref) refs/heads/3112_Tiganov_Vadim refs/remotes/3112_Tiganov_Vadim [2ms]
2025-01-17 00:04:55.223 [info] > git status -z -uall [13ms]
2025-01-17 00:04:55.226 [info] > git for-each-ref --sort -committerdate --format %(refname) %(objectname) %(*objectname) [3ms]
2025-01-17 00:05:03.880 [info] > git config --get commit.template [12ms]
2025-01-17 00:05:03.882 [info] > git for-each-ref --format=%(refname)%00%(upstream:short)%00%(objectname)%00%(upstream:track)%00%(upstream:remotename)%00%(upstream:remoteref) refs/heads/3112_Tiganov_Vadim refs/remotes/3112_Tiganov_Vadim [2ms]
2025-01-17 00:05:03.903 [info] > git status -z -uall [11ms]
2025-01-17 00:05:03.904 [info] > git for-each-ref --sort -committerdate --format %(refname) %(objectname) %(*objectname) [3ms]
2025-01-17 00:05:09.476 [info] > git check-ignore -v -z --stdin [2ms]
2025-01-17 00:07:16.366 [info] > git show --textconv :lab8/tests/graph_algorithms.cpp [10ms]
2025-01-17 00:07:16.368 [info] > git ls-files --stage -- /home/vadim/Edu/polygon/lab8/tests/graph_algorithms.cpp [3ms]
2025-01-17 00:07:19.171 [info] > git show --textconv :lab8/graph_algorithms.cpp [16ms]
2025-01-17 00:07:19.174 [info] > git ls-files --stage -- /home/vadim/Edu/polygon/lab8/graph_algorithms.cpp [6ms]
2025-01-17 00:07:19.184 [info] > git cat-file -s e260a0140a982800e35568140807c8827cfa4862 [3ms]
2025-01-17 00:07:20.159 [info] > git config --get commit.template [18ms]
2025-01-17 00:07:20.160 [info] > git for-each-ref --format=%(refname)%00%(upstream:short)%00%(objectname)%00%(upstream:track)%00%(upstream:remotename)%00%(upstream:remoteref) refs/heads/3112_Tiganov_Vadim refs/remotes/3112_Tiganov_Vadim [2ms]
2025-01-17 00:07:20.181 [info] > git status -z -uall [10ms]
2025-01-17 00:07:20.182 [info] > git for-each-ref --sort -committerdate --format %(refname) %(objectname) %(*objectname) [1ms]
2025-01-17 00:07:31.378 [info] > git fetch [480ms]
2025-01-17 00:07:31.397 [info] > git config --get commit.template [10ms]
2025-01-17 00:07:31.398 [info] > git for-each-ref --format=%(refname)%00%(upstream:short)%00%(objectname)%00%(upstream:track)%00%(upstream:remotename)%00%(upstream:remoteref) refs/heads/3112_Tiganov_Vadim refs/remotes/3112_Tiganov_Vadim [2ms]
2025-01-17 00:07:31.413 [info] > git status -z -uall [7ms]
2025-01-17 00:07:31.415 [info] > git for-each-ref --sort -committerdate --format %(refname) %(objectname) %(*objectname) [2ms]
2025-01-17 00:07:32.527 [info] > git config --get commit.template [12ms]
2025-01-17 00:07:32.529 [info] > git for-each-ref --format=%(refname)%00%(upstream:short)%00%(objectname)%00%(upstream:track)%00%(upstream:remotename)%00%(upstream:remoteref) refs/heads/3112_Tiganov_Vadim refs/remotes/3112_Tiganov_Vadim [2ms]
2025-01-17 00:07:32.546 [info] > git status -z -uall [9ms]
2025-01-17 00:07:32.547 [info] > git for-each-ref --sort -committerdate --format %(refname) %(objectname) %(*objectname) [2ms]
2025-01-17 00:07:32.660 [info] > git ls-files --stage -- /home/vadim/Edu/polygon/lab8/graph_algorithms.cpp [2ms]
2025-01-17 00:07:32.666 [info] > git cat-file -s e260a0140a982800e35568140807c8827cfa4862 [1ms]
2025-01-17 00:07:32.673 [info] > git show --textconv :lab8/graph_algorithms.cpp [1ms]
2025-01-17 00:07:57.086 [info] > git show --textconv :lab8/tests/graph_algorithms.cpp [8ms]
2025-01-17 00:07:57.088 [info] > git ls-files --stage -- /home/vadim/Edu/polygon/lab8/tests/graph_algorithms.cpp [2ms]
2025-01-17 00:07:57.824 [info] > git config --get commit.template [4ms]
2025-01-17 00:07:57.846 [info] > git for-each-ref --format=%(refname)%00%(upstream:short)%00%(objectname)%00%(upstream:track)%00%(upstream:remotename)%00%(upstream:remoteref) refs/heads/3112_Tiganov_Vadim refs/remotes/3112_Tiganov_Vadim [7ms]
2025-01-17 00:07:57.875 [info] > git status -z -uall [11ms]
2025-01-17 00:07:57.879 [info] > git for-each-ref --sort -committerdate --format %(refname) %(objectname) %(*objectname) [3ms]
2025-01-17 00:08:02.070 [info] > git show --textconv :.gitignore [13ms]
2025-01-17 00:08:02.072 [info] > git ls-files --stage -- /home/vadim/Edu/polygon/.gitignore [3ms]
2025-01-17 00:08:02.082 [info] > git cat-file -s 7f92ce980a35047884987822eb710e2961d830bc [2ms]
2025-01-17 00:08:02.913 [info] > git config --get commit.template [2ms]
2025-01-17 00:08:02.925 [info] > git for-each-ref --format=%(refname)%00%(upstream:short)%00%(objectname)%00%(upstream:track)%00%(upstream:remotename)%00%(upstream:remoteref) refs/heads/3112_Tiganov_Vadim refs/remotes/3112_Tiganov_Vadim [2ms]
2025-01-17 00:08:02.947 [info] > git status -z -uall [14ms]
2025-01-17 00:08:02.949 [info] > git for-each-ref --sort -committerdate --format %(refname) %(objectname) %(*objectname) [4ms]
2025-01-17 00:08:18.907 [info] > git config --get commit.template [3ms]
2025-01-17 00:08:18.919 [info] > git for-each-ref --format=%(refname)%00%(upstream:short)%00%(objectname)%00%(upstream:track)%00%(upstream:remotename)%00%(upstream:remoteref) refs/heads/3112_Tiganov_Vadim refs/remotes/3112_Tiganov_Vadim [2ms]
2025-01-17 00:08:18.937 [info] > git status -z -uall [9ms]
2025-01-17 00:08:18.939 [info] > git for-each-ref --sort -committerdate --format %(refname) %(objectname) %(*objectname) [3ms]
2025-01-17 00:08:26.798 [info] > git log --format=%H%n%aN%n%aE%n%at%n%ct%n%P%n%D%n%B -z --shortstat --diff-merges=first-parent -n50 --skip=0 --topo-order --decorate=full --stdin [126ms]
2025-01-17 00:08:28.196 [info] > git add -A -- /home/vadim/Edu/polygon/lab8/graph_algorithms.cpp /home/vadim/Edu/polygon/lab8/graph_algorithms.h /home/vadim/Edu/polygon/lab8/test_graph.cpp /home/vadim/Edu/polygon/lab8/test_graph.txt /home/vadim/Edu/polygon/lab8/tests/graph_algorithms.cpp /home/vadim/Edu/polygon/lab8/tests/graph_algorithms.h /home/vadim/Edu/polygon/lab8/tests/test_graph.cpp /home/vadim/Edu/polygon/lab8/tests/test_graph.txt [5ms]
2025-01-17 00:08:28.221 [info] > git config --get commit.template [11ms]
2025-01-17 00:08:28.222 [info] > git for-each-ref --format=%(refname)%00%(upstream:short)%00%(objectname)%00%(upstream:track)%00%(upstream:remotename)%00%(upstream:remoteref) refs/heads/3112_Tiganov_Vadim refs/remotes/3112_Tiganov_Vadim [2ms]
2025-01-17 00:08:28.242 [info] > git status -z -uall [11ms]
2025-01-17 00:08:28.244 [info] > git for-each-ref --sort -committerdate --format %(refname) %(objectname) %(*objectname) [3ms]
2025-01-17 00:08:29.290 [info] > git config --get commit.template [3ms]
2025-01-17 00:08:29.311 [info] > git for-each-ref --format=%(refname)%00%(upstream:short)%00%(objectname)%00%(upstream:track)%00%(upstream:remotename)%00%(upstream:remoteref) refs/heads/3112_Tiganov_Vadim refs/remotes/3112_Tiganov_Vadim [6ms]
2025-01-17 00:08:29.332 [info] > git status -z -uall [12ms]
2025-01-17 00:08:29.334 [info] > git for-each-ref --sort -committerdate --format %(refname) %(objectname) %(*objectname) [2ms]
2025-01-17 00:08:29.398 [info] > git ls-files --stage -- /home/vadim/Edu/polygon/.gitignore [2ms]
2025-01-17 00:08:29.412 [info] > git cat-file -s 7f92ce980a35047884987822eb710e2961d830bc [4ms]
2025-01-17 00:08:29.425 [info] > git show --textconv :.gitignore [3ms]
2025-01-17 00:08:33.441 [info] > git -c user.useConfigOnly=true commit --quiet --allow-empty-message --file - [11ms]
2025-01-17 00:08:33.451 [info] > git config --get commit.template [1ms]
2025-01-17 00:08:33.467 [info] > git config --get commit.template [8ms]
2025-01-17 00:08:33.468 [info] > git for-each-ref --format=%(refname)%00%(upstream:short)%00%(objectname)%00%(upstream:track)%00%(upstream:remotename)%00%(upstream:remoteref) refs/heads/3112_Tiganov_Vadim refs/remotes/3112_Tiganov_Vadim [2ms]
2025-01-17 00:08:33.484 [info] > git status -z -uall [9ms]
2025-01-17 00:08:33.484 [info] > git for-each-ref --sort -committerdate --format %(refname) %(objectname) %(*objectname) [2ms]
2025-01-17 00:08:33.509 [info] > git merge-base refs/heads/3112_Tiganov_Vadim refs/remotes/origin/3112_Tiganov_Vadim [8ms]
2025-01-17 00:08:33.518 [info] > git blame --root --incremental d52279bddf2e4c879931b21eeed4872374dd430f -- /home/vadim/Edu/polygon/.gitignore [24ms]
2025-01-17 00:08:33.522 [info] > git diff --name-status -z --diff-filter=ADMR 206098a62846fd3188309c5f3306e11d6613c713...refs/remotes/origin/3112_Tiganov_Vadim [5ms]
2025-01-17 00:08:33.623 [info] > git config --get commit.template [20ms]
2025-01-17 00:08:33.626 [info] > git for-each-ref --format=%(refname)%00%(upstream:short)%00%(objectname)%00%(upstream:track)%00%(upstream:remotename)%00%(upstream:remoteref) refs/heads/3112_Tiganov_Vadim refs/remotes/3112_Tiganov_Vadim [3ms]
2025-01-17 00:08:33.651 [info] > git status -z -uall [11ms]
2025-01-17 00:08:33.651 [info] > git for-each-ref --sort -committerdate --format %(refname) %(objectname) %(*objectname) [1ms]
2025-01-17 00:08:33.685 [info] > git log --format=%H%n%aN%n%aE%n%at%n%ct%n%P%n%D%n%B -z --shortstat --diff-merges=first-parent -n50 --skip=0 --topo-order --decorate=full --stdin [122ms]
2025-01-17 00:08:34.688 [info] > git ls-files --stage -- /home/vadim/Edu/polygon/.gitignore [3ms]
2025-01-17 00:08:34.701 [info] > git cat-file -s 7f92ce980a35047884987822eb710e2961d830bc [3ms]
2025-01-17 00:08:34.715 [info] > git show --textconv :.gitignore [3ms]
2025-01-17 00:08:35.428 [info] > git show --textconv :lab8/tests/graph_algorithms.h [10ms]
2025-01-17 00:08:35.429 [info] > git ls-files --stage -- /home/vadim/Edu/polygon/lab8/tests/graph_algorithms.h [2ms]
2025-01-17 00:08:35.436 [info] > git cat-file -s d3617a08e8cc5fcbd8519fc037dee828407d4f64 [2ms]
2025-01-17 00:08:36.173 [info] > git show --textconv :lab8/tests/graph_algorithms.cpp [13ms]
2025-01-17 00:08:36.175 [info] > git ls-files --stage -- /home/vadim/Edu/polygon/lab8/tests/graph_algorithms.cpp [3ms]
2025-01-17 00:08:36.188 [info] > git cat-file -s e260a0140a982800e35568140807c8827cfa4862 [4ms]
2025-01-17 00:08:36.232 [info] > git blame --root --incremental d52279bddf2e4c879931b21eeed4872374dd430f -- /home/vadim/Edu/polygon/lab8/tests/graph_algorithms.cpp [3ms]
2025-01-17 00:09:03.199 [info] > git config --get commit.template [11ms]
2025-01-17 00:09:03.200 [info] > git for-each-ref --format=%(refname)%00%(upstream:short)%00%(objectname)%00%(upstream:track)%00%(upstream:remotename)%00%(upstream:remoteref) refs/heads/3112_Tiganov_Vadim refs/remotes/3112_Tiganov_Vadim [2ms]
2025-01-17 00:09:03.218 [info] > git status -z -uall [8ms]
2025-01-17 00:09:03.220 [info] > git for-each-ref --sort -committerdate --format %(refname) %(objectname) %(*objectname) [2ms]
2025-01-17 00:09:14.563 [info] > git config --get commit.template [11ms]
2025-01-17 00:09:14.565 [info] > git for-each-ref --format=%(refname)%00%(upstream:short)%00%(objectname)%00%(upstream:track)%00%(upstream:remotename)%00%(upstream:remoteref) refs/heads/3112_Tiganov_Vadim refs/remotes/3112_Tiganov_Vadim [3ms]
2025-01-17 00:09:14.583 [info] > git status -z -uall [10ms]
2025-01-17 00:09:14.584 [info] > git for-each-ref --sort -committerdate --format %(refname) %(objectname) %(*objectname) [2ms]
2025-01-17 00:10:47.415 [info] > git fetch [541ms]
2025-01-17 00:10:47.467 [info] > git for-each-ref --format=%(refname)%00%(upstream:short)%00%(objectname)%00%(upstream:track)%00%(upstream:remotename)%00%(upstream:remoteref) refs/heads/3112_Tiganov_Vadim refs/remotes/3112_Tiganov_Vadim [5ms]
2025-01-17 00:10:47.468 [info] > git config --get commit.template [33ms]
2025-01-17 00:10:47.487 [info] > git status -z -uall [9ms]
2025-01-17 00:10:47.488 [info] > git for-each-ref --sort -committerdate --format %(refname) %(objectname) %(*objectname) [2ms]
2025-01-17 00:10:48.605 [info] > git ls-files --stage -- /home/vadim/Edu/polygon/lab8/tests/graph_algorithms.cpp [2ms]
2025-01-17 00:10:48.616 [info] > git cat-file -s e260a0140a982800e35568140807c8827cfa4862 [2ms]
2025-01-17 00:10:48.635 [info] > git show --textconv :lab8/tests/graph_algorithms.cpp [3ms]
2025-01-17 00:11:16.710 [info] > git config --get commit.template [7ms]
2025-01-17 00:11:16.728 [info] > git for-each-ref --format=%(refname)%00%(upstream:short)%00%(objectname)%00%(upstream:track)%00%(upstream:remotename)%00%(upstream:remoteref) refs/heads/3112_Tiganov_Vadim refs/remotes/3112_Tiganov_Vadim [5ms]
2025-01-17 00:11:16.745 [info] > git status -z -uall [9ms]
2025-01-17 00:11:16.746 [info] > git for-each-ref --sort -committerdate --format %(refname) %(objectname) %(*objectname) [2ms]
2025-01-17 00:11:21.775 [info] > git config --get commit.template [10ms]
2025-01-17 00:11:21.777 [info] > git for-each-ref --format=%(refname)%00%(upstream:short)%00%(objectname)%00%(upstream:track)%00%(upstream:remotename)%00%(upstream:remoteref) refs/heads/3112_Tiganov_Vadim refs/remotes/3112_Tiganov_Vadim [3ms]
2025-01-17 00:11:21.796 [info] > git status -z -uall [10ms]
2025-01-17 00:11:21.798 [info] > git for-each-ref --sort -committerdate --format %(refname) %(objectname) %(*objectname) [3ms]
2025-01-17 00:11:29.703 [info] > git config --get commit.template [10ms]
2025-01-17 00:11:29.705 [info] > git for-each-ref --format=%(refname)%00%(upstream:short)%00%(objectname)%00%(upstream:track)%00%(upstream:remotename)%00%(upstream:remoteref) refs/heads/3112_Tiganov_Vadim refs/remotes/3112_Tiganov_Vadim [3ms]
2025-01-17 00:11:29.733 [info] > git status -z -uall [17ms]
2025-01-17 00:11:29.739 [info] > git for-each-ref --sort -committerdate --format %(refname) %(objectname) %(*objectname) [8ms]
2025-01-17 00:11:36.009 [info] > git config --get commit.template [10ms]
2025-01-17 00:11:36.011 [info] > git for-each-ref --format=%(refname)%00%(upstream:short)%00%(objectname)%00%(upstream:track)%00%(upstream:remotename)%00%(upstream:remoteref) refs/heads/3112_Tiganov_Vadim refs/remotes/3112_Tiganov_Vadim [3ms]
2025-01-17 00:11:36.032 [info] > git status -z -uall [10ms]
2025-01-17 00:11:36.034 [info] > git for-each-ref --sort -committerdate --format %(refname) %(objectname) %(*objectname) [3ms]
2025-01-17 00:11:40.449 [info] > git show --textconv :lab8/tests/graph_algorithms.h [12ms]
2025-01-17 00:11:40.452 [info] > git ls-files --stage -- /home/vadim/Edu/polygon/lab8/tests/graph_algorithms.h [3ms]
2025-01-17 00:11:40.460 [info] > git cat-file -s d3617a08e8cc5fcbd8519fc037dee828407d4f64 [2ms]
2025-01-17 00:14:00.070 [info] > git fetch [498ms]
2025-01-17 00:14:00.087 [info] > git config --get commit.template [3ms]
2025-01-17 00:14:00.104 [info] > git for-each-ref --format=%(refname)%00%(upstream:short)%00%(objectname)%00%(upstream:track)%00%(upstream:remotename)%00%(upstream:remoteref) refs/heads/3112_Tiganov_Vadim refs/remotes/3112_Tiganov_Vadim [4ms]
2025-01-17 00:14:00.135 [info] > git status -z -uall [15ms]
2025-01-17 00:14:00.137 [info] > git for-each-ref --sort -committerdate --format %(refname) %(objectname) %(*objectname) [3ms]
2025-01-17 00:14:01.222 [info] > git config --get commit.template [12ms]
2025-01-17 00:14:01.225 [info] > git for-each-ref --format=%(refname)%00%(upstream:short)%00%(objectname)%00%(upstream:track)%00%(upstream:remotename)%00%(upstream:remoteref) refs/heads/3112_Tiganov_Vadim refs/remotes/3112_Tiganov_Vadim [4ms]
2025-01-17 00:14:01.248 [info] > git status -z -uall [11ms]
2025-01-17 00:14:01.251 [info] > git for-each-ref --sort -committerdate --format %(refname) %(objectname) %(*objectname) [4ms]
2025-01-17 00:14:01.513 [info] > git show --textconv :lab8/tests/test_graph.cpp [16ms]
2025-01-17 00:14:01.515 [info] > git ls-files --stage -- /home/vadim/Edu/polygon/lab8/tests/test_graph.cpp [4ms]
2025-01-17 00:14:01.535 [info] > git cat-file -s 3bdc3552e57bd7e405b2676779ecef6275319a56 [6ms]
2025-01-17 00:14:01.557 [info] > git blame --root --incremental d52279bddf2e4c879931b21eeed4872374dd430f -- /home/vadim/Edu/polygon/lab8/tests/test_graph.cpp [3ms]
2025-01-17 00:14:44.971 [info] > git config --get commit.template [23ms]
2025-01-17 00:14:44.973 [info] > git for-each-ref --format=%(refname)%00%(upstream:short)%00%(objectname)%00%(upstream:track)%00%(upstream:remotename)%00%(upstream:remoteref) refs/heads/3112_Tiganov_Vadim refs/remotes/3112_Tiganov_Vadim [2ms]
2025-01-17 00:14:44.994 [info] > git status -z -uall [12ms]
2025-01-17 00:14:44.995 [info] > git for-each-ref --sort -committerdate --format %(refname) %(objectname) %(*objectname) [2ms]
2025-01-17 00:14:46.630 [info] > git log --format=%H%n%aN%n%aE%n%at%n%ct%n%P%n%D%n%B -z --shortstat --diff-merges=first-parent -n50 --skip=0 --topo-order --decorate=full --stdin [104ms]
2025-01-17 00:14:47.925 [info] > git add -A -- /home/vadim/Edu/polygon/lab8/tests/graph_algorithms.cpp /home/vadim/Edu/polygon/lab8/tests/test_graph.cpp [5ms]
2025-01-17 00:14:47.948 [info] > git config --get commit.template [11ms]
2025-01-17 00:14:47.950 [info] > git for-each-ref --format=%(refname)%00%(upstream:short)%00%(objectname)%00%(upstream:track)%00%(upstream:remotename)%00%(upstream:remoteref) refs/heads/3112_Tiganov_Vadim refs/remotes/3112_Tiganov_Vadim [3ms]
2025-01-17 00:14:47.968 [info] > git status -z -uall [10ms]
2025-01-17 00:14:47.971 [info] > git for-each-ref --sort -committerdate --format %(refname) %(objectname) %(*objectname) [4ms]
2025-01-17 00:14:48.304 [info] > git show --textconv HEAD:lab8/tests/test_graph.cpp [13ms]
2025-01-17 00:14:48.306 [info] > git ls-tree -l HEAD -- /home/vadim/Edu/polygon/lab8/tests/test_graph.cpp [3ms]
2025-01-17 00:14:49.131 [info] > git ls-files --stage -- /home/vadim/Edu/polygon/lab8/tests/test_graph.cpp [12ms]
2025-01-17 00:14:49.141 [info] > git ls-tree -l HEAD -- /home/vadim/Edu/polygon/lab8/tests/test_graph.cpp [10ms]
2025-01-17 00:14:49.142 [info] > git cat-file -s 6fe3db324eacfca153c71fe313638d8de6056659 [2ms]
2025-01-17 00:14:49.161 [info] > git show --textconv HEAD:lab8/tests/test_graph.cpp [10ms]
2025-01-17 00:14:49.162 [info] > git show --textconv :lab8/tests/test_graph.cpp [2ms]
2025-01-17 00:14:50.036 [info] > git config --get commit.template [17ms]
2025-01-17 00:14:50.039 [info] > git for-each-ref --format=%(refname)%00%(upstream:short)%00%(objectname)%00%(upstream:track)%00%(upstream:remotename)%00%(upstream:remoteref) refs/heads/3112_Tiganov_Vadim refs/remotes/3112_Tiganov_Vadim [6ms]
2025-01-17 00:14:50.068 [info] > git status -z -uall [14ms]
2025-01-17 00:14:50.070 [info] > git for-each-ref --sort -committerdate --format %(refname) %(objectname) %(*objectname) [3ms]
2025-01-17 00:14:52.883 [info] > git -c user.useConfigOnly=true commit --quiet --allow-empty-message --file - [13ms]
2025-01-17 00:14:52.895 [info] > git config --get commit.template [2ms]
2025-01-17 00:14:52.907 [info] > git config --get commit.template [3ms]
2025-01-17 00:14:52.918 [info] > git for-each-ref --format=%(refname)%00%(upstream:short)%00%(objectname)%00%(upstream:track)%00%(upstream:remotename)%00%(upstream:remoteref) refs/heads/3112_Tiganov_Vadim refs/remotes/3112_Tiganov_Vadim [2ms]
2025-01-17 00:14:52.933 [info] > git status -z -uall [8ms]
2025-01-17 00:14:52.934 [info] > git for-each-ref --sort -committerdate --format %(refname) %(objectname) %(*objectname) [2ms]
2025-01-17 00:14:52.958 [info] > git merge-base refs/heads/3112_Tiganov_Vadim refs/remotes/origin/3112_Tiganov_Vadim [3ms]
2025-01-17 00:14:52.964 [info] > git blame --root --incremental 647ca5f6f8687982e095cb6cd29a2b05fb81a63c -- /home/vadim/Edu/polygon/lab8/tests/test_graph.cpp [19ms]
2025-01-17 00:14:52.969 [info] > git diff --name-status -z --diff-filter=ADMR 206098a62846fd3188309c5f3306e11d6613c713...refs/remotes/origin/3112_Tiganov_Vadim [5ms]
2025-01-17 00:14:53.012 [info] > git config --get commit.template [10ms]
2025-01-17 00:14:53.013 [info] > git for-each-ref --format=%(refname)%00%(upstream:short)%00%(objectname)%00%(upstream:track)%00%(upstream:remotename)%00%(upstream:remoteref) refs/heads/3112_Tiganov_Vadim refs/remotes/3112_Tiganov_Vadim [2ms]
2025-01-17 00:14:53.027 [info] > git status -z -uall [8ms]
2025-01-17 00:14:53.028 [info] > git for-each-ref --sort -committerdate --format %(refname) %(objectname) %(*objectname) [1ms]
2025-01-17 00:14:53.104 [info] > git log --format=%H%n%aN%n%aE%n%at%n%ct%n%P%n%D%n%B -z --shortstat --diff-merges=first-parent -n50 --skip=0 --topo-order --decorate=full --stdin [114ms]
2025-01-17 00:14:53.912 [info] > git log --oneline --cherry 3112_Tiganov_Vadim...3112_Tiganov_Vadim@{upstream} -- [6ms]
2025-01-17 00:14:54.434 [info] > git pull --tags origin 3112_Tiganov_Vadim [512ms]
2025-01-17 00:14:54.434 [info] From https://github.com/VTiganov/polygon
 * branch            3112_Tiganov_Vadim -> FETCH_HEAD
2025-01-17 00:14:55.640 [info] > git ls-files --stage -- /home/vadim/Edu/polygon/lab8/tests/test_graph.cpp [4ms]
2025-01-17 00:14:55.659 [info] > git cat-file -s 6fe3db324eacfca153c71fe313638d8de6056659 [6ms]
2025-01-17 00:14:55.677 [info] > git show --textconv :lab8/tests/test_graph.cpp [2ms]
2025-01-17 00:14:55.783 [info] > git push origin 3112_Tiganov_Vadim:3112_Tiganov_Vadim [1330ms]
2025-01-17 00:14:55.783 [info] To https://github.com/VTiganov/polygon.git
   206098a..647ca5f  3112_Tiganov_Vadim -> 3112_Tiganov_Vadim
2025-01-17 00:14:55.796 [info] > git config --get commit.template [2ms]
2025-01-17 00:14:55.812 [info] > git for-each-ref --format=%(refname)%00%(upstream:short)%00%(objectname)%00%(upstream:track)%00%(upstream:remotename)%00%(upstream:remoteref) refs/heads/3112_Tiganov_Vadim refs/remotes/3112_Tiganov_Vadim [6ms]
2025-01-17 00:14:55.833 [info] > git status -z -uall [12ms]
2025-01-17 00:14:55.838 [info] > git for-each-ref --sort -committerdate --format %(refname) %(objectname) %(*objectname) [6ms]
2025-01-17 00:14:55.863 [info] > git merge-base refs/heads/3112_Tiganov_Vadim refs/remotes/origin/3112_Tiganov_Vadim [3ms]
2025-01-17 00:14:55.874 [info] > git diff --name-status -z --diff-filter=ADMR 647ca5f6f8687982e095cb6cd29a2b05fb81a63c...refs/remotes/origin/3112_Tiganov_Vadim [2ms]
2025-01-17 00:14:55.981 [info] > git log --format=%H%n%aN%n%aE%n%at%n%ct%n%P%n%D%n%B -z --shortstat --diff-merges=first-parent -n50 --skip=0 --topo-order --decorate=full --stdin [95ms]
2025-01-17 00:14:56.911 [info] > git config --get commit.template [18ms]
2025-01-17 00:14:56.913 [info] > git for-each-ref --format=%(refname)%00%(upstream:short)%00%(objectname)%00%(upstream:track)%00%(upstream:remotename)%00%(upstream:remoteref) refs/heads/3112_Tiganov_Vadim refs/remotes/3112_Tiganov_Vadim [3ms]
2025-01-17 00:14:56.933 [info] > git status -z -uall [10ms]
2025-01-17 00:14:56.936 [info] > git for-each-ref --sort -committerdate --format %(refname) %(objectname) %(*objectname) [4ms]
2025-01-17 00:14:57.583 [info] > git ls-files --stage -- /home/vadim/Edu/polygon/lab8/tests/test_graph.cpp [2ms]
2025-01-17 00:14:57.601 [info] > git cat-file -s 6fe3db324eacfca153c71fe313638d8de6056659 [3ms]
2025-01-17 00:14:57.611 [info] > git show --textconv :lab8/tests/test_graph.cpp [2ms]
