2025-01-21 13:04:24.282 [info] Reading sessions from keychain...
2025-01-21 13:04:24.282 [info] Getting sessions for all scopes...
2025-01-21 13:04:24.282 [info] Getting sessions for all scopes...
2025-01-21 13:04:24.302 [info] Getting sessions for read:user,repo,user:email,workflow...
2025-01-21 13:04:24.303 [info] Got stored sessions!
2025-01-21 13:04:24.303 [info] Got 1 verified sessions.
2025-01-21 13:04:24.303 [info] Got 1 sessions for ...
2025-01-21 13:04:24.303 [info] Got 1 sessions for ...
2025-01-21 13:04:24.303 [info] Got 1 sessions for read:user,repo,user:email,workflow...
2025-01-21 13:04:25.218 [info] Getting sessions for all scopes...
2025-01-21 13:04:25.218 [info] Got 1 sessions for ...
2025-01-21 13:04:25.831 [info] Getting sessions for read:user,repo,user:email,workflow...
2025-01-21 13:04:25.831 [info] Got 1 sessions for read:user,repo,user:email,workflow...
2025-01-21 13:04:44.568 [info] Reading sessions from keychain...
2025-01-21 13:04:44.568 [info] Getting sessions for all scopes...
2025-01-21 13:04:44.568 [info] Getting sessions for all scopes...
2025-01-21 13:04:44.568 [info] Got stored sessions!
2025-01-21 13:04:44.568 [info] Got 1 verified sessions.
2025-01-21 13:04:44.568 [info] Got 1 sessions for ...
2025-01-21 13:04:44.568 [info] Got 1 sessions for ...
2025-01-21 13:04:44.568 [info] Getting sessions for read:user,repo,user:email,workflow...
2025-01-21 13:04:44.568 [info] Got 1 sessions for read:user,repo,user:email,workflow...
2025-01-21 13:04:45.182 [info] Getting sessions for read:user,repo,user:email,workflow...
2025-01-21 13:04:45.182 [info] Got 1 sessions for read:user,repo,user:email,workflow...
2025-01-21 13:04:45.656 [info] Getting sessions for all scopes...
2025-01-21 13:04:45.656 [info] Got 1 sessions for ...
2025-01-21 13:31:36.616 [info] Getting sessions for read:user,repo,user:email,workflow...
2025-01-21 13:31:36.616 [info] Got 1 sessions for read:user,repo,user:email,workflow...
2025-01-21 13:34:46.199 [info] Getting sessions for read:user,repo,user:email,workflow...
2025-01-21 13:34:46.199 [info] Got 1 sessions for read:user,repo,user:email,workflow...
2025-01-21 13:36:09.416 [info] Getting sessions for read:user,repo,user:email,workflow...
2025-01-21 13:36:09.416 [info] Got 1 sessions for read:user,repo,user:email,workflow...
