2025-01-05 15:12:15.607 [info] Reading sessions from keychain...
2025-01-05 15:12:15.607 [info] Getting sessions for all scopes...
2025-01-05 15:12:15.607 [info] Getting sessions for all scopes...
2025-01-05 15:12:15.607 [info] Got 0 sessions for ...
2025-01-05 15:12:15.607 [info] Got 0 sessions for ...
2025-01-05 15:12:15.607 [info] Getting sessions for read:user,repo,user:email,workflow...
2025-01-05 15:12:15.607 [info] Got 0 sessions for read:user,repo,user:email,workflow...
2025-01-05 15:12:16.067 [info] Getting sessions for all scopes...
2025-01-05 15:12:16.067 [info] Got 0 sessions for ...
2025-01-05 15:12:51.636 [info] Getting sessions for read:user,repo,user:email,workflow...
2025-01-05 15:12:51.636 [info] Got 0 sessions for read:user,repo,user:email,workflow...
2025-01-05 15:12:54.010 [info] Logging in with 'any' account...
2025-01-05 15:12:54.010 [info] Logging in for the following scopes: read:user repo user:email workflow
2025-01-05 15:12:54.016 [info] Trying device code flow... (read:user repo user:email workflow)
2025-01-05 15:13:35.275 [info] Getting user info...
2025-01-05 15:13:35.636 [info] Got account info!
2025-01-05 15:13:35.636 [info] Storing 1 sessions...
2025-01-05 15:13:35.638 [info] Reading sessions from keychain...
2025-01-05 15:13:35.638 [info] Stored 1 sessions!
2025-01-05 15:13:35.638 [info] Login success!
2025-01-05 15:13:35.686 [info] Got stored sessions!
2025-01-05 15:13:35.686 [info] Got 1 verified sessions.
2025-01-05 15:13:36.020 [info] Getting sessions for read:user,repo,user:email,workflow...
2025-01-05 15:13:36.020 [info] Got 1 sessions for read:user,repo,user:email,workflow...
2025-01-05 15:13:36.068 [info] Getting sessions for read:user,repo,user:email,workflow...
2025-01-05 15:13:36.068 [info] Got 1 sessions for read:user,repo,user:email,workflow...
2025-01-05 15:13:36.206 [info] Getting sessions for read:user,repo,user:email,workflow...
2025-01-05 15:13:36.206 [info] Got 1 sessions for read:user,repo,user:email,workflow...
