ReadyRc files read:
  NONE
Latexmk: This is Latexmk, John Collins, 31 Jan. 2024. Version 4.83.
No existing .aux file, so I'll make a simple one, and require run of *latex.
Latexmk: applying rule 'pdflatex'...
Rule 'pdflatex':  Reasons for rerun
Category 'other':
  Rerun of 'pdflatex' forced or previously required:
    Reason or flag: 'Initial setup'

------------
Run number 1 of rule 'pdflatex'
------------
------------
Running 'pdflatex  -synctex=1 -interaction=nonstopmode -file-line-error -recorder  "/home/vadim/Edu/Github/calculus_lab_1/tex/report.tex"'
------------
This is pdfTeX, Version 3.141592653-2.6-1.40.26 (TeX Live 2024/Arch Linux) (preloaded format=pdflatex)
 restricted \write18 enabled.
entering extended mode
(/home/vadim/Edu/Github/calculus_lab_1/tex/report.tex
LaTeX2e <2023-11-01> patch level 1
L3 programming layer <2024-02-20>
(/usr/share/texmf-dist/tex/latex/base/article.cls
Document Class: article 2023/05/17 v1.4n Standard LaTeX document class
(/usr/share/texmf-dist/tex/latex/base/size12.clo)) (/usr/share/texmf-dist/tex/latex/base/inputenc.sty) (/usr/share/texmf-dist/tex/generic/babel/babel.sty (/usr/share/texmf-dist/tex/generic/babel/txtbabel.def) (/usr/share/texmf-dist/tex/generic/babel-russian/russianb.ldf

Package babel Warning: No hyphenation patterns were preloaded for
(babel)                the language 'Russian' into the format.
(babel)                Please, configure your TeX system to add them and
(babel)                rebuild the format. Now I will use the patterns
(babel)                preloaded for \language=0 instead on input line 32.


Package babel Warning: No Cyrillic font encoding has been loaded so far.
(babel)                A font encoding should be declared before babel.
(babel)                Default `T2A' encoding will be loaded  on input line 78.

(/usr/share/texmf-dist/tex/latex/cyrillic/t2aenc.def (/usr/share/texmf-dist/tex/latex/base/t2aenc.dfu)))) (/usr/share/texmf-dist/tex/generic/babel/locale/ru/babel-russian.tex) (/usr/share/texmf-dist/tex/latex/geometry/geometry.sty (/usr/share/texmf-dist/tex/latex/graphics/keyval.sty) (/usr/share/texmf-dist/tex/generic/iftex/ifvtex.sty (/usr/share/texmf-dist/tex/generic/iftex/iftex.sty))) (/usr/share/texmf-dist/tex/latex/l3backend/l3backend-pdftex.def) (./report.aux) (/usr/share/texmf-dist/tex/latex/cyrillic/t2acmr.fd)
kpathsea: Running mktextfm larm1200
mktextfm: Running mf-nowin -progname=mf \mode:=ljfour; mag:=1; ; nonstopmode; input larm1200
This is METAFONT, Version 2.71828182 (TeX Live 2024/Arch Linux) (preloaded base=mf)

kpathsea: Running mktexmf larm1200
mf: /home/vadim/.texlive/texmf-var/fonts/source/lh/lh-t2a/larm1200.mf: successfully generated.

(/home/vadim/.texlive/texmf-var/fonts/source/lh/lh-t2a/larm1200.mf (/usr/share/texmf-dist/fonts/source/lh/base/fikparm.mf (/usr/share/texmf-dist/fonts/source/public/cm/cmbase.mf) (/usr/share/texmf-dist/fonts/source/lh/base/lcyrbeg.mf) (/usr/share/texmf-dist/fonts/source/lh/base/lkligtbl.mf)
>> 12
>> "input ecrm" (/usr/share/texmf-dist/fonts/source/jknappen/ec/ecrm.mf) (/usr/share/texmf-dist/fonts/source/lh/lh-t2a/lacodes.mf) (/usr/share/texmf-dist/fonts/source/lh/base/lcyrdefs.mf) (/usr/share/texmf-dist/fonts/source/lh/base/leroman.mf (/usr/share/texmf-dist/fonts/source/lh/base/lxpseudo.mf) (/usr/share/texmf-dist/fonts/source/jknappen/ec/exrulett.mf [65] [66] [67] [68] [69] [70] [71] [72] [73] [74] [75] [76] [77] [78] [79] [80] [81] [82] [83] [84] [85] [86] [87] [88] [89] [90]) (/usr/share/texmf-dist/fonts/source/jknappen/ec/exrllett.mf [97] [98] [99] [100] [101] [102] [103] [104] [105] [106] [107] [108] [109] [110] [111] [112] [113] [114] [115] [116] [117] [118] [119] [120] [121] [122]) (/usr/share/texmf-dist/fonts/source/lh/base/lgcyru.mf (/usr/share/texmf-dist/fonts/source/lh/base/lgrusu.mf [192] [193] [194] [195] [196] [197] [198] [199] [200] [201] [202] [203] [204] [205] [206] [207] [208] [209] [210] [211] [212] [213] [214] [215] [216] [217] [218] [219] [220] [221] [222] [223] [156]) (/usr/share/texmf-dist/fonts/source/lh/base/lgt2comu.mf [131] [130] [136] [135] [155] [143] [150] [128] [142] [144] [146] [153]) (/usr/share/texmf-dist/fonts/source/lh/base/lgt2upu.mf [129] [132] [133] [134] [137] [138] [141] [145] [147] [148] [149] [152] [154]) (/usr/share/texmf-dist/fonts/source/lh/base/lgt2lou.mf [140] [139] [151])) (/usr/share/texmf-dist/fonts/source/lh/base/lgcyrl.mf (/usr/share/texmf-dist/fonts/source/lh/base/lgrusl.mf [224] [225] [226] [227] [228] [229] [230] [231] [232] [233] [234] [235] [236] [237] [238] [239] [240] [241] [242] [243] [244] [245] [246] [247] [248] [249] [250] [251] [252] [253] [254] [255] [188]) (/usr/share/texmf-dist/fonts/source/lh/base/lgt2coml.mf [163] [162] [167] [187] [175] [182] [160] [168] [174] [176] [178] [185]) (/usr/share/texmf-dist/fonts/source/lh/base/lgt2upl.mf [161] [164] [165] [166] [169] [170] [173] [177] [179] [180] [181] [184] [186]) (/usr/share/texmf-dist/fonts/source/lh/base/lgt2lol.mf [172] [171] [183])) (/usr/share/texmf-dist/fonts/source/lh/base/lgcyrsym.mf [13] [14] [15] [22] [24] [23] [34] [157] [158] [159] [189] [190] [191]) (/usr/share/texmf-dist/fonts/source/lh/base/lgengsym.mf [16] [17] [21] [32] [33] [35] [36] [37] [39] [40] [41] [42] [43] [44] [45] [46] [47] [58] [59] [60] [62] [61] [64] [91] [92] [93] [94] [95] [96] [123] [124] [125] [126] [127]) (/usr/share/texmf-dist/fonts/source/lh/base/lgromp.mf [38] [63]) (/usr/share/texmf-dist/fonts/source/lh/base/lgrdigit.mf [48] [49] [50] [51] [52] [53] [54] [55] [56] [57]) (/usr/share/texmf-dist/fonts/source/lh/base/lgrlig.mf [25] [26] [28] [27] [29] [30] [31]) (/usr/share/texmf-dist/fonts/source/lh/base/lgcyracc.mf [0] [1] [2] [3] [4] [5] [6] [7] [8] [9] [10] [11] [12] [19] [20] [18]) (/usr/share/texmf-dist/fonts/source/lh/base/llvligtb.mf) (/usr/share/texmf-dist/fonts/source/lh/base/llrligtb.mf) (/usr/share/texmf-dist/fonts/source/lh/lh-t2a/laliker.mf) ) ) )
(some charht values had to be adjusted by as much as 0.07143pt)
Font metrics written on larm1200.tfm.
Output written on larm1200.600gf (256 characters, 59068 bytes).
Transcript written on larm1200.log.
mktextfm: /home/vadim/.texlive/texmf-var/fonts/tfm/lh/lh-t2a/larm1200.tfm: successfully generated.

kpathsea: Running mktextfm labx1200
mktextfm: Running mf-nowin -progname=mf \mode:=ljfour; mag:=1; ; nonstopmode; input labx1200
This is METAFONT, Version 2.71828182 (TeX Live 2024/Arch Linux) (preloaded base=mf)

kpathsea: Running mktexmf labx1200
mf: /home/vadim/.texlive/texmf-var/fonts/source/lh/lh-t2a/labx1200.mf: successfully generated.

(/home/vadim/.texlive/texmf-var/fonts/source/lh/lh-t2a/labx1200.mf (/usr/share/texmf-dist/fonts/source/lh/base/fikparm.mf (/usr/share/texmf-dist/fonts/source/public/cm/cmbase.mf) (/usr/share/texmf-dist/fonts/source/lh/base/lcyrbeg.mf) (/usr/share/texmf-dist/fonts/source/lh/base/lkligtbl.mf)
>> 12
>> "input ecbx" (/usr/share/texmf-dist/fonts/source/jknappen/ec/ecbx.mf) (/usr/share/texmf-dist/fonts/source/lh/lh-t2a/lacodes.mf) (/usr/share/texmf-dist/fonts/source/lh/base/lcyrdefs.mf) (/usr/share/texmf-dist/fonts/source/lh/base/leroman.mf (/usr/share/texmf-dist/fonts/source/lh/base/lxpseudo.mf) (/usr/share/texmf-dist/fonts/source/jknappen/ec/exrulett.mf [65] [66] [67] [68] [69] [70] [71] [72] [73] [74] [75] [76] [77] [78] [79] [80] [81] [82] [83] [84] [85] [86] [87] [88] [89] [90]) (/usr/share/texmf-dist/fonts/source/jknappen/ec/exrllett.mf [97] [98] [99] [100] [101] [102] [103] [104] [105] [106] [107] [108] [109] [110] [111] [112] [113] [114] [115] [116] [117] [118] [119] [120] [121] [122]) (/usr/share/texmf-dist/fonts/source/lh/base/lgcyru.mf (/usr/share/texmf-dist/fonts/source/lh/base/lgrusu.mf [192] [193] [194] [195] [196] [197] [198] [199] [200] [201] [202] [203] [204] [205] [206] [207] [208] [209] [210] [211] [212] [213] [214] [215] [216] [217] [218] [219] [220] [221] [222] [223] [156]) (/usr/share/texmf-dist/fonts/source/lh/base/lgt2comu.mf [131] [130] [136] [135] [155] [143] [150] [128] [142] [144] [146] [153]) (/usr/share/texmf-dist/fonts/source/lh/base/lgt2upu.mf [129] [132] [133] [134] [137] [138] [141] [145] [147] [148] [149] [152] [154]) (/usr/share/texmf-dist/fonts/source/lh/base/lgt2lou.mf [140] [139] [151])) (/usr/share/texmf-dist/fonts/source/lh/base/lgcyrl.mf (/usr/share/texmf-dist/fonts/source/lh/base/lgrusl.mf [224] [225] [226] [227] [228] [229] [230] [231] [232] [233] [234] [235] [236] [237] [238] [239] [240] [241] [242] [243] [244] [245] [246] [247] [248] [249] [250] [251] [252] [253] [254] [255] [188]) (/usr/share/texmf-dist/fonts/source/lh/base/lgt2coml.mf [163] [162] [167] [187] [175] [182] [160] [168] [174] [176] [178] [185]) (/usr/share/texmf-dist/fonts/source/lh/base/lgt2upl.mf [161] [164] [165] [166] [169] [170] [173] [177] [179] [180] [181] [184] [186]) (/usr/share/texmf-dist/fonts/source/lh/base/lgt2lol.mf [172] [171] [183])) (/usr/share/texmf-dist/fonts/source/lh/base/lgcyrsym.mf [13] [14] [15] [22] [24] [23] [34] [157] [158] [159] [189] [190] [191]) (/usr/share/texmf-dist/fonts/source/lh/base/lgengsym.mf [16] [17] [21] [32] [33] [35] [36] [37] [39] [40] [41] [42] [43] [44] [45] [46] [47] [58] [59] [60] [62] [61] [64] [91] [92] [93] [94] [95] [96] [123] [124] [125] [126] [127]) (/usr/share/texmf-dist/fonts/source/lh/base/lgromp.mf [38] [63]) (/usr/share/texmf-dist/fonts/source/lh/base/lgrdigit.mf [48] [49] [50] [51] [52] [53] [54] [55] [56] [57]) (/usr/share/texmf-dist/fonts/source/lh/base/lgrlig.mf [25] [26] [28] [27] [29] [30] [31]) (/usr/share/texmf-dist/fonts/source/lh/base/lgcyracc.mf [0] [1] [2] [3] [4] [5] [6] [7] [8] [9] [10] [11] [12] [19] [20] [18]) (/usr/share/texmf-dist/fonts/source/lh/base/llvligtb.mf) (/usr/share/texmf-dist/fonts/source/lh/base/llrligtb.mf) (/usr/share/texmf-dist/fonts/source/lh/lh-t2a/laliker.mf) ) ) )
Font metrics written on labx1200.tfm.
Output written on labx1200.600gf (256 characters, 58176 bytes).
Transcript written on labx1200.log.
mktextfm: /home/vadim/.texlive/texmf-var/fonts/tfm/lh/lh-t2a/labx1200.tfm: successfully generated.

*geometry* driver: auto-detecting
*geometry* detected driver: pdftex
[1{/var/lib/texmf/fonts/map/pdftex/updmap/pdftex.map}{/usr/share/texmf-dist/fonts/enc/dvips/cm-super/cm-super-t2a.enc}] (./report.aux) )</usr/share/texmf-dist/fonts/type1/public/cm-super/sfbx1200.pfb></usr/share/texmf-dist/fonts/type1/public/cm-super/sfrm1200.pfb>
Output written on report.pdf (1 page, 43249 bytes).
SyncTeX written on report.synctex.gz.
Transcript written on report.log.
Latexmk: Getting log file 'report.log'
Latexmk: Examining 'report.fls'
Latexmk: Examining 'report.log'
Latexmk: Log file says output to 'report.pdf'
Latexmk: applying rule 'pdflatex'...
Rule 'pdflatex':  Reasons for rerun
Changed files or newly in use/created:
  report.aux

------------
Run number 2 of rule 'pdflatex'
------------
------------
Running 'pdflatex  -synctex=1 -interaction=nonstopmode -file-line-error -recorder  "/home/vadim/Edu/Github/calculus_lab_1/tex/report.tex"'
------------
This is pdfTeX, Version 3.141592653-2.6-1.40.26 (TeX Live 2024/Arch Linux) (preloaded format=pdflatex)
 restricted \write18 enabled.
entering extended mode
(/home/vadim/Edu/Github/calculus_lab_1/tex/report.tex
LaTeX2e <2023-11-01> patch level 1
L3 programming layer <2024-02-20>
(/usr/share/texmf-dist/tex/latex/base/article.cls
Document Class: article 2023/05/17 v1.4n Standard LaTeX document class
(/usr/share/texmf-dist/tex/latex/base/size12.clo)) (/usr/share/texmf-dist/tex/latex/base/inputenc.sty) (/usr/share/texmf-dist/tex/generic/babel/babel.sty (/usr/share/texmf-dist/tex/generic/babel/txtbabel.def) (/usr/share/texmf-dist/tex/generic/babel-russian/russianb.ldf

Package babel Warning: No hyphenation patterns were preloaded for
(babel)                the language 'Russian' into the format.
(babel)                Please, configure your TeX system to add them and
(babel)                rebuild the format. Now I will use the patterns
(babel)                preloaded for \language=0 instead on input line 32.


Package babel Warning: No Cyrillic font encoding has been loaded so far.
(babel)                A font encoding should be declared before babel.
(babel)                Default `T2A' encoding will be loaded  on input line 78.

(/usr/share/texmf-dist/tex/latex/cyrillic/t2aenc.def (/usr/share/texmf-dist/tex/latex/base/t2aenc.dfu)))) (/usr/share/texmf-dist/tex/generic/babel/locale/ru/babel-russian.tex) (/usr/share/texmf-dist/tex/latex/geometry/geometry.sty (/usr/share/texmf-dist/tex/latex/graphics/keyval.sty) (/usr/share/texmf-dist/tex/generic/iftex/ifvtex.sty (/usr/share/texmf-dist/tex/generic/iftex/iftex.sty))) (/usr/share/texmf-dist/tex/latex/l3backend/l3backend-pdftex.def) (./report.aux (/usr/share/texmf-dist/tex/latex/cyrillic/t2acmr.fd))
*geometry* driver: auto-detecting
*geometry* detected driver: pdftex
[1{/var/lib/texmf/fonts/map/pdftex/updmap/pdftex.map}{/usr/share/texmf-dist/fonts/enc/dvips/cm-super/cm-super-t2a.enc}] (./report.aux) )</usr/share/texmf-dist/fonts/type1/public/cm-super/sfbx1200.pfb></usr/share/texmf-dist/fonts/type1/public/cm-super/sfrm1200.pfb>
Output written on report.pdf (1 page, 43249 bytes).
SyncTeX written on report.synctex.gz.
Transcript written on report.log.
Latexmk: Getting log file 'report.log'
Latexmk: Examining 'report.fls'
Latexmk: Examining 'report.log'
Latexmk: Log file says output to 'report.pdf'
Latexmk: All targets (report.pdf) are up-to-date

Rc files read:
  NONE
Latexmk: This is Latexmk, John Collins, 31 Jan. 2024. Version 4.83.
Latexmk: Nothing to do for '/home/vadim/Edu/Github/calculus_lab_1/tex/report.tex'.
Latexmk: All targets (report.pdf) are up-to-date

Rc files read:
  NONE
Latexmk: This is Latexmk, John Collins, 31 Jan. 2024. Version 4.83.
Latexmk: applying rule 'pdflatex'...
Rule 'pdflatex':  Reasons for rerun
Changed files or newly in use/created:
  /var/lib/texmf/fonts/map/pdftex/updmap/pdftex.map
  /var/lib/texmf/web2c/pdftex/pdflatex.fmt
Category 'changed_user':
  /var/lib/texmf/fonts/map/pdftex/updmap/pdftex.map
  /var/lib/texmf/web2c/pdftex/pdflatex.fmt

------------
Run number 1 of rule 'pdflatex'
------------
------------
Running 'pdflatex  -synctex=1 -interaction=nonstopmode -file-line-error -recorder  "/home/vadim/Edu/Github/calculus_lab_1/tex/report.tex"'
------------
This is pdfTeX, Version 3.141592653-2.6-1.40.26 (TeX Live 2024/Arch Linux) (preloaded format=pdflatex)
 restricted \write18 enabled.
entering extended mode
(/home/vadim/Edu/Github/calculus_lab_1/tex/report.tex
LaTeX2e <2023-11-01> patch level 1
L3 programming layer <2024-02-20>
(/usr/share/texmf-dist/tex/latex/base/article.cls
Document Class: article 2023/05/17 v1.4n Standard LaTeX document class
(/usr/share/texmf-dist/tex/latex/base/size12.clo)) (/usr/share/texmf-dist/tex/latex/base/inputenc.sty) (/usr/share/texmf-dist/tex/generic/babel/babel.sty (/usr/share/texmf-dist/tex/generic/babel/txtbabel.def) (/usr/share/texmf-dist/tex/generic/babel-russian/russianb.ldf

Package babel Warning: No Cyrillic font encoding has been loaded so far.
(babel)                A font encoding should be declared before babel.
(babel)                Default `T2A' encoding will be loaded  on input line 78.

(/usr/share/texmf-dist/tex/latex/cyrillic/t2aenc.def (/usr/share/texmf-dist/tex/latex/base/t2aenc.dfu)))) (/usr/share/texmf-dist/tex/generic/babel/locale/ru/babel-russian.tex) (/usr/share/texmf-dist/tex/latex/geometry/geometry.sty (/usr/share/texmf-dist/tex/latex/graphics/keyval.sty) (/usr/share/texmf-dist/tex/generic/iftex/ifvtex.sty (/usr/share/texmf-dist/tex/generic/iftex/iftex.sty))) (/usr/share/texmf-dist/tex/latex/l3backend/l3backend-pdftex.def) (./report.aux (/usr/share/texmf-dist/tex/latex/cyrillic/t2acmr.fd))
*geometry* driver: auto-detecting
*geometry* detected driver: pdftex
[1{/var/lib/texmf/fonts/map/pdftex/updmap/pdftex.map}{/usr/share/texmf-dist/fonts/enc/dvips/cm-super/cm-super-t2a.enc}] (./report.aux) )</usr/share/texmf-dist/fonts/type1/public/cm-super/sfbx1200.pfb></usr/share/texmf-dist/fonts/type1/public/cm-super/sfrm1200.pfb>
Output written on report.pdf (1 page, 43249 bytes).
SyncTeX written on report.synctex.gz.
Transcript written on report.log.
Latexmk: Getting log file 'report.log'
Latexmk: Examining 'report.fls'
Latexmk: Examining 'report.log'
Latexmk: Log file says output to 'report.pdf'
Latexmk: All targets (report.pdf) are up-to-date

Rc files read:
  NONE
Latexmk: This is Latexmk, John Collins, 31 Jan. 2024. Version 4.83.
Latexmk: Nothing to do for '/home/vadim/Edu/Github/calculus_lab_1/tex/report.tex'.
Latexmk: All targets (report.pdf) are up-to-date

Rc files read:
  NONE
Latexmk: This is Latexmk, John Collins, 31 Jan. 2024. Version 4.83.
Latexmk: Nothing to do for '/home/vadim/Edu/Github/calculus_lab_1/tex/report.tex'.
Latexmk: All targets (report.pdf) are up-to-date

Rc files read:
  NONE
Latexmk: This is Latexmk, John Collins, 31 Jan. 2024. Version 4.83.
Latexmk: Nothing to do for '/home/vadim/Edu/Github/calculus_lab_1/tex/report.tex'.
Latexmk: All targets (report.pdf) are up-to-date

Rc files read:
  NONE
Latexmk: This is Latexmk, John Collins, 31 Jan. 2024. Version 4.83.
Latexmk: Nothing to do for '/home/vadim/Edu/Github/calculus_lab_1/tex/report.tex'.
Latexmk: All targets (report.pdf) are up-to-date

