2025-01-16 23:35:49.878 [info] Started local extension host with pid 12862.
2025-01-16 23:35:52.791 [info] [perf] Render performance baseline is 36ms
2025-01-16 23:35:55.797 [error] Timed out waiting for authentication provider to register
2025-01-16 23:41:00.973 [error] [ExtensionListenerError] Extension 'cschlosser.doxdocgen' FAILED to handle event: Error: Illegal value for `line`: Error: [ExtensionListenerError] Extension 'cschlosser.doxdocgen' FAILED to handle event: Error: Illegal value for `line`
	at kh.value (file:///usr/lib/code/out/vs/workbench/api/node/extensionHostProcess.js:157:35617)
	at P.B (file:///usr/lib/code/out/vs/workbench/api/node/extensionHostProcess.js:30:746)
	at P.C (file:///usr/lib/code/out/vs/workbench/api/node/extensionHostProcess.js:30:816)
	at P.fire (file:///usr/lib/code/out/vs/workbench/api/node/extensionHostProcess.js:30:1033)
	at zH.$acceptModelChanged (file:///usr/lib/code/out/vs/workbench/api/node/extensionHostProcess.js:138:106589)
	at Dy.S (file:///usr/lib/code/out/vs/workbench/api/node/extensionHostProcess.js:32:115275)
	at Dy.Q (file:///usr/lib/code/out/vs/workbench/api/node/extensionHostProcess.js:32:115055)
	at Dy.M (file:///usr/lib/code/out/vs/workbench/api/node/extensionHostProcess.js:32:114144)
	at Dy.L (file:///usr/lib/code/out/vs/workbench/api/node/extensionHostProcess.js:32:113249)
	at kh.value (file:///usr/lib/code/out/vs/workbench/api/node/extensionHostProcess.js:32:112046)
	at P.B (file:///usr/lib/code/out/vs/workbench/api/node/extensionHostProcess.js:30:746)
	at P.fire (file:///usr/lib/code/out/vs/workbench/api/node/extensionHostProcess.js:30:964)
	at Vn.fire (file:///usr/lib/code/out/vs/workbench/api/node/extensionHostProcess.js:32:9457)
	at kh.value (file:///usr/lib/code/out/vs/workbench/api/node/extensionHostProcess.js:175:13296)
	at P.B (file:///usr/lib/code/out/vs/workbench/api/node/extensionHostProcess.js:30:746)
	at P.fire (file:///usr/lib/code/out/vs/workbench/api/node/extensionHostProcess.js:30:964)
	at Vn.fire (file:///usr/lib/code/out/vs/workbench/api/node/extensionHostProcess.js:32:9457)
	at MessagePortMain.<anonymous> (file:///usr/lib/code/out/vs/workbench/api/node/extensionHostProcess.js:175:11588)
	at MessagePortMain.emit (node:events:518:28)
	at MessagePortMain._internalPort.emit (node:electron/js2c/utility_init:2:2949)
2025-01-16 23:48:05.158 [error] [ExtensionListenerError] Extension 'cschlosser.doxdocgen' FAILED to handle event: Error: Illegal value for `line`: Error: [ExtensionListenerError] Extension 'cschlosser.doxdocgen' FAILED to handle event: Error: Illegal value for `line`
	at kh.value (file:///usr/lib/code/out/vs/workbench/api/node/extensionHostProcess.js:157:35617)
	at P.B (file:///usr/lib/code/out/vs/workbench/api/node/extensionHostProcess.js:30:746)
	at P.C (file:///usr/lib/code/out/vs/workbench/api/node/extensionHostProcess.js:30:816)
	at P.fire (file:///usr/lib/code/out/vs/workbench/api/node/extensionHostProcess.js:30:1033)
	at zH.$acceptModelChanged (file:///usr/lib/code/out/vs/workbench/api/node/extensionHostProcess.js:138:106589)
	at Dy.S (file:///usr/lib/code/out/vs/workbench/api/node/extensionHostProcess.js:32:115275)
	at Dy.Q (file:///usr/lib/code/out/vs/workbench/api/node/extensionHostProcess.js:32:115055)
	at Dy.M (file:///usr/lib/code/out/vs/workbench/api/node/extensionHostProcess.js:32:114144)
	at Dy.L (file:///usr/lib/code/out/vs/workbench/api/node/extensionHostProcess.js:32:113249)
	at kh.value (file:///usr/lib/code/out/vs/workbench/api/node/extensionHostProcess.js:32:112046)
	at P.B (file:///usr/lib/code/out/vs/workbench/api/node/extensionHostProcess.js:30:746)
	at P.fire (file:///usr/lib/code/out/vs/workbench/api/node/extensionHostProcess.js:30:964)
	at Vn.fire (file:///usr/lib/code/out/vs/workbench/api/node/extensionHostProcess.js:32:9457)
	at kh.value (file:///usr/lib/code/out/vs/workbench/api/node/extensionHostProcess.js:175:13296)
	at P.B (file:///usr/lib/code/out/vs/workbench/api/node/extensionHostProcess.js:30:746)
	at P.fire (file:///usr/lib/code/out/vs/workbench/api/node/extensionHostProcess.js:30:964)
	at Vn.fire (file:///usr/lib/code/out/vs/workbench/api/node/extensionHostProcess.js:32:9457)
	at MessagePortMain.<anonymous> (file:///usr/lib/code/out/vs/workbench/api/node/extensionHostProcess.js:175:11588)
	at MessagePortMain.emit (node:events:518:28)
	at MessagePortMain._internalPort.emit (node:electron/js2c/utility_init:2:2949)
2025-01-16 23:55:17.075 [error] [ExtensionListenerError] Extension 'cschlosser.doxdocgen' FAILED to handle event: Error: Illegal value for `line`: Error: [ExtensionListenerError] Extension 'cschlosser.doxdocgen' FAILED to handle event: Error: Illegal value for `line`
	at kh.value (file:///usr/lib/code/out/vs/workbench/api/node/extensionHostProcess.js:157:35617)
	at P.B (file:///usr/lib/code/out/vs/workbench/api/node/extensionHostProcess.js:30:746)
	at P.C (file:///usr/lib/code/out/vs/workbench/api/node/extensionHostProcess.js:30:816)
	at P.fire (file:///usr/lib/code/out/vs/workbench/api/node/extensionHostProcess.js:30:1033)
	at zH.$acceptModelChanged (file:///usr/lib/code/out/vs/workbench/api/node/extensionHostProcess.js:138:106589)
	at Dy.S (file:///usr/lib/code/out/vs/workbench/api/node/extensionHostProcess.js:32:115275)
	at Dy.Q (file:///usr/lib/code/out/vs/workbench/api/node/extensionHostProcess.js:32:115055)
	at Dy.M (file:///usr/lib/code/out/vs/workbench/api/node/extensionHostProcess.js:32:114144)
	at Dy.L (file:///usr/lib/code/out/vs/workbench/api/node/extensionHostProcess.js:32:113249)
	at kh.value (file:///usr/lib/code/out/vs/workbench/api/node/extensionHostProcess.js:32:112046)
	at P.B (file:///usr/lib/code/out/vs/workbench/api/node/extensionHostProcess.js:30:746)
	at P.fire (file:///usr/lib/code/out/vs/workbench/api/node/extensionHostProcess.js:30:964)
	at Vn.fire (file:///usr/lib/code/out/vs/workbench/api/node/extensionHostProcess.js:32:9457)
	at kh.value (file:///usr/lib/code/out/vs/workbench/api/node/extensionHostProcess.js:175:13296)
	at P.B (file:///usr/lib/code/out/vs/workbench/api/node/extensionHostProcess.js:30:746)
	at P.fire (file:///usr/lib/code/out/vs/workbench/api/node/extensionHostProcess.js:30:964)
	at Vn.fire (file:///usr/lib/code/out/vs/workbench/api/node/extensionHostProcess.js:32:9457)
	at MessagePortMain.<anonymous> (file:///usr/lib/code/out/vs/workbench/api/node/extensionHostProcess.js:175:11588)
	at MessagePortMain.emit (node:events:518:28)
	at MessagePortMain._internalPort.emit (node:electron/js2c/utility_init:2:2949)
2025-01-17 00:00:49.014 [error] [ExtensionListenerError] Extension 'cschlosser.doxdocgen' FAILED to handle event: Error: Illegal value for `line`: Error: [ExtensionListenerError] Extension 'cschlosser.doxdocgen' FAILED to handle event: Error: Illegal value for `line`
	at kh.value (file:///usr/lib/code/out/vs/workbench/api/node/extensionHostProcess.js:157:35617)
	at P.B (file:///usr/lib/code/out/vs/workbench/api/node/extensionHostProcess.js:30:746)
	at P.C (file:///usr/lib/code/out/vs/workbench/api/node/extensionHostProcess.js:30:816)
	at P.fire (file:///usr/lib/code/out/vs/workbench/api/node/extensionHostProcess.js:30:1033)
	at zH.$acceptModelChanged (file:///usr/lib/code/out/vs/workbench/api/node/extensionHostProcess.js:138:106589)
	at Dy.S (file:///usr/lib/code/out/vs/workbench/api/node/extensionHostProcess.js:32:115275)
	at Dy.Q (file:///usr/lib/code/out/vs/workbench/api/node/extensionHostProcess.js:32:115055)
	at Dy.M (file:///usr/lib/code/out/vs/workbench/api/node/extensionHostProcess.js:32:114144)
	at Dy.L (file:///usr/lib/code/out/vs/workbench/api/node/extensionHostProcess.js:32:113249)
	at kh.value (file:///usr/lib/code/out/vs/workbench/api/node/extensionHostProcess.js:32:112046)
	at P.B (file:///usr/lib/code/out/vs/workbench/api/node/extensionHostProcess.js:30:746)
	at P.fire (file:///usr/lib/code/out/vs/workbench/api/node/extensionHostProcess.js:30:964)
	at Vn.fire (file:///usr/lib/code/out/vs/workbench/api/node/extensionHostProcess.js:32:9457)
	at kh.value (file:///usr/lib/code/out/vs/workbench/api/node/extensionHostProcess.js:175:13296)
	at P.B (file:///usr/lib/code/out/vs/workbench/api/node/extensionHostProcess.js:30:746)
	at P.fire (file:///usr/lib/code/out/vs/workbench/api/node/extensionHostProcess.js:30:964)
	at Vn.fire (file:///usr/lib/code/out/vs/workbench/api/node/extensionHostProcess.js:32:9457)
	at MessagePortMain.<anonymous> (file:///usr/lib/code/out/vs/workbench/api/node/extensionHostProcess.js:175:11588)
	at MessagePortMain.emit (node:events:518:28)
	at MessagePortMain._internalPort.emit (node:electron/js2c/utility_init:2:2949)
2025-01-17 00:10:48.475 [error] [ExtensionListenerError] Extension 'cschlosser.doxdocgen' FAILED to handle event: Error: Illegal value for `line`: Error: [ExtensionListenerError] Extension 'cschlosser.doxdocgen' FAILED to handle event: Error: Illegal value for `line`
	at kh.value (file:///usr/lib/code/out/vs/workbench/api/node/extensionHostProcess.js:157:35617)
	at P.B (file:///usr/lib/code/out/vs/workbench/api/node/extensionHostProcess.js:30:746)
	at P.C (file:///usr/lib/code/out/vs/workbench/api/node/extensionHostProcess.js:30:816)
	at P.fire (file:///usr/lib/code/out/vs/workbench/api/node/extensionHostProcess.js:30:1033)
	at zH.$acceptModelChanged (file:///usr/lib/code/out/vs/workbench/api/node/extensionHostProcess.js:138:106589)
	at Dy.S (file:///usr/lib/code/out/vs/workbench/api/node/extensionHostProcess.js:32:115275)
	at Dy.Q (file:///usr/lib/code/out/vs/workbench/api/node/extensionHostProcess.js:32:115055)
	at Dy.M (file:///usr/lib/code/out/vs/workbench/api/node/extensionHostProcess.js:32:114144)
	at Dy.L (file:///usr/lib/code/out/vs/workbench/api/node/extensionHostProcess.js:32:113249)
	at kh.value (file:///usr/lib/code/out/vs/workbench/api/node/extensionHostProcess.js:32:112046)
	at P.B (file:///usr/lib/code/out/vs/workbench/api/node/extensionHostProcess.js:30:746)
	at P.fire (file:///usr/lib/code/out/vs/workbench/api/node/extensionHostProcess.js:30:964)
	at Vn.fire (file:///usr/lib/code/out/vs/workbench/api/node/extensionHostProcess.js:32:9457)
	at kh.value (file:///usr/lib/code/out/vs/workbench/api/node/extensionHostProcess.js:175:13296)
	at P.B (file:///usr/lib/code/out/vs/workbench/api/node/extensionHostProcess.js:30:746)
	at P.fire (file:///usr/lib/code/out/vs/workbench/api/node/extensionHostProcess.js:30:964)
	at Vn.fire (file:///usr/lib/code/out/vs/workbench/api/node/extensionHostProcess.js:32:9457)
	at MessagePortMain.<anonymous> (file:///usr/lib/code/out/vs/workbench/api/node/extensionHostProcess.js:175:11588)
	at MessagePortMain.emit (node:events:518:28)
	at MessagePortMain._internalPort.emit (node:electron/js2c/utility_init:2:2949)
