2025-01-17 03:22:46.130 [warning] Dir "/home/vadim/Edu/polygon/.pixi/envs" is not watchable (directory does not exist)
2025-01-17 03:22:46.130 [error] Unable to check if shell integration is active [Error: Extension 'ms-python.python' CANNOT use API proposal: terminalDataWriteEvent.
Its package.json#enabledApiProposals-property declares:  but NOT terminalDataWriteEvent.
 The missing proposal MUST be added and you must start in extension development mode or use the following command line switch: --enable-proposed-api ms-python.python
	at L (file:///usr/lib/code/out/vs/workbench/api/node/extensionHostProcess.js:113:16650)
	at a.onDidWriteTerminalData (file:///usr/lib/code/out/vs/workbench/api/node/extensionHostProcess.js:157:46493)
	at new v (/home/vadim/.vscode-oss/extensions/ms-python.python-2024.23.0-dev-universal/out/client/extension.js:2:876902)
	at ge (/home/vadim/.vscode-oss/extensions/ms-python.python-2024.23.0-dev-universal/out/client/extension.js:2:1680794)
	at /home/vadim/.vscode-oss/extensions/ms-python.python-2024.23.0-dev-universal/out/client/extension.js:2:1684158
	at /home/vadim/.vscode-oss/extensions/ms-python.python-2024.23.0-dev-universal/out/client/extension.js:2:1684186
	at Se (/home/vadim/.vscode-oss/extensions/ms-python.python-2024.23.0-dev-universal/out/client/extension.js:2:1684253)
	at /home/vadim/.vscode-oss/extensions/ms-python.python-2024.23.0-dev-universal/out/client/extension.js:2:1684733
	at we (/home/vadim/.vscode-oss/extensions/ms-python.python-2024.23.0-dev-universal/out/client/extension.js:2:1684674)
	at Pe (/home/vadim/.vscode-oss/extensions/ms-python.python-2024.23.0-dev-universal/out/client/extension.js:2:1684708)
	at /home/vadim/.vscode-oss/extensions/ms-python.python-2024.23.0-dev-universal/out/client/extension.js:2:1681947
	at /home/vadim/.vscode-oss/extensions/ms-python.python-2024.23.0-dev-universal/out/client/extension.js:2:1683552
	at Array.reduce (<anonymous>)
	at /home/vadim/.vscode-oss/extensions/ms-python.python-2024.23.0-dev-universal/out/client/extension.js:2:1683524
	at /home/vadim/.vscode-oss/extensions/ms-python.python-2024.23.0-dev-universal/out/client/extension.js:2:1683806
	at /home/vadim/.vscode-oss/extensions/ms-python.python-2024.23.0-dev-universal/out/client/extension.js:2:1684186
	at Se (/home/vadim/.vscode-oss/extensions/ms-python.python-2024.23.0-dev-universal/out/client/extension.js:2:1684253)
	at /home/vadim/.vscode-oss/extensions/ms-python.python-2024.23.0-dev-universal/out/client/extension.js:2:1684733
	at we (/home/vadim/.vscode-oss/extensions/ms-python.python-2024.23.0-dev-universal/out/client/extension.js:2:1684674)
	at Pe (/home/vadim/.vscode-oss/extensions/ms-python.python-2024.23.0-dev-universal/out/client/extension.js:2:1684708)
	at /home/vadim/.vscode-oss/extensions/ms-python.python-2024.23.0-dev-universal/out/client/extension.js:2:1681947
	at /home/vadim/.vscode-oss/extensions/ms-python.python-2024.23.0-dev-universal/out/client/extension.js:2:1711617
	at /home/vadim/.vscode-oss/extensions/ms-python.python-2024.23.0-dev-universal/out/client/extension.js:2:1711638
	at e._get (/home/vadim/.vscode-oss/extensions/ms-python.python-2024.23.0-dev-universal/out/client/extension.js:2:1710651)
	at e._getButThrowIfAsync (/home/vadim/.vscode-oss/extensions/ms-python.python-2024.23.0-dev-universal/out/client/extension.js:2:1710711)
	at e.get (/home/vadim/.vscode-oss/extensions/ms-python.python-2024.23.0-dev-universal/out/client/extension.js:2:1706420)
	at e.dynamicValue (/home/vadim/.vscode-oss/extensions/ms-python.python-2024.23.0-dev-universal/out/client/extension.js:2:1696153)
	at /home/vadim/.vscode-oss/extensions/ms-python.python-2024.23.0-dev-universal/out/client/extension.js:2:1682330
	at Ee (/home/vadim/.vscode-oss/extensions/ms-python.python-2024.23.0-dev-universal/out/client/extension.js:2:1682586)
	at Se (/home/vadim/.vscode-oss/extensions/ms-python.python-2024.23.0-dev-universal/out/client/extension.js:2:1684302)
	at /home/vadim/.vscode-oss/extensions/ms-python.python-2024.23.0-dev-universal/out/client/extension.js:2:1684733
	at we (/home/vadim/.vscode-oss/extensions/ms-python.python-2024.23.0-dev-universal/out/client/extension.js:2:1684674)
	at Pe (/home/vadim/.vscode-oss/extensions/ms-python.python-2024.23.0-dev-universal/out/client/extension.js:2:1684708)
	at /home/vadim/.vscode-oss/extensions/ms-python.python-2024.23.0-dev-universal/out/client/extension.js:2:1681947
	at /home/vadim/.vscode-oss/extensions/ms-python.python-2024.23.0-dev-universal/out/client/extension.js:2:1681881
	at Array.map (<anonymous>)
	at /home/vadim/.vscode-oss/extensions/ms-python.python-2024.23.0-dev-universal/out/client/extension.js:2:1681852
	at /home/vadim/.vscode-oss/extensions/ms-python.python-2024.23.0-dev-universal/out/client/extension.js:2:1683552
	at Array.reduce (<anonymous>)
	at /home/vadim/.vscode-oss/extensions/ms-python.python-2024.23.0-dev-universal/out/client/extension.js:2:1683524
	at /home/vadim/.vscode-oss/extensions/ms-python.python-2024.23.0-dev-universal/out/client/extension.js:2:1683806
	at /home/vadim/.vscode-oss/extensions/ms-python.python-2024.23.0-dev-universal/out/client/extension.js:2:1684186
	at Se (/home/vadim/.vscode-oss/extensions/ms-python.python-2024.23.0-dev-universal/out/client/extension.js:2:1684253)
	at /home/vadim/.vscode-oss/extensions/ms-python.python-2024.23.0-dev-universal/out/client/extension.js:2:1684733
	at we (/home/vadim/.vscode-oss/extensions/ms-python.python-2024.23.0-dev-universal/out/client/extension.js:2:1684674)
	at Pe (/home/vadim/.vscode-oss/extensions/ms-python.python-2024.23.0-dev-universal/out/client/extension.js:2:1684708)
	at /home/vadim/.vscode-oss/extensions/ms-python.python-2024.23.0-dev-universal/out/client/extension.js:2:1681947
	at /home/vadim/.vscode-oss/extensions/ms-python.python-2024.23.0-dev-universal/out/client/extension.js:2:1711617
	at /home/vadim/.vscode-oss/extensions/ms-python.python-2024.23.0-dev-universal/out/client/extension.js:2:1711638
	at e._get (/home/vadim/.vscode-oss/extensions/ms-python.python-2024.23.0-dev-universal/out/client/extension.js:2:1710651)
	at e._getButThrowIfAsync (/home/vadim/.vscode-oss/extensions/ms-python.python-2024.23.0-dev-universal/out/client/extension.js:2:1710711)
	at e.get (/home/vadim/.vscode-oss/extensions/ms-python.python-2024.23.0-dev-universal/out/client/extension.js:2:1706420)
	at a.get (/home/vadim/.vscode-oss/extensions/ms-python.python-2024.23.0-dev-universal/out/client/extension.js:2:537217)
	at /home/vadim/.vscode-oss/extensions/ms-python.python-2024.23.0-dev-universal/out/client/extension.js:2:452115
	at async t.activateComponents (/home/vadim/.vscode-oss/extensions/ms-python.python-2024.23.0-dev-universal/out/client/extension.js:2:450395)
	at async /home/vadim/.vscode-oss/extensions/ms-python.python-2024.23.0-dev-universal/out/client/extension.js:2:2636378
	at async e (/home/vadim/.vscode-oss/extensions/ms-python.python-2024.23.0-dev-universal/out/client/extension.js:2:2635910)
	at async K0.n (file:///usr/lib/code/out/vs/workbench/api/node/extensionHostProcess.js:115:4447)
	at async K0.m (file:///usr/lib/code/out/vs/workbench/api/node/extensionHostProcess.js:115:4410)
	at async K0.l (file:///usr/lib/code/out/vs/workbench/api/node/extensionHostProcess.js:115:3866)]
2025-01-17 03:22:46.130 [info] Starting Environment refresh
2025-01-17 03:22:46.130 [info] > hatch env show --json
2025-01-17 03:22:46.130 [info] cwd: .
2025-01-17 03:22:46.130 [info] Starting Environment refresh
2025-01-17 03:22:46.181 [info] > /bin/python -I ~/.vscode-oss/extensions/ms-python.python-2024.23.0-dev-universal/python_files/get_output_via_markers.py ~/.vscode-oss/extensions/ms-python.python-2024.23.0-dev-universal/python_files/interpreterInfo.py
2025-01-17 03:22:46.181 [info] Environments refresh paths discovered: 140 milliseconds
2025-01-17 03:22:46.181 [info] Environments refresh paths discovered: 60 milliseconds
2025-01-17 03:22:46.219 [info] Environments refresh finished (event): 177 milliseconds
2025-01-17 03:22:46.219 [info] Environments refresh finished (event): 98 milliseconds
2025-01-17 03:22:46.221 [info] Python interpreter path: /bin/python
2025-01-17 03:22:46.223 [info] Environment refresh took 183 milliseconds
2025-01-17 03:22:46.224 [info] Environment refresh took 103 milliseconds
2025-01-17 03:22:46.229 [info] > pyenv which python
2025-01-17 03:22:46.229 [info] cwd: .
2025-01-17 03:22:46.248 [error] [
  'Failed to activate a workspace, Class name = v, completed in 208ms, has a falsy return value, Arg 1: <Uri:/home/vadim/Edu/polygon>, Arg 2: {"started":1737073365984}, Return Value: undefined',
  [Error: Extension 'ms-python.python' CANNOT use API proposal: testObserver.
  Its package.json#enabledApiProposals-property declares:  but NOT testObserver.
   The missing proposal MUST be added and you must start in extension development mode or use the following command line switch: --enable-proposed-api ms-python.python
  	at L (file:///usr/lib/code/out/vs/workbench/api/node/extensionHostProcess.js:113:16650)
  	at get testResults (file:///usr/lib/code/out/vs/workbench/api/node/extensionHostProcess.js:157:39656)
  	at C.activate (/home/vadim/.vscode-oss/extensions/ms-python.python-2024.23.0-dev-universal/out/client/extension.js:2:906574)
  	at /home/vadim/.vscode-oss/extensions/ms-python.python-2024.23.0-dev-universal/out/client/extension.js:2:2457
  	at Array.map (<anonymous>)
  	at v.activateWorkspace (/home/vadim/.vscode-oss/extensions/ms-python.python-2024.23.0-dev-universal/out/client/extension.js:2:2447)]
]
2025-01-17 03:22:46.248 [error] Failure during activation. [Error: Extension 'ms-python.python' CANNOT use API proposal: testObserver.
Its package.json#enabledApiProposals-property declares:  but NOT testObserver.
 The missing proposal MUST be added and you must start in extension development mode or use the following command line switch: --enable-proposed-api ms-python.python
	at L (file:///usr/lib/code/out/vs/workbench/api/node/extensionHostProcess.js:113:16650)
	at get testResults (file:///usr/lib/code/out/vs/workbench/api/node/extensionHostProcess.js:157:39656)
	at C.activate (/home/vadim/.vscode-oss/extensions/ms-python.python-2024.23.0-dev-universal/out/client/extension.js:2:906574)
	at /home/vadim/.vscode-oss/extensions/ms-python.python-2024.23.0-dev-universal/out/client/extension.js:2:2457
	at Array.map (<anonymous>)
	at v.activateWorkspace (/home/vadim/.vscode-oss/extensions/ms-python.python-2024.23.0-dev-universal/out/client/extension.js:2:2447)]
2025-01-17 03:22:46.248 [error] sendStartupTelemetry() failed. [Error: Extension 'ms-python.python' CANNOT use API proposal: testObserver.
Its package.json#enabledApiProposals-property declares:  but NOT testObserver.
 The missing proposal MUST be added and you must start in extension development mode or use the following command line switch: --enable-proposed-api ms-python.python
	at L (file:///usr/lib/code/out/vs/workbench/api/node/extensionHostProcess.js:113:16650)
	at get testResults (file:///usr/lib/code/out/vs/workbench/api/node/extensionHostProcess.js:157:39656)
	at C.activate (/home/vadim/.vscode-oss/extensions/ms-python.python-2024.23.0-dev-universal/out/client/extension.js:2:906574)
	at /home/vadim/.vscode-oss/extensions/ms-python.python-2024.23.0-dev-universal/out/client/extension.js:2:2457
	at Array.map (<anonymous>)
	at v.activateWorkspace (/home/vadim/.vscode-oss/extensions/ms-python.python-2024.23.0-dev-universal/out/client/extension.js:2:2447)]
2025-01-17 03:22:47.290 [info] Starting Jedi language server for polygon.
2025-01-17 03:23:04.653 [info] Discover tests for workspace name: polygon - uri: /home/vadim/Edu/polygon/test.py
2025-01-17 03:23:04.897 [info] CreateEnv Trigger - Skipping for /home/vadim/Edu/polygon/test.py
2025-01-17 03:23:15.649 [info] Discover tests for workspace name: polygon - uri: /home/vadim/Edu/polygon/test.py
2025-01-17 03:23:29.049 [info] Discover tests for workspace name: polygon - uri: /home/vadim/Edu/polygon/test.py
