2025-01-05 15:33:20.785 [info] Reading sessions from keychain...
2025-01-05 15:33:20.785 [info] Getting sessions for all scopes...
2025-01-05 15:33:20.785 [info] Getting sessions for all scopes...
2025-01-05 15:33:20.785 [info] Getting sessions for read:user,repo,user:email,workflow...
2025-01-05 15:33:20.785 [info] Got stored sessions!
2025-01-05 15:33:20.785 [info] Got 1 verified sessions.
2025-01-05 15:33:20.785 [info] Got 1 sessions for ...
2025-01-05 15:33:20.785 [info] Got 1 sessions for ...
2025-01-05 15:33:20.785 [info] Got 1 sessions for read:user,repo,user:email,workflow...
2025-01-05 15:33:21.269 [info] Getting sessions for read:user,repo,user:email,workflow...
2025-01-05 15:33:21.269 [info] Got 1 sessions for read:user,repo,user:email,workflow...
2025-01-05 15:33:21.924 [info] Getting sessions for all scopes...
2025-01-05 15:33:21.924 [info] Got 1 sessions for ...
2025-01-05 15:35:27.735 [info] Getting sessions for read:user,repo,user:email,workflow...
2025-01-05 15:35:27.735 [info] Got 1 sessions for read:user,repo,user:email,workflow...
2025-01-05 15:36:38.573 [info] Getting sessions for read:user,repo,user:email,workflow...
2025-01-05 15:36:38.573 [info] Got 1 sessions for read:user,repo,user:email,workflow...
2025-01-05 16:20:32.138 [info] Getting sessions for read:user,repo,user:email,workflow...
2025-01-05 16:20:32.138 [info] Got 1 sessions for read:user,repo,user:email,workflow...
2025-01-05 23:21:16.769 [info] Getting sessions for read:user,repo,user:email,workflow...
2025-01-05 23:21:16.769 [info] Got 1 sessions for read:user,repo,user:email,workflow...
