2025-01-06 15:41:17.887 [info] Reading sessions from keychain...
2025-01-06 15:41:17.887 [info] Getting sessions for all scopes...
2025-01-06 15:41:17.887 [info] Getting sessions for all scopes...
2025-01-06 15:41:17.904 [info] Getting sessions for read:user,repo,user:email,workflow...
2025-01-06 15:41:17.905 [info] Got stored sessions!
2025-01-06 15:41:17.905 [info] Got 1 verified sessions.
2025-01-06 15:41:17.906 [info] Got 1 sessions for ...
2025-01-06 15:41:17.906 [info] Got 1 sessions for ...
2025-01-06 15:41:17.906 [info] Got 1 sessions for read:user,repo,user:email,workflow...
2025-01-06 15:41:18.364 [info] Getting sessions for read:user,repo,user:email,workflow...
2025-01-06 15:41:18.364 [info] Got 1 sessions for read:user,repo,user:email,workflow...
2025-01-06 15:41:19.984 [info] Getting sessions for all scopes...
2025-01-06 15:41:19.984 [info] Got 1 sessions for ...
2025-01-06 15:41:27.485 [info] Reading sessions from keychain...
2025-01-06 15:41:27.485 [info] Getting sessions for all scopes...
2025-01-06 15:41:27.485 [info] Getting sessions for all scopes...
2025-01-06 15:41:27.485 [info] Got stored sessions!
2025-01-06 15:41:27.485 [info] Got 1 verified sessions.
2025-01-06 15:41:27.485 [info] Got 1 sessions for ...
2025-01-06 15:41:27.485 [info] Got 1 sessions for ...
2025-01-06 15:41:27.485 [info] Getting sessions for read:user,repo,user:email,workflow...
2025-01-06 15:41:27.485 [info] Got 1 sessions for read:user,repo,user:email,workflow...
2025-01-06 15:41:27.885 [info] Getting sessions for read:user,repo,user:email,workflow...
2025-01-06 15:41:27.885 [info] Got 1 sessions for read:user,repo,user:email,workflow...
2025-01-06 15:42:58.528 [info] Getting sessions for read:user,repo,user:email,workflow...
2025-01-06 15:42:58.528 [info] Got 1 sessions for read:user,repo,user:email,workflow...
