2025-01-06 13:26:43.984 [info] Added views:outline in workbench.view.explorer
2025-01-06 13:26:43.984 [info] Added views:workbench.view.search in workbench.view.search
2025-01-06 13:26:43.984 [info] Added views:workbench.scm in workbench.view.scm
2025-01-06 13:26:43.984 [info] Added views:workbench.panel.markers.view in workbench.panel.markers
2025-01-06 13:26:43.984 [info] Added views:workbench.panel.output in workbench.panel.output
2025-01-06 13:26:43.984 [info] Added views:terminal in terminal
2025-01-06 13:26:43.984 [info] Added views:timeline in workbench.view.explorer
2025-01-06 13:26:43.985 [info] Added views:workbench.explorer.fileView in workbench.view.explorer
2025-01-06 13:26:44.519 [info] Added views:workbench.debug.welcome in workbench.view.debug
2025-01-06 13:26:46.242 [info] Added views:workbench.panel.repl.view in workbench.panel.repl
2025-01-06 13:26:47.184 [info] Added views:~remote.forwardedPorts in ~remote.forwardedPortsContainer
2025-01-06 13:26:47.417 [info] Added views:workbench.scm.history in workbench.view.scm
2025-01-06 13:26:49.532 [info] Removed views:workbench.scm.history from workbench.view.scm
2025-01-06 13:26:50.127 [info] Added views:outline in workbench.view.explorer
2025-01-06 13:26:50.127 [info] Added views:workbench.view.search in workbench.view.search
2025-01-06 13:26:50.127 [info] Added views:workbench.scm in workbench.view.scm
2025-01-06 13:26:50.127 [info] Added views:workbench.panel.markers.view in workbench.panel.markers
2025-01-06 13:26:50.127 [info] Added views:workbench.panel.output in workbench.panel.output
2025-01-06 13:26:50.127 [info] Added views:terminal in terminal
2025-01-06 13:26:50.127 [info] Added views:timeline in workbench.view.explorer
2025-01-06 13:26:50.127 [info] Added views:workbench.explorer.fileView in workbench.view.explorer
2025-01-06 13:26:51.017 [info] Added views:workbench.debug.variablesView,workbench.debug.watchExpressionsView,workbench.debug.callStackView,workbench.debug.breakPointsView in workbench.view.debug
2025-01-06 13:26:51.121 [info] Added views:~remote.forwardedPorts in ~remote.forwardedPortsContainer
2025-01-06 13:26:51.335 [info] Added views:workbench.panel.repl.view in workbench.panel.repl
2025-01-06 13:26:51.336 [info] Removed views:workbench.debug.breakPointsView,workbench.debug.callStackView,workbench.debug.watchExpressionsView,workbench.debug.variablesView from workbench.view.debug
2025-01-06 13:26:51.337 [info] Added views:workbench.debug.welcome in workbench.view.debug
2025-01-06 13:26:51.955 [info] Added views:workbench.scm.history in workbench.view.scm
2025-01-06 13:27:02.000 [info] Showing view workbench.scm.repositories in the container workbench.view.scm
2025-01-06 13:27:02.032 [info] Added views:workbench.scm.repositories in workbench.view.scm
2025-01-06 13:28:53.318 [info] Added views:workbench.view.testing in workbench.view.extension.test
2025-01-06 15:21:21.445 [info] Removed views:workbench.scm.history,workbench.scm.repositories from workbench.view.scm
2025-01-06 15:21:21.446 [info] Removed views:workbench.view.testing from workbench.view.extension.test
